#
# A fatal error has been detected by the Java Runtime Environment:
#
#  SIGSEGV (0xb) at pc=0x00007fe7d2d5606c, pid=94879, tid=94880
#
# JRE version: OpenJDK Runtime Environment (13.0.1+9) (build 13.0.1+9)
# Java VM: OpenJDK 64-Bit Server VM (13.0.1+9, mixed mode, sharing, tiered, compressed oops, g1 gc, linux-amd64)
# Problematic frame:
# V  [libjvm.so+0xd0906c]  Symbol::as_C_string() const+0xc
#
# Core dump will be written. Default location: Core dumps may be processed with "/lib/systemd/systemd-coredump %P %u %g %s %t 9223372036854775808 %h" (or dumping to /home/gabriel/Documents/github/PortifólioFullStack/Portifolio_Angular/core.94879)
#
# If you would like to submit a bug report, please visit:
#   http://bugreport.java.com/bugreport/crash.jsp
#

---------------  S U M M A R Y ------------

Command Line: -XX:+ExitOnOutOfMemoryError -XX:+HeapDumpOnOutOfMemoryError -XX:HeapDumpPath=/home/gabriel/.config/Code/User/globalStorage/redhat.vscode-xml -Xmx64M org.eclipse.lemminx.XMLServerLauncher

Host: 11th Gen Intel(R) Core(TM) i5-11300H @ 3.10GHz, 8 cores, 23G, Linux Mint 21.1 Vera
Time: Sun Oct  1 11:52:52 2023 -04 elapsed time: 0 seconds (0d 0h 0m 0s)

---------------  T H R E A D  ---------------

Current thread (0x00007fe7cc017000):  JavaThread "main" [_thread_in_vm, id=94880, stack(0x00007fe7d1e66000,0x00007fe7d1f66000)]

Stack: [0x00007fe7d1e66000,0x00007fe7d1f66000],  sp=0x00007fe7d1f63620,  free space=1013k
Native frames: (J=compiled Java code, A=aot compiled Java code, j=interpreted, Vv=VM code, C=native code)
V  [libjvm.so+0xd0906c]  Symbol::as_C_string() const+0xc
V  [libjvm.so+0xb4611a]  Method::print_external_name(outputStream*, Klass*, Symbol*, Symbol*)+0x2a
V  [libjvm.so+0xa3e8b3]  LinkResolver::resolve_method(LinkInfo const&, Bytecodes::Code, Thread*)+0x2e3
V  [libjvm.so+0xa40419]  LinkResolver::linktime_resolve_static_method(LinkInfo const&, Thread*)+0x49
V  [libjvm.so+0xa405bf]  LinkResolver::resolve_static_call(CallInfo&, LinkInfo const&, bool, Thread*)+0x2f
V  [libjvm.so+0xa433e3]  LinkResolver::resolve_invoke(CallInfo&, Handle, constantPoolHandle const&, int, Bytecodes::Code, Thread*)+0x283
V  [libjvm.so+0x82e3e6]  InterpreterRuntime::resolve_invoke(JavaThread*, Bytecodes::Code)+0x2d6
V  [libjvm.so+0x82e965]  InterpreterRuntime::resolve_from_cache(JavaThread*, Bytecodes::Code)+0x115
j  jdk.internal.misc.Unsafe.getShortUnaligned(Ljava/lang/Object;J)S+29 java.base@13.0.1
j  jdk.internal.misc.Unsafe.getShortUnaligned(Ljava/lang/Object;JZ)S+5 java.base@13.0.1
j  java.nio.HeapByteBuffer.getShort()S+21 java.base@13.0.1
j  sun.reflect.annotation.AnnotationParser.parseConst(ILjava/nio/ByteBuffer;Ljdk/internal/reflect/ConstantPool;)Ljava/lang/Object;+1 java.base@13.0.1
j  sun.reflect.annotation.AnnotationParser.parseMemberValue(Ljava/lang/Class;Ljava/nio/ByteBuffer;Ljdk/internal/reflect/ConstantPool;Ljava/lang/Class;)Ljava/lang/Object;+95 java.base@13.0.1
j  java.lang.reflect.Method.getDefaultValue()Ljava/lang/Object;+41 java.base@13.0.1
j  sun.reflect.annotation.AnnotationType.<init>(Ljava/lang/Class;)V+217 java.base@13.0.1
j  sun.reflect.annotation.AnnotationType.getInstance(Ljava/lang/Class;)Lsun/reflect/annotation/AnnotationType;+21 java.base@13.0.1
j  sun.reflect.annotation.AnnotationParser.parseAnnotation2(Ljava/nio/ByteBuffer;Ljdk/internal/reflect/ConstantPool;Ljava/lang/Class;Z[Ljava/lang/Class;)Ljava/lang/annotation/Annotation;+116 java.base@13.0.1
j  sun.reflect.annotation.AnnotationParser.parseAnnotations2([BLjdk/internal/reflect/ConstantPool;Ljava/lang/Class;[Ljava/lang/Class;)Ljava/util/Map;+41 java.base@13.0.1
j  sun.reflect.annotation.AnnotationParser.parseAnnotations([BLjdk/internal/reflect/ConstantPool;Ljava/lang/Class;)Ljava/util/Map;+12 java.base@13.0.1
j  java.lang.reflect.Executable.declaredAnnotations()Ljava/util/Map;+62 java.base@13.0.1
j  java.lang.reflect.Executable.declaredAnnotations()Ljava/util/Map;+35 java.base@13.0.1
j  java.lang.reflect.Executable.getAnnotation(Ljava/lang/Class;)Ljava/lang/annotation/Annotation;+7 java.base@13.0.1
j  java.lang.reflect.Method.getAnnotation(Ljava/lang/Class;)Ljava/lang/annotation/Annotation;+2 java.base@13.0.1
j  org.eclipse.lsp4j.jsonrpc.services.AnnotationUtil.createMethodInfo(Ljava/lang/reflect/Method;Ljava/lang/String;)Lorg/eclipse/lsp4j/jsonrpc/services/AnnotationUtil$MethodInfo;+10
j  org.eclipse.lsp4j.jsonrpc.services.AnnotationUtil.findRpcMethods(Ljava/lang/Class;Ljava/util/Set;Ljava/util/function/Consumer;)V+98
j  org.eclipse.lsp4j.jsonrpc.services.AnnotationUtil.findRpcMethods(Ljava/lang/Class;Ljava/util/Set;Ljava/util/function/Consumer;)V+53
j  org.eclipse.lsp4j.jsonrpc.services.ServiceEndpoints.getSupportedMethods(Ljava/lang/Class;Ljava/util/Set;)Ljava/util/Map;+16
j  org.eclipse.lsp4j.jsonrpc.services.ServiceEndpoints.getSupportedMethods(Ljava/lang/Class;)Ljava/util/Map;+10
j  org.eclipse.lsp4j.jsonrpc.Launcher$Builder.getSupportedMethods()Ljava/util/Map;+39
j  org.eclipse.lsp4j.jsonrpc.Launcher$Builder.createJsonHandler()Lorg/eclipse/lsp4j/jsonrpc/json/MessageJsonHandler;+1
j  org.eclipse.lsp4j.jsonrpc.Launcher$Builder.create()Lorg/eclipse/lsp4j/jsonrpc/Launcher;+69
j  org.eclipse.lemminx.XMLServerLauncher.createServerLauncher(Lorg/eclipse/lsp4j/services/LanguageServer;Ljava/io/InputStream;Ljava/io/OutputStream;Ljava/util/concurrent/ExecutorService;Ljava/util/function/Function;)Lorg/eclipse/lsp4j/jsonrpc/Launcher;+33
j  org.eclipse.lemminx.XMLServerLauncher.launch(Ljava/io/InputStream;Ljava/io/OutputStream;)Ljava/util/concurrent/Future;+46
j  org.eclipse.lemminx.XMLServerLauncher.main([Ljava/lang/String;)V+187
v  ~StubRoutines::call_stub
V  [libjvm.so+0x834959]  JavaCalls::call_helper(JavaValue*, methodHandle const&, JavaCallArguments*, Thread*)+0x319
V  [libjvm.so+0x8ab57e]  jni_invoke_static(JNIEnv_*, JavaValue*, _jobject*, JNICallType, _jmethodID*, JNI_ArgumentPusher*, Thread*) [clone .isra.83] [clone .constprop.254]+0x2ee
V  [libjvm.so+0x8ad721]  jni_CallStaticVoidMethod+0x151
C  [libjli.so+0x45f7]  JavaMain+0xcd7
C  [libjli.so+0x8669]  ThreadJavaMain+0x9

Java frames: (J=compiled Java code, j=interpreted, Vv=VM code)
j  jdk.internal.misc.Unsafe.getShortUnaligned(Ljava/lang/Object;J)S+29 java.base@13.0.1
j  jdk.internal.misc.Unsafe.getShortUnaligned(Ljava/lang/Object;JZ)S+5 java.base@13.0.1
j  java.nio.HeapByteBuffer.getShort()S+21 java.base@13.0.1
j  sun.reflect.annotation.AnnotationParser.parseConst(ILjava/nio/ByteBuffer;Ljdk/internal/reflect/ConstantPool;)Ljava/lang/Object;+1 java.base@13.0.1
j  sun.reflect.annotation.AnnotationParser.parseMemberValue(Ljava/lang/Class;Ljava/nio/ByteBuffer;Ljdk/internal/reflect/ConstantPool;Ljava/lang/Class;)Ljava/lang/Object;+95 java.base@13.0.1
j  java.lang.reflect.Method.getDefaultValue()Ljava/lang/Object;+41 java.base@13.0.1
j  sun.reflect.annotation.AnnotationType.<init>(Ljava/lang/Class;)V+217 java.base@13.0.1
j  sun.reflect.annotation.AnnotationType.getInstance(Ljava/lang/Class;)Lsun/reflect/annotation/AnnotationType;+21 java.base@13.0.1
j  sun.reflect.annotation.AnnotationParser.parseAnnotation2(Ljava/nio/ByteBuffer;Ljdk/internal/reflect/ConstantPool;Ljava/lang/Class;Z[Ljava/lang/Class;)Ljava/lang/annotation/Annotation;+116 java.base@13.0.1
j  sun.reflect.annotation.AnnotationParser.parseAnnotations2([BLjdk/internal/reflect/ConstantPool;Ljava/lang/Class;[Ljava/lang/Class;)Ljava/util/Map;+41 java.base@13.0.1
j  sun.reflect.annotation.AnnotationParser.parseAnnotations([BLjdk/internal/reflect/ConstantPool;Ljava/lang/Class;)Ljava/util/Map;+12 java.base@13.0.1
j  java.lang.reflect.Executable.declaredAnnotations()Ljava/util/Map;+62 java.base@13.0.1
j  java.lang.reflect.Executable.declaredAnnotations()Ljava/util/Map;+35 java.base@13.0.1
j  java.lang.reflect.Executable.getAnnotation(Ljava/lang/Class;)Ljava/lang/annotation/Annotation;+7 java.base@13.0.1
j  java.lang.reflect.Method.getAnnotation(Ljava/lang/Class;)Ljava/lang/annotation/Annotation;+2 java.base@13.0.1
j  org.eclipse.lsp4j.jsonrpc.services.AnnotationUtil.createMethodInfo(Ljava/lang/reflect/Method;Ljava/lang/String;)Lorg/eclipse/lsp4j/jsonrpc/services/AnnotationUtil$MethodInfo;+10
j  org.eclipse.lsp4j.jsonrpc.services.AnnotationUtil.findRpcMethods(Ljava/lang/Class;Ljava/util/Set;Ljava/util/function/Consumer;)V+98
j  org.eclipse.lsp4j.jsonrpc.services.AnnotationUtil.findRpcMethods(Ljava/lang/Class;Ljava/util/Set;Ljava/util/function/Consumer;)V+53
j  org.eclipse.lsp4j.jsonrpc.services.ServiceEndpoints.getSupportedMethods(Ljava/lang/Class;Ljava/util/Set;)Ljava/util/Map;+16
j  org.eclipse.lsp4j.jsonrpc.services.ServiceEndpoints.getSupportedMethods(Ljava/lang/Class;)Ljava/util/Map;+10
j  org.eclipse.lsp4j.jsonrpc.Launcher$Builder.getSupportedMethods()Ljava/util/Map;+39
j  org.eclipse.lsp4j.jsonrpc.Launcher$Builder.createJsonHandler()Lorg/eclipse/lsp4j/jsonrpc/json/MessageJsonHandler;+1
j  org.eclipse.lsp4j.jsonrpc.Launcher$Builder.create()Lorg/eclipse/lsp4j/jsonrpc/Launcher;+69
j  org.eclipse.lemminx.XMLServerLauncher.createServerLauncher(Lorg/eclipse/lsp4j/services/LanguageServer;Ljava/io/InputStream;Ljava/io/OutputStream;Ljava/util/concurrent/ExecutorService;Ljava/util/function/Function;)Lorg/eclipse/lsp4j/jsonrpc/Launcher;+33
j  org.eclipse.lemminx.XMLServerLauncher.launch(Ljava/io/InputStream;Ljava/io/OutputStream;)Ljava/util/concurrent/Future;+46
j  org.eclipse.lemminx.XMLServerLauncher.main([Ljava/lang/String;)V+187
v  ~StubRoutines::call_stub

siginfo: si_signo: 11 (SIGSEGV), si_code: 1 (SEGV_MAPERR), si_addr: 0x0000080800515c60

Register to memory mapping:

RAX=0x0 is NULL
RBX=0x00007fe7d1f636c0 is pointing into the stack for thread: 0x00007fe7cc017000
RCX=0x0000000800515c70 is pointing into metadata
RDX=0x0000000000000006 is an unknown value
RSP=0x00007fe7d1f63620 is pointing into the stack for thread: 0x00007fe7cc017000
RBP=0x00007fe7d1f63630 is pointing into the stack for thread: 0x00007fe7cc017000
RSI=0x0 is NULL
RDI=0x0000080800515c60 is an unknown value
R8 =0x00000000000007d0 is an unknown value
R9 =0x0 is NULL
R10=0x00007fe7cc0178e0 points into unknown readable memory: 02 00 00 00 e7 7f 00 00
R11=0x00007fe7d1f636b0 is pointing into the stack for thread: 0x00007fe7cc017000
R12=0x0000080800515c60 is an unknown value
R13=0x0000080800515c60 is an unknown value
R14=0x000000080033b990 is a pointer to class: 
jdk.internal.misc.Unsafe {0x000000080033b990}
R15=0x00007fe7d1f639e0 is pointing into the stack for thread: 0x00007fe7cc017000


Registers:
RAX=0x0000000000000000, RBX=0x00007fe7d1f636c0, RCX=0x0000000800515c70, RDX=0x0000000000000006
RSP=0x00007fe7d1f63620, RBP=0x00007fe7d1f63630, RSI=0x0000000000000000, RDI=0x0000080800515c60
R8 =0x00000000000007d0, R9 =0x0000000000000000, R10=0x00007fe7cc0178e0, R11=0x00007fe7d1f636b0
R12=0x0000080800515c60, R13=0x0000080800515c60, R14=0x000000080033b990, R15=0x00007fe7d1f639e0
RIP=0x00007fe7d2d5606c, EFLAGS=0x0000000000010246, CSGSFS=0x002b000000000033, ERR=0x0000000000000004
  TRAPNO=0x000000000000000e

Top of Stack: (sp=0x00007fe7d1f63620)
0x00007fe7d1f63620:   00007fe7d1f636c0 0000000800515c70
0x00007fe7d1f63630:   00007fe7d1f63660 00007fe7d2b9311a
0x00007fe7d1f63640:   00007fe7cc017000 00007fe7d1f63860
0x00007fe7d1f63650:   000000080033b990 00007fe7d1f636c0 

Instructions: (pc=0x00007fe7d2d5606c)
0x00007fe7d2d55f6c:   00 00 00 48 63 f6 44 0f b6 44 37 06 44 88 04 30
0x00007fe7d2d55f7c:   8d 72 07 39 f1 0f 8e 9c 00 00 00 48 63 f6 44 0f
0x00007fe7d2d55f8c:   b6 44 37 06 44 88 04 30 8d 72 08 39 f1 0f 8e 84
0x00007fe7d2d55f9c:   00 00 00 48 63 f6 44 0f b6 44 37 06 44 88 04 30
0x00007fe7d2d55fac:   8d 72 09 39 f1 7e 70 48 63 f6 44 0f b6 44 37 06
0x00007fe7d2d55fbc:   44 88 04 30 8d 72 0a 39 f1 7e 5c 48 63 f6 44 0f
0x00007fe7d2d55fcc:   b6 44 37 06 44 88 04 30 8d 72 0b 39 f1 7e 48 48
0x00007fe7d2d55fdc:   63 f6 44 0f b6 44 37 06 44 88 04 30 8d 72 0c 39
0x00007fe7d2d55fec:   f1 7e 34 48 63 f6 44 0f b6 44 37 06 44 88 04 30
0x00007fe7d2d55ffc:   8d 72 0d 39 f1 7e 20 48 63 f6 83 c2 0e 44 0f b6
0x00007fe7d2d5600c:   44 37 06 44 88 04 30 39 d1 7e 0c 48 63 d2 0f b6
0x00007fe7d2d5601c:   74 17 06 40 88 34 10 48 63 c9 c6 04 08 00 c3 0f
0x00007fe7d2d5602c:   1f 44 00 00 c3 0f 1f 80 00 00 00 00 89 d6 31 d2
0x00007fe7d2d5603c:   eb 05 66 90 4c 89 c2 44 0f b6 44 17 06 44 88 04
0x00007fe7d2d5604c:   10 4c 8d 42 01 48 39 f2 75 ea 48 63 c9 c6 04 08
0x00007fe7d2d5605c:   00 c3 66 90 55 31 f6 48 89 e5 41 54 49 89 fc 53
0x00007fe7d2d5606c:   8b 17 89 d3 c1 eb 10 8d 7b 01 48 63 ff e8 62 01
0x00007fe7d2d5607c:   f6 ff 41 8b 14 24 c1 ea 10 39 da 48 0f 4f d3 85
0x00007fe7d2d5608c:   d2 0f 84 a2 01 00 00 49 8d 74 24 06 48 8d 78 10
0x00007fe7d2d5609c:   48 39 f7 49 8d 74 24 16 8d 4a ff 40 0f 96 c7 48
0x00007fe7d2d560ac:   39 f0 40 0f 93 c6 40 08 f7 0f 84 85 01 00 00 83
0x00007fe7d2d560bc:   f9 0e 0f 86 7c 01 00 00 89 d6 31 c9 c1 ee 04 48
0x00007fe7d2d560cc:   c1 e6 04 90 f3 41 0f 6f 44 0c 06 0f 11 04 08 48
0x00007fe7d2d560dc:   83 c1 10 48 39 f1 75 ec 89 d1 83 e1 f0 39 ca 0f
0x00007fe7d2d560ec:   84 44 01 00 00 89 ce 41 0f b6 7c 34 06 40 88 3c
0x00007fe7d2d560fc:   30 8d 71 01 39 f2 0f 8e 2d 01 00 00 48 63 f6 41
0x00007fe7d2d5610c:   0f b6 7c 34 06 40 88 3c 30 8d 71 02 39 f2 0f 8e
0x00007fe7d2d5611c:   15 01 00 00 48 63 f6 41 0f b6 7c 34 06 40 88 3c
0x00007fe7d2d5612c:   30 8d 71 03 39 f2 0f 8e fd 00 00 00 48 63 f6 41
0x00007fe7d2d5613c:   0f b6 7c 34 06 40 88 3c 30 8d 71 04 39 f2 0f 8e
0x00007fe7d2d5614c:   e5 00 00 00 48 63 f6 41 0f b6 7c 34 06 40 88 3c
0x00007fe7d2d5615c:   30 8d 71 05 39 f2 0f 8e cd 00 00 00 48 63 f6 41 


Stack slot to memory mapping:
stack at sp + 0 slots: 0x00007fe7d1f636c0 is pointing into the stack for thread: 0x00007fe7cc017000
stack at sp + 1 slots: 0x0000000800515c70 is pointing into metadata
stack at sp + 2 slots: 0x00007fe7d1f63660 is pointing into the stack for thread: 0x00007fe7cc017000
stack at sp + 3 slots: 0x00007fe7d2b9311a: <offset 0x0000000000b4611a> in /opt/jdk-13.0.1/lib/server/libjvm.so at 0x00007fe7d204d000
stack at sp + 4 slots: 0x00007fe7cc017000 is a thread
stack at sp + 5 slots: 0x00007fe7d1f63860 is pointing into the stack for thread: 0x00007fe7cc017000
stack at sp + 6 slots: 0x000000080033b990 is a pointer to class: 
jdk.internal.misc.Unsafe {0x000000080033b990}
stack at sp + 7 slots: 0x00007fe7d1f636c0 is pointing into the stack for thread: 0x00007fe7cc017000


---------------  P R O C E S S  ---------------

Threads class SMR info:
_java_thread_list=0x00007fe7cc1c6010, length=10, elements={
0x00007fe7cc017000, 0x00007fe7cc0cd800, 0x00007fe7cc0cf800, 0x00007fe7cc0d5800,
0x00007fe7cc0d7800, 0x00007fe7cc0d9800, 0x00007fe7cc0db800, 0x00007fe7cc124800,
0x00007fe7cc129800, 0x00007fe7cc1c9800
}

Java Threads: ( => current thread )
=>0x00007fe7cc017000 JavaThread "main" [_thread_in_vm, id=94880, stack(0x00007fe7d1e66000,0x00007fe7d1f66000)]
  0x00007fe7cc0cd800 JavaThread "Reference Handler" daemon [_thread_blocked, id=94887, stack(0x00007fe7d0145000,0x00007fe7d0245000)]
  0x00007fe7cc0cf800 JavaThread "Finalizer" daemon [_thread_blocked, id=94888, stack(0x00007fe7d0045000,0x00007fe7d0145000)]
  0x00007fe7cc0d5800 JavaThread "Signal Dispatcher" daemon [_thread_blocked, id=94889, stack(0x00007fe7b4172000,0x00007fe7b4272000)]
  0x00007fe7cc0d7800 JavaThread "C2 CompilerThread0" daemon [_thread_blocked, id=94890, stack(0x00007fe7b4072000,0x00007fe7b4172000)]
  0x00007fe7cc0d9800 JavaThread "C1 CompilerThread0" daemon [_thread_blocked, id=94891, stack(0x00007fe7a598c000,0x00007fe7a5a8c000)]
  0x00007fe7cc0db800 JavaThread "Sweeper thread" daemon [_thread_blocked, id=94892, stack(0x00007fe7a588c000,0x00007fe7a598c000)]
  0x00007fe7cc124800 JavaThread "Service Thread" daemon [_thread_blocked, id=94893, stack(0x00007fe7a578c000,0x00007fe7a588c000)]
  0x00007fe7cc129800 JavaThread "Common-Cleaner" daemon [_thread_blocked, id=94895, stack(0x00007fe7a558a000,0x00007fe7a568a000)]
  0x00007fe7cc1c9800 JavaThread "pool-4-thread-1" [_thread_blocked, id=94896, stack(0x00007fe7a548a000,0x00007fe7a558a000)]

Other Threads:
  0x00007fe7cc0ca800 VMThread "VM Thread" [stack: 0x00007fe7d0247000,0x00007fe7d0347000] [id=94886]
  0x00007fe7cc127000 WatcherThread [stack: 0x00007fe7a568c000,0x00007fe7a578c000] [id=94894]
  0x00007fe7cc049000 GCTaskThread "GC Thread#0" [stack: 0x00007fe7d10b8000,0x00007fe7d11b8000] [id=94881]
  0x00007fe7cc04b800 ConcurrentGCThread "G1 Main Marker" [stack: 0x00007fe7d0fb6000,0x00007fe7d10b6000] [id=94882]
  0x00007fe7cc04d800 ConcurrentGCThread "G1 Conc#0" [stack: 0x00007fe7d0eb4000,0x00007fe7d0fb4000] [id=94883]
  0x00007fe7cc0a2000 ConcurrentGCThread "G1 Refine#0" [stack: 0x00007fe7d05aa000,0x00007fe7d06aa000] [id=94884]
  0x00007fe7cc0a4000 ConcurrentGCThread "G1 Young RemSet Sampling" [stack: 0x00007fe7d04a8000,0x00007fe7d05a8000] [id=94885]

Threads with active compile tasks:

VM state:not at safepoint (normal execution)

VM Mutex/Monitor currently owned by a thread: None

Heap address: 0x00000000fc000000, size: 64 MB, Compressed Oops mode: 32-bit
Narrow klass base: 0x0000000800000000, Narrow klass shift: 3
Compressed class space size: 1073741824 Address: 0x0000000800aeb000

Heap:
 garbage-first heap   total 65536K, used 5896K [0x00000000fc000000, 0x0000000100000000)
  region size 1024K, 5 young (5120K), 0 survivors (0K)
 Metaspace       used 1836K, capacity 5445K, committed 5760K, reserved 1056768K
  class space    used 220K, capacity 537K, committed 640K, reserved 1048576K
Heap Regions: E=young(eden), S=young(survivor), O=old, HS=humongous(starts), HC=humongous(continues), CS=collection set, F=free, A=archive, TAMS=top-at-mark-start (previous, next)
|   0|0x00000000fc000000, 0x00000000fc100000, 0x00000000fc100000|100%|HS|  |TAMS 0x00000000fc000000, 0x00000000fc000000| Complete 
|   1|0x00000000fc100000, 0x00000000fc100000, 0x00000000fc200000|  0%| F|  |TAMS 0x00000000fc100000, 0x00000000fc100000| Untracked 
|   2|0x00000000fc200000, 0x00000000fc200000, 0x00000000fc300000|  0%| F|  |TAMS 0x00000000fc200000, 0x00000000fc200000| Untracked 
|   3|0x00000000fc300000, 0x00000000fc300000, 0x00000000fc400000|  0%| F|  |TAMS 0x00000000fc300000, 0x00000000fc300000| Untracked 
|   4|0x00000000fc400000, 0x00000000fc400000, 0x00000000fc500000|  0%| F|  |TAMS 0x00000000fc400000, 0x00000000fc400000| Untracked 
|   5|0x00000000fc500000, 0x00000000fc500000, 0x00000000fc600000|  0%| F|  |TAMS 0x00000000fc500000, 0x00000000fc500000| Untracked 
|   6|0x00000000fc600000, 0x00000000fc600000, 0x00000000fc700000|  0%| F|  |TAMS 0x00000000fc600000, 0x00000000fc600000| Untracked 
|   7|0x00000000fc700000, 0x00000000fc700000, 0x00000000fc800000|  0%| F|  |TAMS 0x00000000fc700000, 0x00000000fc700000| Untracked 
|   8|0x00000000fc800000, 0x00000000fc800000, 0x00000000fc900000|  0%| F|  |TAMS 0x00000000fc800000, 0x00000000fc800000| Untracked 
|   9|0x00000000fc900000, 0x00000000fc900000, 0x00000000fca00000|  0%| F|  |TAMS 0x00000000fc900000, 0x00000000fc900000| Untracked 
|  10|0x00000000fca00000, 0x00000000fca00000, 0x00000000fcb00000|  0%| F|  |TAMS 0x00000000fca00000, 0x00000000fca00000| Untracked 
|  11|0x00000000fcb00000, 0x00000000fcb00000, 0x00000000fcc00000|  0%| F|  |TAMS 0x00000000fcb00000, 0x00000000fcb00000| Untracked 
|  12|0x00000000fcc00000, 0x00000000fcc00000, 0x00000000fcd00000|  0%| F|  |TAMS 0x00000000fcc00000, 0x00000000fcc00000| Untracked 
|  13|0x00000000fcd00000, 0x00000000fcd00000, 0x00000000fce00000|  0%| F|  |TAMS 0x00000000fcd00000, 0x00000000fcd00000| Untracked 
|  14|0x00000000fce00000, 0x00000000fce00000, 0x00000000fcf00000|  0%| F|  |TAMS 0x00000000fce00000, 0x00000000fce00000| Untracked 
|  15|0x00000000fcf00000, 0x00000000fcf00000, 0x00000000fd000000|  0%| F|  |TAMS 0x00000000fcf00000, 0x00000000fcf00000| Untracked 
|  16|0x00000000fd000000, 0x00000000fd000000, 0x00000000fd100000|  0%| F|  |TAMS 0x00000000fd000000, 0x00000000fd000000| Untracked 
|  17|0x00000000fd100000, 0x00000000fd100000, 0x00000000fd200000|  0%| F|  |TAMS 0x00000000fd100000, 0x00000000fd100000| Untracked 
|  18|0x00000000fd200000, 0x00000000fd200000, 0x00000000fd300000|  0%| F|  |TAMS 0x00000000fd200000, 0x00000000fd200000| Untracked 
|  19|0x00000000fd300000, 0x00000000fd300000, 0x00000000fd400000|  0%| F|  |TAMS 0x00000000fd300000, 0x00000000fd300000| Untracked 
|  20|0x00000000fd400000, 0x00000000fd400000, 0x00000000fd500000|  0%| F|  |TAMS 0x00000000fd400000, 0x00000000fd400000| Untracked 
|  21|0x00000000fd500000, 0x00000000fd500000, 0x00000000fd600000|  0%| F|  |TAMS 0x00000000fd500000, 0x00000000fd500000| Untracked 
|  22|0x00000000fd600000, 0x00000000fd600000, 0x00000000fd700000|  0%| F|  |TAMS 0x00000000fd600000, 0x00000000fd600000| Untracked 
|  23|0x00000000fd700000, 0x00000000fd700000, 0x00000000fd800000|  0%| F|  |TAMS 0x00000000fd700000, 0x00000000fd700000| Untracked 
|  24|0x00000000fd800000, 0x00000000fd800000, 0x00000000fd900000|  0%| F|  |TAMS 0x00000000fd800000, 0x00000000fd800000| Untracked 
|  25|0x00000000fd900000, 0x00000000fd900000, 0x00000000fda00000|  0%| F|  |TAMS 0x00000000fd900000, 0x00000000fd900000| Untracked 
|  26|0x00000000fda00000, 0x00000000fda00000, 0x00000000fdb00000|  0%| F|  |TAMS 0x00000000fda00000, 0x00000000fda00000| Untracked 
|  27|0x00000000fdb00000, 0x00000000fdb00000, 0x00000000fdc00000|  0%| F|  |TAMS 0x00000000fdb00000, 0x00000000fdb00000| Untracked 
|  28|0x00000000fdc00000, 0x00000000fdc00000, 0x00000000fdd00000|  0%| F|  |TAMS 0x00000000fdc00000, 0x00000000fdc00000| Untracked 
|  29|0x00000000fdd00000, 0x00000000fdd00000, 0x00000000fde00000|  0%| F|  |TAMS 0x00000000fdd00000, 0x00000000fdd00000| Untracked 
|  30|0x00000000fde00000, 0x00000000fde00000, 0x00000000fdf00000|  0%| F|  |TAMS 0x00000000fde00000, 0x00000000fde00000| Untracked 
|  31|0x00000000fdf00000, 0x00000000fdf00000, 0x00000000fe000000|  0%| F|  |TAMS 0x00000000fdf00000, 0x00000000fdf00000| Untracked 
|  32|0x00000000fe000000, 0x00000000fe000000, 0x00000000fe100000|  0%| F|  |TAMS 0x00000000fe000000, 0x00000000fe000000| Untracked 
|  33|0x00000000fe100000, 0x00000000fe100000, 0x00000000fe200000|  0%| F|  |TAMS 0x00000000fe100000, 0x00000000fe100000| Untracked 
|  34|0x00000000fe200000, 0x00000000fe200000, 0x00000000fe300000|  0%| F|  |TAMS 0x00000000fe200000, 0x00000000fe200000| Untracked 
|  35|0x00000000fe300000, 0x00000000fe300000, 0x00000000fe400000|  0%| F|  |TAMS 0x00000000fe300000, 0x00000000fe300000| Untracked 
|  36|0x00000000fe400000, 0x00000000fe400000, 0x00000000fe500000|  0%| F|  |TAMS 0x00000000fe400000, 0x00000000fe400000| Untracked 
|  37|0x00000000fe500000, 0x00000000fe500000, 0x00000000fe600000|  0%| F|  |TAMS 0x00000000fe500000, 0x00000000fe500000| Untracked 
|  38|0x00000000fe600000, 0x00000000fe600000, 0x00000000fe700000|  0%| F|  |TAMS 0x00000000fe600000, 0x00000000fe600000| Untracked 
|  39|0x00000000fe700000, 0x00000000fe700000, 0x00000000fe800000|  0%| F|  |TAMS 0x00000000fe700000, 0x00000000fe700000| Untracked 
|  40|0x00000000fe800000, 0x00000000fe800000, 0x00000000fe900000|  0%| F|  |TAMS 0x00000000fe800000, 0x00000000fe800000| Untracked 
|  41|0x00000000fe900000, 0x00000000fe900000, 0x00000000fea00000|  0%| F|  |TAMS 0x00000000fe900000, 0x00000000fe900000| Untracked 
|  42|0x00000000fea00000, 0x00000000fea00000, 0x00000000feb00000|  0%| F|  |TAMS 0x00000000fea00000, 0x00000000fea00000| Untracked 
|  43|0x00000000feb00000, 0x00000000feb00000, 0x00000000fec00000|  0%| F|  |TAMS 0x00000000feb00000, 0x00000000feb00000| Untracked 
|  44|0x00000000fec00000, 0x00000000fec00000, 0x00000000fed00000|  0%| F|  |TAMS 0x00000000fec00000, 0x00000000fec00000| Untracked 
|  45|0x00000000fed00000, 0x00000000fed00000, 0x00000000fee00000|  0%| F|  |TAMS 0x00000000fed00000, 0x00000000fed00000| Untracked 
|  46|0x00000000fee00000, 0x00000000fee00000, 0x00000000fef00000|  0%| F|  |TAMS 0x00000000fee00000, 0x00000000fee00000| Untracked 
|  47|0x00000000fef00000, 0x00000000fef00000, 0x00000000ff000000|  0%| F|  |TAMS 0x00000000fef00000, 0x00000000fef00000| Untracked 
|  48|0x00000000ff000000, 0x00000000ff000000, 0x00000000ff100000|  0%| F|  |TAMS 0x00000000ff000000, 0x00000000ff000000| Untracked 
|  49|0x00000000ff100000, 0x00000000ff100000, 0x00000000ff200000|  0%| F|  |TAMS 0x00000000ff100000, 0x00000000ff100000| Untracked 
|  50|0x00000000ff200000, 0x00000000ff200000, 0x00000000ff300000|  0%| F|  |TAMS 0x00000000ff200000, 0x00000000ff200000| Untracked 
|  51|0x00000000ff300000, 0x00000000ff300000, 0x00000000ff400000|  0%| F|  |TAMS 0x00000000ff300000, 0x00000000ff300000| Untracked 
|  52|0x00000000ff400000, 0x00000000ff400000, 0x00000000ff500000|  0%| F|  |TAMS 0x00000000ff400000, 0x00000000ff400000| Untracked 
|  53|0x00000000ff500000, 0x00000000ff500000, 0x00000000ff600000|  0%| F|  |TAMS 0x00000000ff500000, 0x00000000ff500000| Untracked 
|  54|0x00000000ff600000, 0x00000000ff600000, 0x00000000ff700000|  0%| F|  |TAMS 0x00000000ff600000, 0x00000000ff600000| Untracked 
|  55|0x00000000ff700000, 0x00000000ff700000, 0x00000000ff800000|  0%| F|  |TAMS 0x00000000ff700000, 0x00000000ff700000| Untracked 
|  56|0x00000000ff800000, 0x00000000ff800000, 0x00000000ff900000|  0%| F|  |TAMS 0x00000000ff800000, 0x00000000ff800000| Untracked 
|  57|0x00000000ff900000, 0x00000000ff97e758, 0x00000000ffa00000| 49%| E|  |TAMS 0x00000000ff900000, 0x00000000ff900000| Complete 
|  58|0x00000000ffa00000, 0x00000000ffb00000, 0x00000000ffb00000|100%| E|CS|TAMS 0x00000000ffa00000, 0x00000000ffa00000| Complete 
|  59|0x00000000ffb00000, 0x00000000ffc00000, 0x00000000ffc00000|100%| E|CS|TAMS 0x00000000ffb00000, 0x00000000ffb00000| Complete 
|  60|0x00000000ffc00000, 0x00000000ffd00000, 0x00000000ffd00000|100%| E|CS|TAMS 0x00000000ffc00000, 0x00000000ffc00000| Complete 
|  61|0x00000000ffd00000, 0x00000000ffe00000, 0x00000000ffe00000|100%| E|CS|TAMS 0x00000000ffd00000, 0x00000000ffd00000| Complete 
|  62|0x00000000ffe00000, 0x00000000ffe48000, 0x00000000fff00000| 28%|OA|  |TAMS 0x00000000ffe00000, 0x00000000ffe00000| Untracked 
|  63|0x00000000fff00000, 0x00000000fff7a000, 0x0000000100000000| 47%|CA|  |TAMS 0x00000000fff00000, 0x00000000fff00000| Untracked 

Card table byte_map: [0x00007fe7d13dd000,0x00007fe7d13fd000] _byte_map_base: 0x00007fe7d0bfd000

Marking Bits (Prev, Next): (CMBitMap*) 0x00007fe7cc04a578, (CMBitMap*) 0x00007fe7cc04a5b8
 Prev Bits: [0x00007fe7d12bd000, 0x00007fe7d13bd000)
 Next Bits: [0x00007fe7d11bd000, 0x00007fe7d12bd000)

Polling page: 0x00007fe7d3515000

Metaspace:

Usage:
  Non-class:      4,79 MB capacity,     1,58 MB ( 33%) used,     3,21 MB ( 67%) free+waste,     2,81 KB ( <1%) overhead. 
      Class:    537,00 KB capacity,   220,28 KB ( 41%) used,   315,09 KB ( 59%) free+waste,     1,62 KB ( <1%) overhead. 
       Both:      5,32 MB capacity,     1,79 MB ( 34%) used,     3,52 MB ( 66%) free+waste,     4,44 KB ( <1%) overhead. 

Virtual space:
  Non-class space:        8,00 MB reserved,       5,00 MB ( 62%) committed 
      Class space:        1,00 GB reserved,     640,00 KB ( <1%) committed 
             Both:        1,01 GB reserved,       5,62 MB ( <1%) committed 

Chunk freelists:
   Non-Class:  12,00 KB
       Class:  27,00 KB
        Both:  39,00 KB

MaxMetaspaceSize: unlimited
CompressedClassSpaceSize: 1,00 GB

CodeHeap 'non-profiled nmethods': size=120032Kb used=95Kb max_used=95Kb free=119936Kb
 bounds [0x00007fe7bc53a000, 0x00007fe7bc7aa000, 0x00007fe7c3a72000]
CodeHeap 'profiled nmethods': size=120028Kb used=373Kb max_used=373Kb free=119654Kb
 bounds [0x00007fe7b5003000, 0x00007fe7b5273000, 0x00007fe7bc53a000]
CodeHeap 'non-nmethods': size=5700Kb used=1134Kb max_used=1145Kb free=4565Kb
 bounds [0x00007fe7b4a72000, 0x00007fe7b4ce2000, 0x00007fe7b5003000]
 total_blobs=742 nmethods=291 adapters=277
 compilation: enabled
              stopped_count=0, restarted_count=0
 full_count=0

Compilation events (20 events):
Event: 0,085 Thread 0x00007fe7cc0d9800  279       3       java.security.CodeSource::getCertificates (98 bytes)
Event: 0,086 Thread 0x00007fe7cc0d9800 nmethod 279 0x00007fe7b5059610 code [0x00007fe7b5059880, 0x00007fe7b505a4b8]
Event: 0,086 Thread 0x00007fe7cc0d9800  280       3       java.lang.invoke.DirectMethodHandle::internalMemberName (8 bytes)
Event: 0,086 Thread 0x00007fe7cc0d9800 nmethod 280 0x00007fe7b505a790 code [0x00007fe7b505a940, 0x00007fe7b505ab90]
Event: 0,087 Thread 0x00007fe7cc0d9800  281       3       java.lang.reflect.Modifier::isStatic (13 bytes)
Event: 0,088 Thread 0x00007fe7cc0d9800 nmethod 281 0x00007fe7b505ac90 code [0x00007fe7b505ae20, 0x00007fe7b505afb0]
Event: 0,088 Thread 0x00007fe7cc0d9800  282       3       java.lang.AbstractStringBuilder::append (77 bytes)
Event: 0,088 Thread 0x00007fe7cc0d9800 nmethod 282 0x00007fe7b505b010 code [0x00007fe7b505b220, 0x00007fe7b505b928]
Event: 0,088 Thread 0x00007fe7cc0d9800  284       3       sun.invoke.util.VerifyAccess::isTypeVisible (118 bytes)
Event: 0,089 Thread 0x00007fe7cc0d7800  286       4       java.util.concurrent.ConcurrentHashMap::tabAt (22 bytes)
Event: 0,090 Thread 0x00007fe7cc0d9800 nmethod 284 0x00007fe7b505bb90 code [0x00007fe7b505bfa0, 0x00007fe7b505df78]
Event: 0,090 Thread 0x00007fe7cc0d7800 nmethod 286 0x00007fe7bc551510 code [0x00007fe7bc551680, 0x00007fe7bc5516d8]
Event: 0,090 Thread 0x00007fe7cc0d9800  288       3       java.lang.Object::equals (11 bytes)
Event: 0,090 Thread 0x00007fe7cc0d9800 nmethod 288 0x00007fe7b505e910 code [0x00007fe7b505eaa0, 0x00007fe7b505ec70]
Event: 0,090 Thread 0x00007fe7cc0d9800  289       1       sun.invoke.util.Wrapper::basicTypeChar (5 bytes)
Event: 0,090 Thread 0x00007fe7cc0d9800 nmethod 289 0x00007fe7bc551b10 code [0x00007fe7bc551ca0, 0x00007fe7bc551dd0]
Event: 0,091 Thread 0x00007fe7cc0d9800  290       3       sun.net.www.ParseUtil::firstEncodeIndex (86 bytes)
Event: 0,091 Thread 0x00007fe7cc0d9800 nmethod 290 0x00007fe7b505ed10 code [0x00007fe7b505ef60, 0x00007fe7b505f968]
Event: 0,091 Thread 0x00007fe7cc0d9800  291       3       java.lang.StringLatin1::indexOf (121 bytes)
Event: 0,092 Thread 0x00007fe7cc0d9800 nmethod 291 0x00007fe7b505fd10 code [0x00007fe7b505fee0, 0x00007fe7b5060410]

GC Heap History (0 events):
No events

Deoptimization events (0 events):
No events

Classes unloaded (0 events):
No events

Classes redefined (0 events):
No events

Internal exceptions (0 events):
No events

Events (20 events):
Event: 0,093 loading class sun/reflect/generics/scope/ClassScope
Event: 0,093 loading class sun/reflect/generics/scope/Scope
Event: 0,093 loading class sun/reflect/generics/scope/Scope done
Event: 0,094 loading class sun/reflect/generics/scope/AbstractScope
Event: 0,094 loading class sun/reflect/generics/scope/AbstractScope done
Event: 0,094 loading class sun/reflect/generics/scope/ClassScope done
Event: 0,094 loading class sun/reflect/generics/factory/CoreReflectionFactory
Event: 0,094 loading class sun/reflect/generics/factory/GenericsFactory
Event: 0,094 loading class sun/reflect/generics/factory/GenericsFactory done
Event: 0,094 loading class sun/reflect/generics/factory/CoreReflectionFactory done
Event: 0,094 loading class sun/reflect/generics/visitor/Reifier
Event: 0,094 loading class sun/reflect/generics/visitor/TypeTreeVisitor
Event: 0,094 loading class sun/reflect/generics/visitor/TypeTreeVisitor done
Event: 0,094 loading class sun/reflect/generics/visitor/Reifier done
Event: 0,094 loading class java/lang/reflect/GenericArrayType
Event: 0,094 loading class java/lang/reflect/GenericArrayType done
Event: 0,094 loading class sun/reflect/annotation/AnnotationType
Event: 0,094 loading class sun/reflect/annotation/AnnotationType done
Event: 0,094 loading class sun/reflect/annotation/AnnotationType$1
Event: 0,094 loading class sun/reflect/annotation/AnnotationType$1 done


Dynamic libraries:
00400000-00401000 r-xp 00000000 103:03 132169                            /opt/jdk-13.0.1/bin/java
00401000-00402000 r--p 00000000 103:03 132169                            /opt/jdk-13.0.1/bin/java
00402000-00403000 rw-p 00001000 103:03 132169                            /opt/jdk-13.0.1/bin/java
021e0000-02201000 rw-p 00000000 00:00 0                                  [heap]
fc000000-ffe00000 rw-p 00000000 00:00 0 
ffe00000-ffe48000 rw-p 00b66000 103:03 1967724                           /opt/jdk-13.0.1/lib/server/classes.jsa
ffe48000-fff00000 rw-p 00000000 00:00 0 
fff00000-fff7a000 rw-p 00aec000 103:03 1967724                           /opt/jdk-13.0.1/lib/server/classes.jsa
fff7a000-100000000 rw-p 00000000 00:00 0 
800000000-800003000 rwxp 00001000 103:03 1967724                         /opt/jdk-13.0.1/lib/server/classes.jsa
800003000-8003d7000 rw-p 00004000 103:03 1967724                         /opt/jdk-13.0.1/lib/server/classes.jsa
8003d7000-800aea000 r--p 003d8000 103:03 1967724                         /opt/jdk-13.0.1/lib/server/classes.jsa
800aea000-800aeb000 rw-p 00aeb000 103:03 1967724                         /opt/jdk-13.0.1/lib/server/classes.jsa
800aeb000-800b8b000 rw-p 00000000 00:00 0 
800b8b000-840aeb000 ---p 00000000 00:00 0 
7fe770000000-7fe770021000 rw-p 00000000 00:00 0 
7fe770021000-7fe774000000 ---p 00000000 00:00 0 
7fe774000000-7fe774021000 rw-p 00000000 00:00 0 
7fe774021000-7fe778000000 ---p 00000000 00:00 0 
7fe778000000-7fe778021000 rw-p 00000000 00:00 0 
7fe778021000-7fe77c000000 ---p 00000000 00:00 0 
7fe77c000000-7fe77c021000 rw-p 00000000 00:00 0 
7fe77c021000-7fe780000000 ---p 00000000 00:00 0 
7fe780000000-7fe780085000 rw-p 00000000 00:00 0 
7fe780085000-7fe784000000 ---p 00000000 00:00 0 
7fe784000000-7fe784021000 rw-p 00000000 00:00 0 
7fe784021000-7fe788000000 ---p 00000000 00:00 0 
7fe788000000-7fe788021000 rw-p 00000000 00:00 0 
7fe788021000-7fe78c000000 ---p 00000000 00:00 0 
7fe78c000000-7fe78c0bf000 rw-p 00000000 00:00 0 
7fe78c0bf000-7fe790000000 ---p 00000000 00:00 0 
7fe790000000-7fe790021000 rw-p 00000000 00:00 0 
7fe790021000-7fe794000000 ---p 00000000 00:00 0 
7fe794000000-7fe794021000 rw-p 00000000 00:00 0 
7fe794021000-7fe798000000 ---p 00000000 00:00 0 
7fe798000000-7fe798021000 rw-p 00000000 00:00 0 
7fe798021000-7fe79c000000 ---p 00000000 00:00 0 
7fe79c000000-7fe79c021000 rw-p 00000000 00:00 0 
7fe79c021000-7fe7a0000000 ---p 00000000 00:00 0 
7fe7a0000000-7fe7a0021000 rw-p 00000000 00:00 0 
7fe7a0021000-7fe7a4000000 ---p 00000000 00:00 0 
7fe7a50c0000-7fe7a548a000 rw-p 00000000 00:00 0 
7fe7a548a000-7fe7a548e000 ---p 00000000 00:00 0 
7fe7a548e000-7fe7a558a000 rw-p 00000000 00:00 0 
7fe7a558a000-7fe7a558e000 ---p 00000000 00:00 0 
7fe7a558e000-7fe7a568a000 rw-p 00000000 00:00 0 
7fe7a568a000-7fe7a568b000 ---p 00000000 00:00 0 
7fe7a568b000-7fe7a578c000 rw-p 00000000 00:00 0 
7fe7a578c000-7fe7a5790000 ---p 00000000 00:00 0 
7fe7a5790000-7fe7a588c000 rw-p 00000000 00:00 0 
7fe7a588c000-7fe7a5890000 ---p 00000000 00:00 0 
7fe7a5890000-7fe7a598c000 rw-p 00000000 00:00 0 
7fe7a598c000-7fe7a5990000 ---p 00000000 00:00 0 
7fe7a5990000-7fe7a5a8c000 rw-p 00000000 00:00 0 
7fe7a5a8c000-7fe7a6000000 r--p 00000000 103:03 10623250                  /usr/lib/locale/locale-archive
7fe7a6000000-7fe7a8000000 rw-p 00000000 00:00 0 
7fe7a8000000-7fe7a8021000 rw-p 00000000 00:00 0 
7fe7a8021000-7fe7ac000000 ---p 00000000 00:00 0 
7fe7ac000000-7fe7ac021000 rw-p 00000000 00:00 0 
7fe7ac021000-7fe7b0000000 ---p 00000000 00:00 0 
7fe7b0000000-7fe7b0021000 rw-p 00000000 00:00 0 
7fe7b0021000-7fe7b4000000 ---p 00000000 00:00 0 
7fe7b4041000-7fe7b4072000 rw-p 00000000 00:00 0 
7fe7b4072000-7fe7b4076000 ---p 00000000 00:00 0 
7fe7b4076000-7fe7b4172000 rw-p 00000000 00:00 0 
7fe7b4172000-7fe7b4176000 ---p 00000000 00:00 0 
7fe7b4176000-7fe7b4772000 rw-p 00000000 00:00 0 
7fe7b4772000-7fe7b4a72000 ---p 00000000 00:00 0 
7fe7b4a72000-7fe7b4ce2000 rwxp 00000000 00:00 0 
7fe7b4ce2000-7fe7b5003000 ---p 00000000 00:00 0 
7fe7b5003000-7fe7b5273000 rwxp 00000000 00:00 0 
7fe7b5273000-7fe7bc53a000 ---p 00000000 00:00 0 
7fe7bc53a000-7fe7bc7aa000 rwxp 00000000 00:00 0 
7fe7bc7aa000-7fe7c3a72000 ---p 00000000 00:00 0 
7fe7c3a72000-7fe7cc000000 r--s 00000000 103:03 1967715                   /opt/jdk-13.0.1/lib/modules
7fe7cc000000-7fe7cc1e7000 rw-p 00000000 00:00 0 
7fe7cc1e7000-7fe7d0000000 ---p 00000000 00:00 0 
7fe7d001b000-7fe7d0030000 r-xp 00000000 103:03 1967704                   /opt/jdk-13.0.1/lib/libnet.so
7fe7d0030000-7fe7d0031000 r--p 00014000 103:03 1967704                   /opt/jdk-13.0.1/lib/libnet.so
7fe7d0031000-7fe7d0032000 rw-p 00015000 103:03 1967704                   /opt/jdk-13.0.1/lib/libnet.so
7fe7d0032000-7fe7d0043000 r-xp 00000000 103:03 1967705                   /opt/jdk-13.0.1/lib/libnio.so
7fe7d0043000-7fe7d0044000 r--p 00010000 103:03 1967705                   /opt/jdk-13.0.1/lib/libnio.so
7fe7d0044000-7fe7d0045000 rw-p 00011000 103:03 1967705                   /opt/jdk-13.0.1/lib/libnio.so
7fe7d0045000-7fe7d0049000 ---p 00000000 00:00 0 
7fe7d0049000-7fe7d0145000 rw-p 00000000 00:00 0 
7fe7d0145000-7fe7d0149000 ---p 00000000 00:00 0 
7fe7d0149000-7fe7d0245000 rw-p 00000000 00:00 0 
7fe7d0245000-7fe7d0246000 ---p 00000000 00:00 0 
7fe7d0246000-7fe7d04a6000 rw-p 00000000 00:00 0 
7fe7d04a6000-7fe7d04a7000 ---p 00000000 00:00 0 
7fe7d04a7000-7fe7d05a8000 rw-p 00000000 00:00 0 
7fe7d05a8000-7fe7d05a9000 ---p 00000000 00:00 0 
7fe7d05a9000-7fe7d0eb2000 rw-p 00000000 00:00 0 
7fe7d0eb2000-7fe7d0eb3000 ---p 00000000 00:00 0 
7fe7d0eb3000-7fe7d0fb4000 rw-p 00000000 00:00 0 
7fe7d0fb4000-7fe7d0fb5000 ---p 00000000 00:00 0 
7fe7d0fb5000-7fe7d10b6000 rw-p 00000000 00:00 0 
7fe7d10b6000-7fe7d10b7000 ---p 00000000 00:00 0 
7fe7d10b7000-7fe7d13dd000 rw-p 00000000 00:00 0 
7fe7d13dd000-7fe7d1c2a000 rw-p 00000000 00:00 0 
7fe7d1c2a000-7fe7d1d10000 ---p 00000000 00:00 0 
7fe7d1d10000-7fe7d1d15000 rw-p 00000000 00:00 0 
7fe7d1d15000-7fe7d1dfb000 ---p 00000000 00:00 0 
7fe7d1dfb000-7fe7d1e00000 rw-p 00000000 00:00 0 
7fe7d1e00000-7fe7d1e07000 ---p 00000000 00:00 0 
7fe7d1e07000-7fe7d1e22000 r-xp 00000000 103:03 1967695                   /opt/jdk-13.0.1/lib/libjimage.so
7fe7d1e22000-7fe7d1e23000 ---p 0001b000 103:03 1967695                   /opt/jdk-13.0.1/lib/libjimage.so
7fe7d1e23000-7fe7d1e25000 r--p 0001b000 103:03 1967695                   /opt/jdk-13.0.1/lib/libjimage.so
7fe7d1e25000-7fe7d1e26000 rw-p 0001d000 103:03 1967695                   /opt/jdk-13.0.1/lib/libjimage.so
7fe7d1e26000-7fe7d1e2d000 r-xp 00000000 103:03 1967714                   /opt/jdk-13.0.1/lib/libzip.so
7fe7d1e2d000-7fe7d1e2e000 r--p 00006000 103:03 1967714                   /opt/jdk-13.0.1/lib/libzip.so
7fe7d1e2e000-7fe7d1e2f000 rw-p 00007000 103:03 1967714                   /opt/jdk-13.0.1/lib/libzip.so
7fe7d1e2f000-7fe7d1e37000 rw-s 00000000 103:03 23855630                  /tmp/hsperfdata_gabriel/94879
7fe7d1e37000-7fe7d1e5e000 r-xp 00000000 103:03 1967691                   /opt/jdk-13.0.1/lib/libjava.so
7fe7d1e5e000-7fe7d1e5f000 r--p 00026000 103:03 1967691                   /opt/jdk-13.0.1/lib/libjava.so
7fe7d1e5f000-7fe7d1e61000 rw-p 00027000 103:03 1967691                   /opt/jdk-13.0.1/lib/libjava.so
7fe7d1e61000-7fe7d1e62000 r--p 00000000 103:03 10625141                  /usr/lib/x86_64-linux-gnu/librt.so.1
7fe7d1e62000-7fe7d1e63000 r-xp 00001000 103:03 10625141                  /usr/lib/x86_64-linux-gnu/librt.so.1
7fe7d1e63000-7fe7d1e64000 r--p 00002000 103:03 10625141                  /usr/lib/x86_64-linux-gnu/librt.so.1
7fe7d1e64000-7fe7d1e65000 r--p 00002000 103:03 10625141                  /usr/lib/x86_64-linux-gnu/librt.so.1
7fe7d1e65000-7fe7d1e66000 rw-p 00003000 103:03 10625141                  /usr/lib/x86_64-linux-gnu/librt.so.1
7fe7d1e66000-7fe7d1e6a000 ---p 00000000 00:00 0 
7fe7d1e6a000-7fe7d1f66000 rw-p 00000000 00:00 0 
7fe7d1f66000-7fe7d1f74000 r--p 00000000 103:03 10624776                  /usr/lib/x86_64-linux-gnu/libm.so.6
7fe7d1f74000-7fe7d1ff0000 r-xp 0000e000 103:03 10624776                  /usr/lib/x86_64-linux-gnu/libm.so.6
7fe7d1ff0000-7fe7d204b000 r--p 0008a000 103:03 10624776                  /usr/lib/x86_64-linux-gnu/libm.so.6
7fe7d204b000-7fe7d204c000 r--p 000e4000 103:03 10624776                  /usr/lib/x86_64-linux-gnu/libm.so.6
7fe7d204c000-7fe7d204d000 rw-p 000e5000 103:03 10624776                  /usr/lib/x86_64-linux-gnu/libm.so.6
7fe7d204d000-7fe7d312a000 r-xp 00000000 103:03 1967726                   /opt/jdk-13.0.1/lib/server/libjvm.so
7fe7d312a000-7fe7d31ee000 r--p 010dc000 103:03 1967726                   /opt/jdk-13.0.1/lib/server/libjvm.so
7fe7d31ee000-7fe7d3228000 rw-p 011a0000 103:03 1967726                   /opt/jdk-13.0.1/lib/server/libjvm.so
7fe7d3228000-7fe7d32b2000 rw-p 00000000 00:00 0 
7fe7d32b2000-7fe7d32da000 r--p 00000000 103:03 10624079                  /usr/lib/x86_64-linux-gnu/libc.so.6
7fe7d32da000-7fe7d346f000 r-xp 00028000 103:03 10624079                  /usr/lib/x86_64-linux-gnu/libc.so.6
7fe7d346f000-7fe7d34c7000 r--p 001bd000 103:03 10624079                  /usr/lib/x86_64-linux-gnu/libc.so.6
7fe7d34c7000-7fe7d34cb000 r--p 00214000 103:03 10624079                  /usr/lib/x86_64-linux-gnu/libc.so.6
7fe7d34cb000-7fe7d34cd000 rw-p 00218000 103:03 10624079                  /usr/lib/x86_64-linux-gnu/libc.so.6
7fe7d34cd000-7fe7d34da000 rw-p 00000000 00:00 0 
7fe7d34da000-7fe7d34db000 r--p 00000000 103:03 10624243                  /usr/lib/x86_64-linux-gnu/libdl.so.2
7fe7d34db000-7fe7d34dc000 r-xp 00001000 103:03 10624243                  /usr/lib/x86_64-linux-gnu/libdl.so.2
7fe7d34dc000-7fe7d34dd000 r--p 00002000 103:03 10624243                  /usr/lib/x86_64-linux-gnu/libdl.so.2
7fe7d34dd000-7fe7d34de000 r--p 00002000 103:03 10624243                  /usr/lib/x86_64-linux-gnu/libdl.so.2
7fe7d34de000-7fe7d34df000 rw-p 00003000 103:03 10624243                  /usr/lib/x86_64-linux-gnu/libdl.so.2
7fe7d34df000-7fe7d34e0000 r--p 00000000 103:03 10625085                  /usr/lib/x86_64-linux-gnu/libpthread.so.0
7fe7d34e0000-7fe7d34e1000 r-xp 00001000 103:03 10625085                  /usr/lib/x86_64-linux-gnu/libpthread.so.0
7fe7d34e1000-7fe7d34e2000 r--p 00002000 103:03 10625085                  /usr/lib/x86_64-linux-gnu/libpthread.so.0
7fe7d34e2000-7fe7d34e3000 r--p 00002000 103:03 10625085                  /usr/lib/x86_64-linux-gnu/libpthread.so.0
7fe7d34e3000-7fe7d34e4000 rw-p 00003000 103:03 10625085                  /usr/lib/x86_64-linux-gnu/libpthread.so.0
7fe7d34e4000-7fe7d34f3000 r-xp 00000000 103:03 1967696                   /opt/jdk-13.0.1/lib/libjli.so
7fe7d34f3000-7fe7d34f4000 r--p 0000e000 103:03 1967696                   /opt/jdk-13.0.1/lib/libjli.so
7fe7d34f4000-7fe7d34f5000 rw-p 0000f000 103:03 1967696                   /opt/jdk-13.0.1/lib/libjli.so
7fe7d34f5000-7fe7d34f7000 r--p 00000000 103:03 10625550                  /usr/lib/x86_64-linux-gnu/libz.so.1.2.11
7fe7d34f7000-7fe7d3508000 r-xp 00002000 103:03 10625550                  /usr/lib/x86_64-linux-gnu/libz.so.1.2.11
7fe7d3508000-7fe7d350e000 r--p 00013000 103:03 10625550                  /usr/lib/x86_64-linux-gnu/libz.so.1.2.11
7fe7d350e000-7fe7d350f000 ---p 00019000 103:03 10625550                  /usr/lib/x86_64-linux-gnu/libz.so.1.2.11
7fe7d350f000-7fe7d3510000 r--p 00019000 103:03 10625550                  /usr/lib/x86_64-linux-gnu/libz.so.1.2.11
7fe7d3510000-7fe7d3511000 rw-p 0001a000 103:03 10625550                  /usr/lib/x86_64-linux-gnu/libz.so.1.2.11
7fe7d3515000-7fe7d3516000 ---p 00000000 00:00 0 
7fe7d3516000-7fe7d3517000 r--p 00000000 00:00 0 
7fe7d3517000-7fe7d3524000 r-xp 00000000 103:03 1967713                   /opt/jdk-13.0.1/lib/libverify.so
7fe7d3524000-7fe7d3526000 r--p 0000c000 103:03 1967713                   /opt/jdk-13.0.1/lib/libverify.so
7fe7d3526000-7fe7d3527000 rw-p 0000e000 103:03 1967713                   /opt/jdk-13.0.1/lib/libverify.so
7fe7d3527000-7fe7d3529000 rw-p 00000000 00:00 0 
7fe7d3529000-7fe7d352b000 r--p 00000000 103:03 10623688                  /usr/lib/x86_64-linux-gnu/ld-linux-x86-64.so.2
7fe7d352b000-7fe7d3555000 r-xp 00002000 103:03 10623688                  /usr/lib/x86_64-linux-gnu/ld-linux-x86-64.so.2
7fe7d3555000-7fe7d3560000 r--p 0002c000 103:03 10623688                  /usr/lib/x86_64-linux-gnu/ld-linux-x86-64.so.2
7fe7d3560000-7fe7d3561000 ---p 00000000 00:00 0 
7fe7d3561000-7fe7d3563000 r--p 00037000 103:03 10623688                  /usr/lib/x86_64-linux-gnu/ld-linux-x86-64.so.2
7fe7d3563000-7fe7d3565000 rw-p 00039000 103:03 10623688                  /usr/lib/x86_64-linux-gnu/ld-linux-x86-64.so.2
7ffc3c24a000-7ffc3c26b000 rw-p 00000000 00:00 0                          [stack]
7ffc3c39a000-7ffc3c39e000 r--p 00000000 00:00 0                          [vvar]
7ffc3c39e000-7ffc3c3a0000 r-xp 00000000 00:00 0                          [vdso]
ffffffffff600000-ffffffffff601000 --xp 00000000 00:00 0                  [vsyscall]


VM Arguments:
jvm_args: -XX:+ExitOnOutOfMemoryError -XX:+HeapDumpOnOutOfMemoryError -XX:HeapDumpPath=/home/gabriel/.config/Code/User/globalStorage/redhat.vscode-xml -Xmx64M 
java_command: org.eclipse.lemminx.XMLServerLauncher
java_class_path (initial): /home/gabriel/.vscode/extensions/redhat.vscode-xml-0.26.1-linux-x64/server/org.eclipse.lemminx-0.26.1-uber.jar
Launcher Type: SUN_STANDARD

[Global flags]
     intx CICompilerCount                          = 4                                         {product} {ergonomic}
     uint ConcGCThreads                            = 2                                         {product} {ergonomic}
     bool ExitOnOutOfMemoryError                   = true                                      {product} {command line}
     uint G1ConcRefinementThreads                  = 8                                         {product} {ergonomic}
   size_t G1HeapRegionSize                         = 1048576                                   {product} {ergonomic}
    uintx GCDrainStackTargetSize                   = 64                                        {product} {ergonomic}
     bool HeapDumpOnOutOfMemoryError               = true                                   {manageable} {command line}
    ccstr HeapDumpPath                             = /home/gabriel/.config/Code/User/globalStorage/redhat.vscode-xml         {manageable} {command line}
   size_t InitialHeapSize                          = 67108864                                  {product} {ergonomic}
   size_t MarkStackSize                            = 4194304                                   {product} {ergonomic}
   size_t MaxHeapSize                              = 67108864                                  {product} {command line}
   size_t MaxNewSize                               = 39845888                                  {product} {ergonomic}
   size_t MinHeapDeltaBytes                        = 1048576                                   {product} {ergonomic}
   size_t MinHeapSize                              = 8388608                                   {product} {ergonomic}
    uintx NonNMethodCodeHeapSize                   = 5836300                                {pd product} {ergonomic}
    uintx NonProfiledCodeHeapSize                  = 122910970                              {pd product} {ergonomic}
    uintx ProfiledCodeHeapSize                     = 122910970                              {pd product} {ergonomic}
    uintx ReservedCodeCacheSize                    = 251658240                              {pd product} {ergonomic}
     bool SegmentedCodeCache                       = true                                      {product} {ergonomic}
   size_t SoftMaxHeapSize                          = 67108864                               {manageable} {ergonomic}
     bool UseCompressedClassPointers               = true                                 {lp64_product} {ergonomic}
     bool UseCompressedOops                        = true                                 {lp64_product} {ergonomic}
     bool UseG1GC                                  = true                                      {product} {ergonomic}

Logging:
Log output configuration:
 #0: stdout all=warning uptime,level,tags
 #1: stderr all=off uptime,level,tags

Environment Variables:
JAVA_HOME=/opt/jdk-13.0.1
PATH=/opt/apache-maven-3.6.3/bin:/opt/jdk-13.0.1/bin:/home/gabriel/.nvm/versions/node/v18.10.0/bin:/usr/lib/jvm/java-1.11.0-openjdk-amd64/bin:/opt/apache-maven-3.6.3/bin:/opt/jdk-13.0.1/bin:/usr/lib/jvm/java-1.11.0-openjdk-amd64/bin:/usr/local/sbin:/usr/local/bin:/usr/sbin:/usr/bin:/sbin:/bin:/usr/games:/usr/local/games:/snap/bin
SHELL=/bin/bash
DISPLAY=:0

Signal Handlers:
SIGSEGV: [libjvm.so+0xdd2e90], sa_mask[0]=11111111011111111101111111111110, sa_flags=SA_RESTART|SA_SIGINFO
SIGBUS: [libjvm.so+0xdd2e90], sa_mask[0]=11111111011111111101111111111110, sa_flags=SA_RESTART|SA_SIGINFO
SIGFPE: [libjvm.so+0xdd2e90], sa_mask[0]=11111111011111111101111111111110, sa_flags=SA_RESTART|SA_SIGINFO
SIGPIPE: [libjvm.so+0xbb2440], sa_mask[0]=11111111011111111101111111111110, sa_flags=SA_RESTART|SA_SIGINFO
SIGXFSZ: [libjvm.so+0xbb2440], sa_mask[0]=11111111011111111101111111111110, sa_flags=SA_RESTART|SA_SIGINFO
SIGILL: [libjvm.so+0xdd2e90], sa_mask[0]=11111111011111111101111111111110, sa_flags=SA_RESTART|SA_SIGINFO
SIGUSR2: [libjvm.so+0xbb22d0], sa_mask[0]=00000000000000000000000000000000, sa_flags=SA_RESTART|SA_SIGINFO
SIGHUP: [libjvm.so+0xbb2a40], sa_mask[0]=11111111011111111101111111111110, sa_flags=SA_RESTART|SA_SIGINFO
SIGINT: [libjvm.so+0xbb2a40], sa_mask[0]=11111111011111111101111111111110, sa_flags=SA_RESTART|SA_SIGINFO
SIGTERM: [libjvm.so+0xbb2a40], sa_mask[0]=11111111011111111101111111111110, sa_flags=SA_RESTART|SA_SIGINFO
SIGQUIT: [libjvm.so+0xbb2a40], sa_mask[0]=11111111011111111101111111111110, sa_flags=SA_RESTART|SA_SIGINFO


---------------  S Y S T E M  ---------------

OS:DISTRIB_ID=LinuxMint
DISTRIB_RELEASE=21.1
DISTRIB_CODENAME=vera
DISTRIB_DESCRIPTION="Linux Mint 21.1 Vera"
uname:Linux 5.15.0-56-generic #62-Ubuntu SMP Tue Nov 22 19:54:14 UTC 2022 x86_64
libc:glibc 2.35 NPTL 2.35 
rlimit: STACK 8192k, CORE 0k, NPROC 94811, NOFILE 1048576, AS infinity, DATA infinity, FSIZE infinity
load average:4,15 2,19 2,06

/proc/meminfo:
MemTotal:       24397024 kB
MemFree:         8485892 kB
MemAvailable:   15027672 kB
Buffers:          786172 kB
Cached:          6701476 kB
SwapCached:            0 kB
Active:          2651148 kB
Inactive:       11370852 kB
Active(anon):       4432 kB
Inactive(anon):  7592728 kB
Active(file):    2646716 kB
Inactive(file):  3778124 kB
Unevictable:      774792 kB
Mlocked:              80 kB
SwapTotal:       2097148 kB
SwapFree:        2097148 kB
Dirty:              1484 kB
Writeback:             0 kB
AnonPages:       7309032 kB
Mapped:           996640 kB
Shmem:           1063100 kB
KReclaimable:     523292 kB
Slab:             711784 kB
SReclaimable:     523292 kB
SUnreclaim:       188492 kB
KernelStack:       28508 kB
PageTables:       107356 kB
NFS_Unstable:          0 kB
Bounce:                0 kB
WritebackTmp:          0 kB
CommitLimit:    14295660 kB
Committed_AS:   22958772 kB
VmallocTotal:   34359738367 kB
VmallocUsed:      102844 kB
VmallocChunk:          0 kB
Percpu:             7712 kB
HardwareCorrupted:     0 kB
AnonHugePages:         0 kB
ShmemHugePages:        0 kB
ShmemPmdMapped:        0 kB
FileHugePages:         0 kB
FilePmdMapped:         0 kB
HugePages_Total:       0
HugePages_Free:        0
HugePages_Rsvd:        0
HugePages_Surp:        0
Hugepagesize:       2048 kB
Hugetlb:               0 kB
DirectMap4k:      577216 kB
DirectMap2M:    15978496 kB
DirectMap1G:     8388608 kB


/proc/sys/kernel/threads-max (system-wide limit on the number of threads):
189623


/proc/sys/vm/max_map_count (maximum number of memory map areas a process may have):
65530


/proc/sys/kernel/pid_max (system-wide limit on number of process identifiers):
4194304



Steal ticks since vm start: 0
Steal ticks percentage since vm start:  0,000

CPU:total 8 (initial active 8) (4 cores per cpu, 2 threads per core) family 6 model 140 stepping 1, cmov, cx8, fxsr, mmx, sse, sse2, sse3, ssse3, sse4.1, sse4.2, popcnt, avx, avx2, aes, clmul, erms, 3dnowpref, lzcnt, ht, tsc, tscinvbit, bmi1, bmi2, adx, evex, sha, fma
CPU Model and flags from /proc/cpuinfo:
model name	: 11th Gen Intel(R) Core(TM) i5-11300H @ 3.10GHz
flags		: fpu vme de pse tsc msr pae mce cx8 apic sep mtrr pge mca cmov pat pse36 clflush dts acpi mmx fxsr sse sse2 ss ht tm pbe syscall nx pdpe1gb rdtscp lm constant_tsc art arch_perfmon pebs bts rep_good nopl xtopology nonstop_tsc cpuid aperfmperf tsc_known_freq pni pclmulqdq dtes64 monitor ds_cpl vmx est tm2 ssse3 sdbg fma cx16 xtpr pdcm pcid sse4_1 sse4_2 x2apic movbe popcnt tsc_deadline_timer aes xsave avx f16c rdrand lahf_lm abm 3dnowprefetch cpuid_fault epb cat_l2 invpcid_single cdp_l2 ssbd ibrs ibpb stibp ibrs_enhanced tpr_shadow vnmi flexpriority ept vpid ept_ad fsgsbase tsc_adjust bmi1 avx2 smep bmi2 erms invpcid rdt_a avx512f avx512dq rdseed adx smap avx512ifma clflushopt clwb intel_pt avx512cd sha_ni avx512bw avx512vl xsaveopt xsavec xgetbv1 xsaves split_lock_detect dtherm ida arat pln pts hwp hwp_notify hwp_act_window hwp_epp hwp_pkg_req avx512vbmi umip pku ospke avx512_vbmi2 gfni vaes vpclmulqdq avx512_vnni avx512_bitalg avx512_vpopcntdq rdpid movdiri movdir64b fsrm avx512_vp2intersect md_clear flush_l1d arch_capabilities

Memory: 4k page, physical 24397024k(8485640k free), swap 2097148k(2097148k free)

vm_info: OpenJDK 64-Bit Server VM (13.0.1+9) for linux-amd64 JRE (13.0.1+9), built on Oct  6 2019 11:40:23 by "mach5one" with gcc 8.2.0

END.
