#
# A fatal error has been detected by the Java Runtime Environment:
#
#  SIGSEGV (0xb) at pc=0x00007f1af9e3806c, pid=93693, tid=93694
#
# JRE version: OpenJDK Runtime Environment (13.0.1+9) (build 13.0.1+9)
# Java VM: OpenJDK 64-Bit Server VM (13.0.1+9, mixed mode, sharing, tiered, compressed oops, g1 gc, linux-amd64)
# Problematic frame:
# V  [libjvm.so+0xd0906c]  Symbol::as_C_string() const+0xc
#
# Core dump will be written. Default location: Core dumps may be processed with "/lib/systemd/systemd-coredump %P %u %g %s %t 9223372036854775808 %h" (or dumping to /home/gabriel/Documents/github/PortifólioFullStack/Portifolio_Angular/core.93693)
#
# If you would like to submit a bug report, please visit:
#   http://bugreport.java.com/bugreport/crash.jsp
#

---------------  S U M M A R Y ------------

Command Line: -XX:+ExitOnOutOfMemoryError -XX:+HeapDumpOnOutOfMemoryError -XX:HeapDumpPath=/home/gabriel/.config/Code/User/globalStorage/redhat.vscode-xml -Xmx64M org.eclipse.lemminx.XMLServerLauncher

Host: 11th Gen Intel(R) Core(TM) i5-11300H @ 3.10GHz, 8 cores, 23G, Linux Mint 21.1 Vera
Time: Sun Oct  1 11:45:00 2023 -04 elapsed time: 0 seconds (0d 0h 0m 0s)

---------------  T H R E A D  ---------------

Current thread (0x00007f1af4017000):  JavaThread "main" [_thread_in_vm, id=93694, stack(0x00007f1af8f48000,0x00007f1af9048000)]

Stack: [0x00007f1af8f48000,0x00007f1af9048000],  sp=0x00007f1af9045620,  free space=1013k
Native frames: (J=compiled Java code, A=aot compiled Java code, j=interpreted, Vv=VM code, C=native code)
V  [libjvm.so+0xd0906c]  Symbol::as_C_string() const+0xc
V  [libjvm.so+0xb4611a]  Method::print_external_name(outputStream*, Klass*, Symbol*, Symbol*)+0x2a
V  [libjvm.so+0xa3e8b3]  LinkResolver::resolve_method(LinkInfo const&, Bytecodes::Code, Thread*)+0x2e3
V  [libjvm.so+0xa40419]  LinkResolver::linktime_resolve_static_method(LinkInfo const&, Thread*)+0x49
V  [libjvm.so+0xa405bf]  LinkResolver::resolve_static_call(CallInfo&, LinkInfo const&, bool, Thread*)+0x2f
V  [libjvm.so+0xa433e3]  LinkResolver::resolve_invoke(CallInfo&, Handle, constantPoolHandle const&, int, Bytecodes::Code, Thread*)+0x283
V  [libjvm.so+0x82e3e6]  InterpreterRuntime::resolve_invoke(JavaThread*, Bytecodes::Code)+0x2d6
V  [libjvm.so+0x82e965]  InterpreterRuntime::resolve_from_cache(JavaThread*, Bytecodes::Code)+0x115
j  jdk.internal.misc.Unsafe.getShortUnaligned(Ljava/lang/Object;J)S+29 java.base@13.0.1
j  jdk.internal.misc.Unsafe.getShortUnaligned(Ljava/lang/Object;JZ)S+5 java.base@13.0.1
j  java.nio.HeapByteBuffer.getShort()S+21 java.base@13.0.1
j  sun.reflect.annotation.AnnotationParser.parseConst(ILjava/nio/ByteBuffer;Ljdk/internal/reflect/ConstantPool;)Ljava/lang/Object;+1 java.base@13.0.1
j  sun.reflect.annotation.AnnotationParser.parseMemberValue(Ljava/lang/Class;Ljava/nio/ByteBuffer;Ljdk/internal/reflect/ConstantPool;Ljava/lang/Class;)Ljava/lang/Object;+95 java.base@13.0.1
j  java.lang.reflect.Method.getDefaultValue()Ljava/lang/Object;+41 java.base@13.0.1
j  sun.reflect.annotation.AnnotationType.<init>(Ljava/lang/Class;)V+217 java.base@13.0.1
j  sun.reflect.annotation.AnnotationType.getInstance(Ljava/lang/Class;)Lsun/reflect/annotation/AnnotationType;+21 java.base@13.0.1
j  sun.reflect.annotation.AnnotationParser.parseAnnotation2(Ljava/nio/ByteBuffer;Ljdk/internal/reflect/ConstantPool;Ljava/lang/Class;Z[Ljava/lang/Class;)Ljava/lang/annotation/Annotation;+116 java.base@13.0.1
j  sun.reflect.annotation.AnnotationParser.parseAnnotations2([BLjdk/internal/reflect/ConstantPool;Ljava/lang/Class;[Ljava/lang/Class;)Ljava/util/Map;+41 java.base@13.0.1
j  sun.reflect.annotation.AnnotationParser.parseAnnotations([BLjdk/internal/reflect/ConstantPool;Ljava/lang/Class;)Ljava/util/Map;+12 java.base@13.0.1
j  java.lang.reflect.Executable.declaredAnnotations()Ljava/util/Map;+62 java.base@13.0.1
j  java.lang.reflect.Executable.declaredAnnotations()Ljava/util/Map;+35 java.base@13.0.1
j  java.lang.reflect.Executable.getAnnotation(Ljava/lang/Class;)Ljava/lang/annotation/Annotation;+7 java.base@13.0.1
j  java.lang.reflect.Method.getAnnotation(Ljava/lang/Class;)Ljava/lang/annotation/Annotation;+2 java.base@13.0.1
j  org.eclipse.lsp4j.jsonrpc.services.AnnotationUtil.createMethodInfo(Ljava/lang/reflect/Method;Ljava/lang/String;)Lorg/eclipse/lsp4j/jsonrpc/services/AnnotationUtil$MethodInfo;+10
j  org.eclipse.lsp4j.jsonrpc.services.AnnotationUtil.findRpcMethods(Ljava/lang/Class;Ljava/util/Set;Ljava/util/function/Consumer;)V+98
j  org.eclipse.lsp4j.jsonrpc.services.AnnotationUtil.findRpcMethods(Ljava/lang/Class;Ljava/util/Set;Ljava/util/function/Consumer;)V+53
j  org.eclipse.lsp4j.jsonrpc.services.ServiceEndpoints.getSupportedMethods(Ljava/lang/Class;Ljava/util/Set;)Ljava/util/Map;+16
j  org.eclipse.lsp4j.jsonrpc.services.ServiceEndpoints.getSupportedMethods(Ljava/lang/Class;)Ljava/util/Map;+10
j  org.eclipse.lsp4j.jsonrpc.Launcher$Builder.getSupportedMethods()Ljava/util/Map;+39
j  org.eclipse.lsp4j.jsonrpc.Launcher$Builder.createJsonHandler()Lorg/eclipse/lsp4j/jsonrpc/json/MessageJsonHandler;+1
j  org.eclipse.lsp4j.jsonrpc.Launcher$Builder.create()Lorg/eclipse/lsp4j/jsonrpc/Launcher;+69
j  org.eclipse.lemminx.XMLServerLauncher.createServerLauncher(Lorg/eclipse/lsp4j/services/LanguageServer;Ljava/io/InputStream;Ljava/io/OutputStream;Ljava/util/concurrent/ExecutorService;Ljava/util/function/Function;)Lorg/eclipse/lsp4j/jsonrpc/Launcher;+33
j  org.eclipse.lemminx.XMLServerLauncher.launch(Ljava/io/InputStream;Ljava/io/OutputStream;)Ljava/util/concurrent/Future;+46
j  org.eclipse.lemminx.XMLServerLauncher.main([Ljava/lang/String;)V+187
v  ~StubRoutines::call_stub
V  [libjvm.so+0x834959]  JavaCalls::call_helper(JavaValue*, methodHandle const&, JavaCallArguments*, Thread*)+0x319
V  [libjvm.so+0x8ab57e]  jni_invoke_static(JNIEnv_*, JavaValue*, _jobject*, JNICallType, _jmethodID*, JNI_ArgumentPusher*, Thread*) [clone .isra.83] [clone .constprop.254]+0x2ee
V  [libjvm.so+0x8ad721]  jni_CallStaticVoidMethod+0x151
C  [libjli.so+0x45f7]  JavaMain+0xcd7
C  [libjli.so+0x8669]  ThreadJavaMain+0x9

Java frames: (J=compiled Java code, j=interpreted, Vv=VM code)
j  jdk.internal.misc.Unsafe.getShortUnaligned(Ljava/lang/Object;J)S+29 java.base@13.0.1
j  jdk.internal.misc.Unsafe.getShortUnaligned(Ljava/lang/Object;JZ)S+5 java.base@13.0.1
j  java.nio.HeapByteBuffer.getShort()S+21 java.base@13.0.1
j  sun.reflect.annotation.AnnotationParser.parseConst(ILjava/nio/ByteBuffer;Ljdk/internal/reflect/ConstantPool;)Ljava/lang/Object;+1 java.base@13.0.1
j  sun.reflect.annotation.AnnotationParser.parseMemberValue(Ljava/lang/Class;Ljava/nio/ByteBuffer;Ljdk/internal/reflect/ConstantPool;Ljava/lang/Class;)Ljava/lang/Object;+95 java.base@13.0.1
j  java.lang.reflect.Method.getDefaultValue()Ljava/lang/Object;+41 java.base@13.0.1
j  sun.reflect.annotation.AnnotationType.<init>(Ljava/lang/Class;)V+217 java.base@13.0.1
j  sun.reflect.annotation.AnnotationType.getInstance(Ljava/lang/Class;)Lsun/reflect/annotation/AnnotationType;+21 java.base@13.0.1
j  sun.reflect.annotation.AnnotationParser.parseAnnotation2(Ljava/nio/ByteBuffer;Ljdk/internal/reflect/ConstantPool;Ljava/lang/Class;Z[Ljava/lang/Class;)Ljava/lang/annotation/Annotation;+116 java.base@13.0.1
j  sun.reflect.annotation.AnnotationParser.parseAnnotations2([BLjdk/internal/reflect/ConstantPool;Ljava/lang/Class;[Ljava/lang/Class;)Ljava/util/Map;+41 java.base@13.0.1
j  sun.reflect.annotation.AnnotationParser.parseAnnotations([BLjdk/internal/reflect/ConstantPool;Ljava/lang/Class;)Ljava/util/Map;+12 java.base@13.0.1
j  java.lang.reflect.Executable.declaredAnnotations()Ljava/util/Map;+62 java.base@13.0.1
j  java.lang.reflect.Executable.declaredAnnotations()Ljava/util/Map;+35 java.base@13.0.1
j  java.lang.reflect.Executable.getAnnotation(Ljava/lang/Class;)Ljava/lang/annotation/Annotation;+7 java.base@13.0.1
j  java.lang.reflect.Method.getAnnotation(Ljava/lang/Class;)Ljava/lang/annotation/Annotation;+2 java.base@13.0.1
j  org.eclipse.lsp4j.jsonrpc.services.AnnotationUtil.createMethodInfo(Ljava/lang/reflect/Method;Ljava/lang/String;)Lorg/eclipse/lsp4j/jsonrpc/services/AnnotationUtil$MethodInfo;+10
j  org.eclipse.lsp4j.jsonrpc.services.AnnotationUtil.findRpcMethods(Ljava/lang/Class;Ljava/util/Set;Ljava/util/function/Consumer;)V+98
j  org.eclipse.lsp4j.jsonrpc.services.AnnotationUtil.findRpcMethods(Ljava/lang/Class;Ljava/util/Set;Ljava/util/function/Consumer;)V+53
j  org.eclipse.lsp4j.jsonrpc.services.ServiceEndpoints.getSupportedMethods(Ljava/lang/Class;Ljava/util/Set;)Ljava/util/Map;+16
j  org.eclipse.lsp4j.jsonrpc.services.ServiceEndpoints.getSupportedMethods(Ljava/lang/Class;)Ljava/util/Map;+10
j  org.eclipse.lsp4j.jsonrpc.Launcher$Builder.getSupportedMethods()Ljava/util/Map;+39
j  org.eclipse.lsp4j.jsonrpc.Launcher$Builder.createJsonHandler()Lorg/eclipse/lsp4j/jsonrpc/json/MessageJsonHandler;+1
j  org.eclipse.lsp4j.jsonrpc.Launcher$Builder.create()Lorg/eclipse/lsp4j/jsonrpc/Launcher;+69
j  org.eclipse.lemminx.XMLServerLauncher.createServerLauncher(Lorg/eclipse/lsp4j/services/LanguageServer;Ljava/io/InputStream;Ljava/io/OutputStream;Ljava/util/concurrent/ExecutorService;Ljava/util/function/Function;)Lorg/eclipse/lsp4j/jsonrpc/Launcher;+33
j  org.eclipse.lemminx.XMLServerLauncher.launch(Ljava/io/InputStream;Ljava/io/OutputStream;)Ljava/util/concurrent/Future;+46
j  org.eclipse.lemminx.XMLServerLauncher.main([Ljava/lang/String;)V+187
v  ~StubRoutines::call_stub

siginfo: si_signo: 11 (SIGSEGV), si_code: 1 (SEGV_MAPERR), si_addr: 0x0000080800515c60

Register to memory mapping:

RAX=0x0 is NULL
RBX=0x00007f1af90456c0 is pointing into the stack for thread: 0x00007f1af4017000
RCX=0x0000000800515c70 is pointing into metadata
RDX=0x0000000000000006 is an unknown value
RSP=0x00007f1af9045620 is pointing into the stack for thread: 0x00007f1af4017000
RBP=0x00007f1af9045630 is pointing into the stack for thread: 0x00007f1af4017000
RSI=0x0 is NULL
RDI=0x0000080800515c60 is an unknown value
R8 =0x00000000000007d0 is an unknown value
R9 =0x0 is NULL
R10=0x00007f1af40178e0 points into unknown readable memory: 02 00 00 00 1a 7f 00 00
R11=0x00007f1af90456b0 is pointing into the stack for thread: 0x00007f1af4017000
R12=0x0000080800515c60 is an unknown value
R13=0x0000080800515c60 is an unknown value
R14=0x000000080033b990 is a pointer to class: 
jdk.internal.misc.Unsafe {0x000000080033b990}
R15=0x00007f1af90459e0 is pointing into the stack for thread: 0x00007f1af4017000


Registers:
RAX=0x0000000000000000, RBX=0x00007f1af90456c0, RCX=0x0000000800515c70, RDX=0x0000000000000006
RSP=0x00007f1af9045620, RBP=0x00007f1af9045630, RSI=0x0000000000000000, RDI=0x0000080800515c60
R8 =0x00000000000007d0, R9 =0x0000000000000000, R10=0x00007f1af40178e0, R11=0x00007f1af90456b0
R12=0x0000080800515c60, R13=0x0000080800515c60, R14=0x000000080033b990, R15=0x00007f1af90459e0
RIP=0x00007f1af9e3806c, EFLAGS=0x0000000000010246, CSGSFS=0x002b000000000033, ERR=0x0000000000000004
  TRAPNO=0x000000000000000e

Top of Stack: (sp=0x00007f1af9045620)
0x00007f1af9045620:   00007f1af90456c0 0000000800515c70
0x00007f1af9045630:   00007f1af9045660 00007f1af9c7511a
0x00007f1af9045640:   00007f1af4017000 00007f1af9045860
0x00007f1af9045650:   000000080033b990 00007f1af90456c0 

Instructions: (pc=0x00007f1af9e3806c)
0x00007f1af9e37f6c:   00 00 00 48 63 f6 44 0f b6 44 37 06 44 88 04 30
0x00007f1af9e37f7c:   8d 72 07 39 f1 0f 8e 9c 00 00 00 48 63 f6 44 0f
0x00007f1af9e37f8c:   b6 44 37 06 44 88 04 30 8d 72 08 39 f1 0f 8e 84
0x00007f1af9e37f9c:   00 00 00 48 63 f6 44 0f b6 44 37 06 44 88 04 30
0x00007f1af9e37fac:   8d 72 09 39 f1 7e 70 48 63 f6 44 0f b6 44 37 06
0x00007f1af9e37fbc:   44 88 04 30 8d 72 0a 39 f1 7e 5c 48 63 f6 44 0f
0x00007f1af9e37fcc:   b6 44 37 06 44 88 04 30 8d 72 0b 39 f1 7e 48 48
0x00007f1af9e37fdc:   63 f6 44 0f b6 44 37 06 44 88 04 30 8d 72 0c 39
0x00007f1af9e37fec:   f1 7e 34 48 63 f6 44 0f b6 44 37 06 44 88 04 30
0x00007f1af9e37ffc:   8d 72 0d 39 f1 7e 20 48 63 f6 83 c2 0e 44 0f b6
0x00007f1af9e3800c:   44 37 06 44 88 04 30 39 d1 7e 0c 48 63 d2 0f b6
0x00007f1af9e3801c:   74 17 06 40 88 34 10 48 63 c9 c6 04 08 00 c3 0f
0x00007f1af9e3802c:   1f 44 00 00 c3 0f 1f 80 00 00 00 00 89 d6 31 d2
0x00007f1af9e3803c:   eb 05 66 90 4c 89 c2 44 0f b6 44 17 06 44 88 04
0x00007f1af9e3804c:   10 4c 8d 42 01 48 39 f2 75 ea 48 63 c9 c6 04 08
0x00007f1af9e3805c:   00 c3 66 90 55 31 f6 48 89 e5 41 54 49 89 fc 53
0x00007f1af9e3806c:   8b 17 89 d3 c1 eb 10 8d 7b 01 48 63 ff e8 62 01
0x00007f1af9e3807c:   f6 ff 41 8b 14 24 c1 ea 10 39 da 48 0f 4f d3 85
0x00007f1af9e3808c:   d2 0f 84 a2 01 00 00 49 8d 74 24 06 48 8d 78 10
0x00007f1af9e3809c:   48 39 f7 49 8d 74 24 16 8d 4a ff 40 0f 96 c7 48
0x00007f1af9e380ac:   39 f0 40 0f 93 c6 40 08 f7 0f 84 85 01 00 00 83
0x00007f1af9e380bc:   f9 0e 0f 86 7c 01 00 00 89 d6 31 c9 c1 ee 04 48
0x00007f1af9e380cc:   c1 e6 04 90 f3 41 0f 6f 44 0c 06 0f 11 04 08 48
0x00007f1af9e380dc:   83 c1 10 48 39 f1 75 ec 89 d1 83 e1 f0 39 ca 0f
0x00007f1af9e380ec:   84 44 01 00 00 89 ce 41 0f b6 7c 34 06 40 88 3c
0x00007f1af9e380fc:   30 8d 71 01 39 f2 0f 8e 2d 01 00 00 48 63 f6 41
0x00007f1af9e3810c:   0f b6 7c 34 06 40 88 3c 30 8d 71 02 39 f2 0f 8e
0x00007f1af9e3811c:   15 01 00 00 48 63 f6 41 0f b6 7c 34 06 40 88 3c
0x00007f1af9e3812c:   30 8d 71 03 39 f2 0f 8e fd 00 00 00 48 63 f6 41
0x00007f1af9e3813c:   0f b6 7c 34 06 40 88 3c 30 8d 71 04 39 f2 0f 8e
0x00007f1af9e3814c:   e5 00 00 00 48 63 f6 41 0f b6 7c 34 06 40 88 3c
0x00007f1af9e3815c:   30 8d 71 05 39 f2 0f 8e cd 00 00 00 48 63 f6 41 


Stack slot to memory mapping:
stack at sp + 0 slots: 0x00007f1af90456c0 is pointing into the stack for thread: 0x00007f1af4017000
stack at sp + 1 slots: 0x0000000800515c70 is pointing into metadata
stack at sp + 2 slots: 0x00007f1af9045660 is pointing into the stack for thread: 0x00007f1af4017000
stack at sp + 3 slots: 0x00007f1af9c7511a: <offset 0x0000000000b4611a> in /opt/jdk-13.0.1/lib/server/libjvm.so at 0x00007f1af912f000
stack at sp + 4 slots: 0x00007f1af4017000 is a thread
stack at sp + 5 slots: 0x00007f1af9045860 is pointing into the stack for thread: 0x00007f1af4017000
stack at sp + 6 slots: 0x000000080033b990 is a pointer to class: 
jdk.internal.misc.Unsafe {0x000000080033b990}
stack at sp + 7 slots: 0x00007f1af90456c0 is pointing into the stack for thread: 0x00007f1af4017000


---------------  P R O C E S S  ---------------

Threads class SMR info:
_java_thread_list=0x00007f1af41dd860, length=10, elements={
0x00007f1af4017000, 0x00007f1af40cd800, 0x00007f1af40cf800, 0x00007f1af40d5800,
0x00007f1af40d7800, 0x00007f1af40d9800, 0x00007f1af40db800, 0x00007f1af413c000,
0x00007f1af4141000, 0x00007f1af41e1000
}

Java Threads: ( => current thread )
=>0x00007f1af4017000 JavaThread "main" [_thread_in_vm, id=93694, stack(0x00007f1af8f48000,0x00007f1af9048000)]
  0x00007f1af40cd800 JavaThread "Reference Handler" daemon [_thread_blocked, id=93701, stack(0x00007f1acd47b000,0x00007f1acd57b000)]
  0x00007f1af40cf800 JavaThread "Finalizer" daemon [_thread_blocked, id=93702, stack(0x00007f1acd37b000,0x00007f1acd47b000)]
  0x00007f1af40d5800 JavaThread "Signal Dispatcher" daemon [_thread_blocked, id=93703, stack(0x00007f1accd07000,0x00007f1acce07000)]
  0x00007f1af40d7800 JavaThread "C2 CompilerThread0" daemon [_thread_blocked, id=93704, stack(0x00007f1accc07000,0x00007f1accd07000)]
  0x00007f1af40d9800 JavaThread "C1 CompilerThread0" daemon [_thread_blocked, id=93705, stack(0x00007f1accb07000,0x00007f1accc07000)]
  0x00007f1af40db800 JavaThread "Sweeper thread" daemon [_thread_blocked, id=93706, stack(0x00007f1acca07000,0x00007f1accb07000)]
  0x00007f1af413c000 JavaThread "Service Thread" daemon [_thread_blocked, id=93707, stack(0x00007f1acc907000,0x00007f1acca07000)]
  0x00007f1af4141000 JavaThread "Common-Cleaner" daemon [_thread_blocked, id=93709, stack(0x00007f1acc705000,0x00007f1acc805000)]
  0x00007f1af41e1000 JavaThread "pool-4-thread-1" [_thread_blocked, id=93711, stack(0x00007f1acc5bd000,0x00007f1acc6bd000)]

Other Threads:
  0x00007f1af40ca800 VMThread "VM Thread" [stack: 0x00007f1acd57d000,0x00007f1acd67d000] [id=93700]
  0x00007f1af413e800 WatcherThread [stack: 0x00007f1acc807000,0x00007f1acc907000] [id=93708]
  0x00007f1af4049000 GCTaskThread "GC Thread#0" [stack: 0x00007f1af819a000,0x00007f1af829a000] [id=93695]
  0x00007f1af404b800 ConcurrentGCThread "G1 Main Marker" [stack: 0x00007f1af8098000,0x00007f1af8198000] [id=93696]
  0x00007f1af404d800 ConcurrentGCThread "G1 Conc#0" [stack: 0x00007f1adc972000,0x00007f1adca72000] [id=93697]
  0x00007f1af40a2000 ConcurrentGCThread "G1 Refine#0" [stack: 0x00007f1adc068000,0x00007f1adc168000] [id=93698]
  0x00007f1af40a4000 ConcurrentGCThread "G1 Young RemSet Sampling" [stack: 0x00007f1acdf00000,0x00007f1ace000000] [id=93699]

Threads with active compile tasks:

VM state:not at safepoint (normal execution)

VM Mutex/Monitor currently owned by a thread: None

Heap address: 0x00000000fc000000, size: 64 MB, Compressed Oops mode: 32-bit
Narrow klass base: 0x0000000800000000, Narrow klass shift: 3
Compressed class space size: 1073741824 Address: 0x0000000800aeb000

Heap:
 garbage-first heap   total 65536K, used 5896K [0x00000000fc000000, 0x0000000100000000)
  region size 1024K, 5 young (5120K), 0 survivors (0K)
 Metaspace       used 1837K, capacity 5445K, committed 5760K, reserved 1056768K
  class space    used 220K, capacity 537K, committed 640K, reserved 1048576K
Heap Regions: E=young(eden), S=young(survivor), O=old, HS=humongous(starts), HC=humongous(continues), CS=collection set, F=free, A=archive, TAMS=top-at-mark-start (previous, next)
|   0|0x00000000fc000000, 0x00000000fc100000, 0x00000000fc100000|100%|HS|  |TAMS 0x00000000fc000000, 0x00000000fc000000| Complete 
|   1|0x00000000fc100000, 0x00000000fc100000, 0x00000000fc200000|  0%| F|  |TAMS 0x00000000fc100000, 0x00000000fc100000| Untracked 
|   2|0x00000000fc200000, 0x00000000fc200000, 0x00000000fc300000|  0%| F|  |TAMS 0x00000000fc200000, 0x00000000fc200000| Untracked 
|   3|0x00000000fc300000, 0x00000000fc300000, 0x00000000fc400000|  0%| F|  |TAMS 0x00000000fc300000, 0x00000000fc300000| Untracked 
|   4|0x00000000fc400000, 0x00000000fc400000, 0x00000000fc500000|  0%| F|  |TAMS 0x00000000fc400000, 0x00000000fc400000| Untracked 
|   5|0x00000000fc500000, 0x00000000fc500000, 0x00000000fc600000|  0%| F|  |TAMS 0x00000000fc500000, 0x00000000fc500000| Untracked 
|   6|0x00000000fc600000, 0x00000000fc600000, 0x00000000fc700000|  0%| F|  |TAMS 0x00000000fc600000, 0x00000000fc600000| Untracked 
|   7|0x00000000fc700000, 0x00000000fc700000, 0x00000000fc800000|  0%| F|  |TAMS 0x00000000fc700000, 0x00000000fc700000| Untracked 
|   8|0x00000000fc800000, 0x00000000fc800000, 0x00000000fc900000|  0%| F|  |TAMS 0x00000000fc800000, 0x00000000fc800000| Untracked 
|   9|0x00000000fc900000, 0x00000000fc900000, 0x00000000fca00000|  0%| F|  |TAMS 0x00000000fc900000, 0x00000000fc900000| Untracked 
|  10|0x00000000fca00000, 0x00000000fca00000, 0x00000000fcb00000|  0%| F|  |TAMS 0x00000000fca00000, 0x00000000fca00000| Untracked 
|  11|0x00000000fcb00000, 0x00000000fcb00000, 0x00000000fcc00000|  0%| F|  |TAMS 0x00000000fcb00000, 0x00000000fcb00000| Untracked 
|  12|0x00000000fcc00000, 0x00000000fcc00000, 0x00000000fcd00000|  0%| F|  |TAMS 0x00000000fcc00000, 0x00000000fcc00000| Untracked 
|  13|0x00000000fcd00000, 0x00000000fcd00000, 0x00000000fce00000|  0%| F|  |TAMS 0x00000000fcd00000, 0x00000000fcd00000| Untracked 
|  14|0x00000000fce00000, 0x00000000fce00000, 0x00000000fcf00000|  0%| F|  |TAMS 0x00000000fce00000, 0x00000000fce00000| Untracked 
|  15|0x00000000fcf00000, 0x00000000fcf00000, 0x00000000fd000000|  0%| F|  |TAMS 0x00000000fcf00000, 0x00000000fcf00000| Untracked 
|  16|0x00000000fd000000, 0x00000000fd000000, 0x00000000fd100000|  0%| F|  |TAMS 0x00000000fd000000, 0x00000000fd000000| Untracked 
|  17|0x00000000fd100000, 0x00000000fd100000, 0x00000000fd200000|  0%| F|  |TAMS 0x00000000fd100000, 0x00000000fd100000| Untracked 
|  18|0x00000000fd200000, 0x00000000fd200000, 0x00000000fd300000|  0%| F|  |TAMS 0x00000000fd200000, 0x00000000fd200000| Untracked 
|  19|0x00000000fd300000, 0x00000000fd300000, 0x00000000fd400000|  0%| F|  |TAMS 0x00000000fd300000, 0x00000000fd300000| Untracked 
|  20|0x00000000fd400000, 0x00000000fd400000, 0x00000000fd500000|  0%| F|  |TAMS 0x00000000fd400000, 0x00000000fd400000| Untracked 
|  21|0x00000000fd500000, 0x00000000fd500000, 0x00000000fd600000|  0%| F|  |TAMS 0x00000000fd500000, 0x00000000fd500000| Untracked 
|  22|0x00000000fd600000, 0x00000000fd600000, 0x00000000fd700000|  0%| F|  |TAMS 0x00000000fd600000, 0x00000000fd600000| Untracked 
|  23|0x00000000fd700000, 0x00000000fd700000, 0x00000000fd800000|  0%| F|  |TAMS 0x00000000fd700000, 0x00000000fd700000| Untracked 
|  24|0x00000000fd800000, 0x00000000fd800000, 0x00000000fd900000|  0%| F|  |TAMS 0x00000000fd800000, 0x00000000fd800000| Untracked 
|  25|0x00000000fd900000, 0x00000000fd900000, 0x00000000fda00000|  0%| F|  |TAMS 0x00000000fd900000, 0x00000000fd900000| Untracked 
|  26|0x00000000fda00000, 0x00000000fda00000, 0x00000000fdb00000|  0%| F|  |TAMS 0x00000000fda00000, 0x00000000fda00000| Untracked 
|  27|0x00000000fdb00000, 0x00000000fdb00000, 0x00000000fdc00000|  0%| F|  |TAMS 0x00000000fdb00000, 0x00000000fdb00000| Untracked 
|  28|0x00000000fdc00000, 0x00000000fdc00000, 0x00000000fdd00000|  0%| F|  |TAMS 0x00000000fdc00000, 0x00000000fdc00000| Untracked 
|  29|0x00000000fdd00000, 0x00000000fdd00000, 0x00000000fde00000|  0%| F|  |TAMS 0x00000000fdd00000, 0x00000000fdd00000| Untracked 
|  30|0x00000000fde00000, 0x00000000fde00000, 0x00000000fdf00000|  0%| F|  |TAMS 0x00000000fde00000, 0x00000000fde00000| Untracked 
|  31|0x00000000fdf00000, 0x00000000fdf00000, 0x00000000fe000000|  0%| F|  |TAMS 0x00000000fdf00000, 0x00000000fdf00000| Untracked 
|  32|0x00000000fe000000, 0x00000000fe000000, 0x00000000fe100000|  0%| F|  |TAMS 0x00000000fe000000, 0x00000000fe000000| Untracked 
|  33|0x00000000fe100000, 0x00000000fe100000, 0x00000000fe200000|  0%| F|  |TAMS 0x00000000fe100000, 0x00000000fe100000| Untracked 
|  34|0x00000000fe200000, 0x00000000fe200000, 0x00000000fe300000|  0%| F|  |TAMS 0x00000000fe200000, 0x00000000fe200000| Untracked 
|  35|0x00000000fe300000, 0x00000000fe300000, 0x00000000fe400000|  0%| F|  |TAMS 0x00000000fe300000, 0x00000000fe300000| Untracked 
|  36|0x00000000fe400000, 0x00000000fe400000, 0x00000000fe500000|  0%| F|  |TAMS 0x00000000fe400000, 0x00000000fe400000| Untracked 
|  37|0x00000000fe500000, 0x00000000fe500000, 0x00000000fe600000|  0%| F|  |TAMS 0x00000000fe500000, 0x00000000fe500000| Untracked 
|  38|0x00000000fe600000, 0x00000000fe600000, 0x00000000fe700000|  0%| F|  |TAMS 0x00000000fe600000, 0x00000000fe600000| Untracked 
|  39|0x00000000fe700000, 0x00000000fe700000, 0x00000000fe800000|  0%| F|  |TAMS 0x00000000fe700000, 0x00000000fe700000| Untracked 
|  40|0x00000000fe800000, 0x00000000fe800000, 0x00000000fe900000|  0%| F|  |TAMS 0x00000000fe800000, 0x00000000fe800000| Untracked 
|  41|0x00000000fe900000, 0x00000000fe900000, 0x00000000fea00000|  0%| F|  |TAMS 0x00000000fe900000, 0x00000000fe900000| Untracked 
|  42|0x00000000fea00000, 0x00000000fea00000, 0x00000000feb00000|  0%| F|  |TAMS 0x00000000fea00000, 0x00000000fea00000| Untracked 
|  43|0x00000000feb00000, 0x00000000feb00000, 0x00000000fec00000|  0%| F|  |TAMS 0x00000000feb00000, 0x00000000feb00000| Untracked 
|  44|0x00000000fec00000, 0x00000000fec00000, 0x00000000fed00000|  0%| F|  |TAMS 0x00000000fec00000, 0x00000000fec00000| Untracked 
|  45|0x00000000fed00000, 0x00000000fed00000, 0x00000000fee00000|  0%| F|  |TAMS 0x00000000fed00000, 0x00000000fed00000| Untracked 
|  46|0x00000000fee00000, 0x00000000fee00000, 0x00000000fef00000|  0%| F|  |TAMS 0x00000000fee00000, 0x00000000fee00000| Untracked 
|  47|0x00000000fef00000, 0x00000000fef00000, 0x00000000ff000000|  0%| F|  |TAMS 0x00000000fef00000, 0x00000000fef00000| Untracked 
|  48|0x00000000ff000000, 0x00000000ff000000, 0x00000000ff100000|  0%| F|  |TAMS 0x00000000ff000000, 0x00000000ff000000| Untracked 
|  49|0x00000000ff100000, 0x00000000ff100000, 0x00000000ff200000|  0%| F|  |TAMS 0x00000000ff100000, 0x00000000ff100000| Untracked 
|  50|0x00000000ff200000, 0x00000000ff200000, 0x00000000ff300000|  0%| F|  |TAMS 0x00000000ff200000, 0x00000000ff200000| Untracked 
|  51|0x00000000ff300000, 0x00000000ff300000, 0x00000000ff400000|  0%| F|  |TAMS 0x00000000ff300000, 0x00000000ff300000| Untracked 
|  52|0x00000000ff400000, 0x00000000ff400000, 0x00000000ff500000|  0%| F|  |TAMS 0x00000000ff400000, 0x00000000ff400000| Untracked 
|  53|0x00000000ff500000, 0x00000000ff500000, 0x00000000ff600000|  0%| F|  |TAMS 0x00000000ff500000, 0x00000000ff500000| Untracked 
|  54|0x00000000ff600000, 0x00000000ff600000, 0x00000000ff700000|  0%| F|  |TAMS 0x00000000ff600000, 0x00000000ff600000| Untracked 
|  55|0x00000000ff700000, 0x00000000ff700000, 0x00000000ff800000|  0%| F|  |TAMS 0x00000000ff700000, 0x00000000ff700000| Untracked 
|  56|0x00000000ff800000, 0x00000000ff800000, 0x00000000ff900000|  0%| F|  |TAMS 0x00000000ff800000, 0x00000000ff800000| Untracked 
|  57|0x00000000ff900000, 0x00000000ff97e758, 0x00000000ffa00000| 49%| E|  |TAMS 0x00000000ff900000, 0x00000000ff900000| Complete 
|  58|0x00000000ffa00000, 0x00000000ffb00000, 0x00000000ffb00000|100%| E|CS|TAMS 0x00000000ffa00000, 0x00000000ffa00000| Complete 
|  59|0x00000000ffb00000, 0x00000000ffc00000, 0x00000000ffc00000|100%| E|CS|TAMS 0x00000000ffb00000, 0x00000000ffb00000| Complete 
|  60|0x00000000ffc00000, 0x00000000ffd00000, 0x00000000ffd00000|100%| E|CS|TAMS 0x00000000ffc00000, 0x00000000ffc00000| Complete 
|  61|0x00000000ffd00000, 0x00000000ffe00000, 0x00000000ffe00000|100%| E|CS|TAMS 0x00000000ffd00000, 0x00000000ffd00000| Complete 
|  62|0x00000000ffe00000, 0x00000000ffe48000, 0x00000000fff00000| 28%|OA|  |TAMS 0x00000000ffe00000, 0x00000000ffe00000| Untracked 
|  63|0x00000000fff00000, 0x00000000fff7a000, 0x0000000100000000| 47%|CA|  |TAMS 0x00000000fff00000, 0x00000000fff00000| Untracked 

Card table byte_map: [0x00007f1af84bf000,0x00007f1af84df000] _byte_map_base: 0x00007f1af7cdf000

Marking Bits (Prev, Next): (CMBitMap*) 0x00007f1af404a578, (CMBitMap*) 0x00007f1af404a5b8
 Prev Bits: [0x00007f1af839f000, 0x00007f1af849f000)
 Next Bits: [0x00007f1af829f000, 0x00007f1af839f000)

Polling page: 0x00007f1afa5f7000

Metaspace:

Usage:
  Non-class:      4,79 MB capacity,     1,58 MB ( 33%) used,     3,21 MB ( 67%) free+waste,     2,81 KB ( <1%) overhead. 
      Class:    537,00 KB capacity,   220,28 KB ( 41%) used,   315,09 KB ( 59%) free+waste,     1,62 KB ( <1%) overhead. 
       Both:      5,32 MB capacity,     1,79 MB ( 34%) used,     3,52 MB ( 66%) free+waste,     4,44 KB ( <1%) overhead. 

Virtual space:
  Non-class space:        8,00 MB reserved,       5,00 MB ( 62%) committed 
      Class space:        1,00 GB reserved,     640,00 KB ( <1%) committed 
             Both:        1,01 GB reserved,       5,62 MB ( <1%) committed 

Chunk freelists:
   Non-Class:  28,00 KB
       Class:  27,00 KB
        Both:  55,00 KB

MaxMetaspaceSize: unlimited
CompressedClassSpaceSize: 1,00 GB

CodeHeap 'non-profiled nmethods': size=120032Kb used=98Kb max_used=98Kb free=119933Kb
 bounds [0x00007f1ae453a000, 0x00007f1ae47aa000, 0x00007f1aeba72000]
CodeHeap 'profiled nmethods': size=120028Kb used=396Kb max_used=396Kb free=119631Kb
 bounds [0x00007f1add003000, 0x00007f1add273000, 0x00007f1ae453a000]
CodeHeap 'non-nmethods': size=5700Kb used=1134Kb max_used=1146Kb free=4565Kb
 bounds [0x00007f1adca72000, 0x00007f1adcce2000, 0x00007f1add003000]
 total_blobs=759 nmethods=304 adapters=277
 compilation: enabled
              stopped_count=0, restarted_count=0
 full_count=0

Compilation events (20 events):
Event: 0,069 Thread 0x00007f1af40d9800  292       3       java.security.CodeSource::getCertificates (98 bytes)
Event: 0,070 Thread 0x00007f1af40d9800 nmethod 292 0x00007f1add05e710 code [0x00007f1add05e980, 0x00007f1add05f5b8]
Event: 0,070 Thread 0x00007f1af40d9800  293       3       java.lang.invoke.DirectMethodHandle::internalMemberName (8 bytes)
Event: 0,070 Thread 0x00007f1af40d9800 nmethod 293 0x00007f1add05f890 code [0x00007f1add05fa40, 0x00007f1add05fc90]
Event: 0,071 Thread 0x00007f1af40d9800  294       3       java.lang.reflect.Modifier::isStatic (13 bytes)
Event: 0,072 Thread 0x00007f1af40d9800 nmethod 294 0x00007f1add05fd90 code [0x00007f1add05ff20, 0x00007f1add0600b0]
Event: 0,072 Thread 0x00007f1af40d9800  296       3       sun.invoke.util.VerifyAccess::isTypeVisible (118 bytes)
Event: 0,073 Thread 0x00007f1af40d9800 nmethod 296 0x00007f1add060110 code [0x00007f1add060520, 0x00007f1add0624f8]
Event: 0,073 Thread 0x00007f1af40d7800  298       4       java.util.concurrent.ConcurrentHashMap::tabAt (22 bytes)
Event: 0,073 Thread 0x00007f1af40d7800 nmethod 298 0x00007f1ae4551f90 code [0x00007f1ae4552100, 0x00007f1ae4552158]
Event: 0,074 Thread 0x00007f1af40d9800  300       3       java.lang.Object::equals (11 bytes)
Event: 0,074 Thread 0x00007f1af40d9800 nmethod 300 0x00007f1add062e90 code [0x00007f1add063020, 0x00007f1add0631f0]
Event: 0,074 Thread 0x00007f1af40d9800  301       1       sun.invoke.util.Wrapper::basicTypeChar (5 bytes)
Event: 0,074 Thread 0x00007f1af40d9800 nmethod 301 0x00007f1ae4552590 code [0x00007f1ae4552720, 0x00007f1ae4552850]
Event: 0,074 Thread 0x00007f1af40d9800  302       3       java.util.zip.ZipFile$Source::getEntryPos (208 bytes)
Event: 0,075 Thread 0x00007f1af40d9800 nmethod 302 0x00007f1add063290 code [0x00007f1add063500, 0x00007f1add064348]
Event: 0,075 Thread 0x00007f1af40d9800  304       3       java.lang.StringLatin1::indexOf (121 bytes)
Event: 0,075 Thread 0x00007f1af40d9800 nmethod 304 0x00007f1add064990 code [0x00007f1add064b60, 0x00007f1add065090]
Event: 0,075 Thread 0x00007f1af40d9800  303       3       sun.net.www.ParseUtil::firstEncodeIndex (86 bytes)
Event: 0,075 Thread 0x00007f1af40d9800 nmethod 303 0x00007f1add065310 code [0x00007f1add065560, 0x00007f1add065f68]

GC Heap History (0 events):
No events

Deoptimization events (0 events):
No events

Classes unloaded (0 events):
No events

Classes redefined (0 events):
No events

Internal exceptions (0 events):
No events

Events (20 events):
Event: 0,077 loading class sun/reflect/generics/scope/ClassScope
Event: 0,077 loading class sun/reflect/generics/scope/Scope
Event: 0,077 loading class sun/reflect/generics/scope/Scope done
Event: 0,077 loading class sun/reflect/generics/scope/AbstractScope
Event: 0,077 loading class sun/reflect/generics/scope/AbstractScope done
Event: 0,077 loading class sun/reflect/generics/scope/ClassScope done
Event: 0,077 loading class sun/reflect/generics/factory/CoreReflectionFactory
Event: 0,077 loading class sun/reflect/generics/factory/GenericsFactory
Event: 0,077 loading class sun/reflect/generics/factory/GenericsFactory done
Event: 0,077 loading class sun/reflect/generics/factory/CoreReflectionFactory done
Event: 0,077 loading class sun/reflect/generics/visitor/Reifier
Event: 0,077 loading class sun/reflect/generics/visitor/TypeTreeVisitor
Event: 0,077 loading class sun/reflect/generics/visitor/TypeTreeVisitor done
Event: 0,077 loading class sun/reflect/generics/visitor/Reifier done
Event: 0,077 loading class java/lang/reflect/GenericArrayType
Event: 0,077 loading class java/lang/reflect/GenericArrayType done
Event: 0,077 loading class sun/reflect/annotation/AnnotationType
Event: 0,077 loading class sun/reflect/annotation/AnnotationType done
Event: 0,077 loading class sun/reflect/annotation/AnnotationType$1
Event: 0,077 loading class sun/reflect/annotation/AnnotationType$1 done


Dynamic libraries:
00400000-00401000 r-xp 00000000 103:03 132169                            /opt/jdk-13.0.1/bin/java
00401000-00402000 r--p 00000000 103:03 132169                            /opt/jdk-13.0.1/bin/java
00402000-00403000 rw-p 00001000 103:03 132169                            /opt/jdk-13.0.1/bin/java
00730000-00751000 rw-p 00000000 00:00 0                                  [heap]
fc000000-ffe00000 rw-p 00000000 00:00 0 
ffe00000-ffe48000 rw-p 00b66000 103:03 1967724                           /opt/jdk-13.0.1/lib/server/classes.jsa
ffe48000-fff00000 rw-p 00000000 00:00 0 
fff00000-fff7a000 rw-p 00aec000 103:03 1967724                           /opt/jdk-13.0.1/lib/server/classes.jsa
fff7a000-100000000 rw-p 00000000 00:00 0 
800000000-800003000 rwxp 00001000 103:03 1967724                         /opt/jdk-13.0.1/lib/server/classes.jsa
800003000-8003d7000 rw-p 00004000 103:03 1967724                         /opt/jdk-13.0.1/lib/server/classes.jsa
8003d7000-800aea000 r--p 003d8000 103:03 1967724                         /opt/jdk-13.0.1/lib/server/classes.jsa
800aea000-800aeb000 rw-p 00aeb000 103:03 1967724                         /opt/jdk-13.0.1/lib/server/classes.jsa
800aeb000-800b8b000 rw-p 00000000 00:00 0 
800b8b000-840aeb000 ---p 00000000 00:00 0 
7f1a98000000-7f1a98021000 rw-p 00000000 00:00 0 
7f1a98021000-7f1a9c000000 ---p 00000000 00:00 0 
7f1a9c000000-7f1a9c021000 rw-p 00000000 00:00 0 
7f1a9c021000-7f1aa0000000 ---p 00000000 00:00 0 
7f1aa0000000-7f1aa0021000 rw-p 00000000 00:00 0 
7f1aa0021000-7f1aa4000000 ---p 00000000 00:00 0 
7f1aa4000000-7f1aa4021000 rw-p 00000000 00:00 0 
7f1aa4021000-7f1aa8000000 ---p 00000000 00:00 0 
7f1aa8000000-7f1aa8066000 rw-p 00000000 00:00 0 
7f1aa8066000-7f1aac000000 ---p 00000000 00:00 0 
7f1aac000000-7f1aac021000 rw-p 00000000 00:00 0 
7f1aac021000-7f1ab0000000 ---p 00000000 00:00 0 
7f1ab0000000-7f1ab0021000 rw-p 00000000 00:00 0 
7f1ab0021000-7f1ab4000000 ---p 00000000 00:00 0 
7f1ab4000000-7f1ab40be000 rw-p 00000000 00:00 0 
7f1ab40be000-7f1ab8000000 ---p 00000000 00:00 0 
7f1ab8000000-7f1ab8021000 rw-p 00000000 00:00 0 
7f1ab8021000-7f1abc000000 ---p 00000000 00:00 0 
7f1abc000000-7f1abc021000 rw-p 00000000 00:00 0 
7f1abc021000-7f1ac0000000 ---p 00000000 00:00 0 
7f1ac0000000-7f1ac0021000 rw-p 00000000 00:00 0 
7f1ac0021000-7f1ac4000000 ---p 00000000 00:00 0 
7f1ac4000000-7f1ac4021000 rw-p 00000000 00:00 0 
7f1ac4021000-7f1ac8000000 ---p 00000000 00:00 0 
7f1ac8000000-7f1ac8021000 rw-p 00000000 00:00 0 
7f1ac8021000-7f1acc000000 ---p 00000000 00:00 0 
7f1acc1f3000-7f1acc5bd000 rw-p 00000000 00:00 0 
7f1acc5bd000-7f1acc5c1000 ---p 00000000 00:00 0 
7f1acc5c1000-7f1acc6ee000 rw-p 00000000 00:00 0 
7f1acc6ee000-7f1acc703000 r-xp 00000000 103:03 1967704                   /opt/jdk-13.0.1/lib/libnet.so
7f1acc703000-7f1acc704000 r--p 00014000 103:03 1967704                   /opt/jdk-13.0.1/lib/libnet.so
7f1acc704000-7f1acc705000 rw-p 00015000 103:03 1967704                   /opt/jdk-13.0.1/lib/libnet.so
7f1acc705000-7f1acc709000 ---p 00000000 00:00 0 
7f1acc709000-7f1acc805000 rw-p 00000000 00:00 0 
7f1acc805000-7f1acc806000 ---p 00000000 00:00 0 
7f1acc806000-7f1acc907000 rw-p 00000000 00:00 0 
7f1acc907000-7f1acc90b000 ---p 00000000 00:00 0 
7f1acc90b000-7f1acca07000 rw-p 00000000 00:00 0 
7f1acca07000-7f1acca0b000 ---p 00000000 00:00 0 
7f1acca0b000-7f1accb07000 rw-p 00000000 00:00 0 
7f1accb07000-7f1accb0b000 ---p 00000000 00:00 0 
7f1accb0b000-7f1accc07000 rw-p 00000000 00:00 0 
7f1accc07000-7f1accc0b000 ---p 00000000 00:00 0 
7f1accc0b000-7f1accd07000 rw-p 00000000 00:00 0 
7f1accd07000-7f1accd0b000 ---p 00000000 00:00 0 
7f1accd0b000-7f1acce07000 rw-p 00000000 00:00 0 
7f1acce07000-7f1acd37b000 r--p 00000000 103:03 10623250                  /usr/lib/locale/locale-archive
7f1acd37b000-7f1acd37f000 ---p 00000000 00:00 0 
7f1acd37f000-7f1acd47b000 rw-p 00000000 00:00 0 
7f1acd47b000-7f1acd47f000 ---p 00000000 00:00 0 
7f1acd47f000-7f1acd57b000 rw-p 00000000 00:00 0 
7f1acd57b000-7f1acd57c000 ---p 00000000 00:00 0 
7f1acd57c000-7f1acdbfe000 rw-p 00000000 00:00 0 
7f1acdbfe000-7f1acdefe000 ---p 00000000 00:00 0 
7f1acdefe000-7f1acdeff000 ---p 00000000 00:00 0 
7f1acdeff000-7f1ad0000000 rw-p 00000000 00:00 0 
7f1ad0000000-7f1ad0021000 rw-p 00000000 00:00 0 
7f1ad0021000-7f1ad4000000 ---p 00000000 00:00 0 
7f1ad4000000-7f1ad4021000 rw-p 00000000 00:00 0 
7f1ad4021000-7f1ad8000000 ---p 00000000 00:00 0 
7f1ad8000000-7f1ad8021000 rw-p 00000000 00:00 0 
7f1ad8021000-7f1adc000000 ---p 00000000 00:00 0 
7f1adc00b000-7f1adc066000 rw-p 00000000 00:00 0 
7f1adc066000-7f1adc067000 ---p 00000000 00:00 0 
7f1adc067000-7f1adc970000 rw-p 00000000 00:00 0 
7f1adc970000-7f1adc971000 ---p 00000000 00:00 0 
7f1adc971000-7f1adca72000 rw-p 00000000 00:00 0 
7f1adca72000-7f1adcce2000 rwxp 00000000 00:00 0 
7f1adcce2000-7f1add003000 ---p 00000000 00:00 0 
7f1add003000-7f1add273000 rwxp 00000000 00:00 0 
7f1add273000-7f1ae453a000 ---p 00000000 00:00 0 
7f1ae453a000-7f1ae47aa000 rwxp 00000000 00:00 0 
7f1ae47aa000-7f1aeba72000 ---p 00000000 00:00 0 
7f1aeba72000-7f1af4000000 r--s 00000000 103:03 1967715                   /opt/jdk-13.0.1/lib/modules
7f1af4000000-7f1af41fe000 rw-p 00000000 00:00 0 
7f1af41fe000-7f1af8000000 ---p 00000000 00:00 0 
7f1af8000000-7f1af8011000 r-xp 00000000 103:03 1967705                   /opt/jdk-13.0.1/lib/libnio.so
7f1af8011000-7f1af8012000 r--p 00010000 103:03 1967705                   /opt/jdk-13.0.1/lib/libnio.so
7f1af8012000-7f1af8013000 rw-p 00011000 103:03 1967705                   /opt/jdk-13.0.1/lib/libnio.so
7f1af8013000-7f1af8096000 rw-p 00000000 00:00 0 
7f1af8096000-7f1af8097000 ---p 00000000 00:00 0 
7f1af8097000-7f1af8198000 rw-p 00000000 00:00 0 
7f1af8198000-7f1af8199000 ---p 00000000 00:00 0 
7f1af8199000-7f1af84bf000 rw-p 00000000 00:00 0 
7f1af84bf000-7f1af8d0c000 rw-p 00000000 00:00 0 
7f1af8d0c000-7f1af8df2000 ---p 00000000 00:00 0 
7f1af8df2000-7f1af8df7000 rw-p 00000000 00:00 0 
7f1af8df7000-7f1af8edd000 ---p 00000000 00:00 0 
7f1af8edd000-7f1af8ee2000 rw-p 00000000 00:00 0 
7f1af8ee2000-7f1af8ee9000 ---p 00000000 00:00 0 
7f1af8ee9000-7f1af8f04000 r-xp 00000000 103:03 1967695                   /opt/jdk-13.0.1/lib/libjimage.so
7f1af8f04000-7f1af8f05000 ---p 0001b000 103:03 1967695                   /opt/jdk-13.0.1/lib/libjimage.so
7f1af8f05000-7f1af8f07000 r--p 0001b000 103:03 1967695                   /opt/jdk-13.0.1/lib/libjimage.so
7f1af8f07000-7f1af8f08000 rw-p 0001d000 103:03 1967695                   /opt/jdk-13.0.1/lib/libjimage.so
7f1af8f08000-7f1af8f0f000 r-xp 00000000 103:03 1967714                   /opt/jdk-13.0.1/lib/libzip.so
7f1af8f0f000-7f1af8f10000 r--p 00006000 103:03 1967714                   /opt/jdk-13.0.1/lib/libzip.so
7f1af8f10000-7f1af8f11000 rw-p 00007000 103:03 1967714                   /opt/jdk-13.0.1/lib/libzip.so
7f1af8f11000-7f1af8f19000 rw-s 00000000 103:03 23855617                  /tmp/hsperfdata_gabriel/93693
7f1af8f19000-7f1af8f40000 r-xp 00000000 103:03 1967691                   /opt/jdk-13.0.1/lib/libjava.so
7f1af8f40000-7f1af8f41000 r--p 00026000 103:03 1967691                   /opt/jdk-13.0.1/lib/libjava.so
7f1af8f41000-7f1af8f43000 rw-p 00027000 103:03 1967691                   /opt/jdk-13.0.1/lib/libjava.so
7f1af8f43000-7f1af8f44000 r--p 00000000 103:03 10625141                  /usr/lib/x86_64-linux-gnu/librt.so.1
7f1af8f44000-7f1af8f45000 r-xp 00001000 103:03 10625141                  /usr/lib/x86_64-linux-gnu/librt.so.1
7f1af8f45000-7f1af8f46000 r--p 00002000 103:03 10625141                  /usr/lib/x86_64-linux-gnu/librt.so.1
7f1af8f46000-7f1af8f47000 r--p 00002000 103:03 10625141                  /usr/lib/x86_64-linux-gnu/librt.so.1
7f1af8f47000-7f1af8f48000 rw-p 00003000 103:03 10625141                  /usr/lib/x86_64-linux-gnu/librt.so.1
7f1af8f48000-7f1af8f4c000 ---p 00000000 00:00 0 
7f1af8f4c000-7f1af9048000 rw-p 00000000 00:00 0 
7f1af9048000-7f1af9056000 r--p 00000000 103:03 10624776                  /usr/lib/x86_64-linux-gnu/libm.so.6
7f1af9056000-7f1af90d2000 r-xp 0000e000 103:03 10624776                  /usr/lib/x86_64-linux-gnu/libm.so.6
7f1af90d2000-7f1af912d000 r--p 0008a000 103:03 10624776                  /usr/lib/x86_64-linux-gnu/libm.so.6
7f1af912d000-7f1af912e000 r--p 000e4000 103:03 10624776                  /usr/lib/x86_64-linux-gnu/libm.so.6
7f1af912e000-7f1af912f000 rw-p 000e5000 103:03 10624776                  /usr/lib/x86_64-linux-gnu/libm.so.6
7f1af912f000-7f1afa20c000 r-xp 00000000 103:03 1967726                   /opt/jdk-13.0.1/lib/server/libjvm.so
7f1afa20c000-7f1afa2d0000 r--p 010dc000 103:03 1967726                   /opt/jdk-13.0.1/lib/server/libjvm.so
7f1afa2d0000-7f1afa30a000 rw-p 011a0000 103:03 1967726                   /opt/jdk-13.0.1/lib/server/libjvm.so
7f1afa30a000-7f1afa394000 rw-p 00000000 00:00 0 
7f1afa394000-7f1afa3bc000 r--p 00000000 103:03 10624079                  /usr/lib/x86_64-linux-gnu/libc.so.6
7f1afa3bc000-7f1afa551000 r-xp 00028000 103:03 10624079                  /usr/lib/x86_64-linux-gnu/libc.so.6
7f1afa551000-7f1afa5a9000 r--p 001bd000 103:03 10624079                  /usr/lib/x86_64-linux-gnu/libc.so.6
7f1afa5a9000-7f1afa5ad000 r--p 00214000 103:03 10624079                  /usr/lib/x86_64-linux-gnu/libc.so.6
7f1afa5ad000-7f1afa5af000 rw-p 00218000 103:03 10624079                  /usr/lib/x86_64-linux-gnu/libc.so.6
7f1afa5af000-7f1afa5bc000 rw-p 00000000 00:00 0 
7f1afa5bc000-7f1afa5bd000 r--p 00000000 103:03 10624243                  /usr/lib/x86_64-linux-gnu/libdl.so.2
7f1afa5bd000-7f1afa5be000 r-xp 00001000 103:03 10624243                  /usr/lib/x86_64-linux-gnu/libdl.so.2
7f1afa5be000-7f1afa5bf000 r--p 00002000 103:03 10624243                  /usr/lib/x86_64-linux-gnu/libdl.so.2
7f1afa5bf000-7f1afa5c0000 r--p 00002000 103:03 10624243                  /usr/lib/x86_64-linux-gnu/libdl.so.2
7f1afa5c0000-7f1afa5c1000 rw-p 00003000 103:03 10624243                  /usr/lib/x86_64-linux-gnu/libdl.so.2
7f1afa5c1000-7f1afa5c2000 r--p 00000000 103:03 10625085                  /usr/lib/x86_64-linux-gnu/libpthread.so.0
7f1afa5c2000-7f1afa5c3000 r-xp 00001000 103:03 10625085                  /usr/lib/x86_64-linux-gnu/libpthread.so.0
7f1afa5c3000-7f1afa5c4000 r--p 00002000 103:03 10625085                  /usr/lib/x86_64-linux-gnu/libpthread.so.0
7f1afa5c4000-7f1afa5c5000 r--p 00002000 103:03 10625085                  /usr/lib/x86_64-linux-gnu/libpthread.so.0
7f1afa5c5000-7f1afa5c6000 rw-p 00003000 103:03 10625085                  /usr/lib/x86_64-linux-gnu/libpthread.so.0
7f1afa5c6000-7f1afa5d5000 r-xp 00000000 103:03 1967696                   /opt/jdk-13.0.1/lib/libjli.so
7f1afa5d5000-7f1afa5d6000 r--p 0000e000 103:03 1967696                   /opt/jdk-13.0.1/lib/libjli.so
7f1afa5d6000-7f1afa5d7000 rw-p 0000f000 103:03 1967696                   /opt/jdk-13.0.1/lib/libjli.so
7f1afa5d7000-7f1afa5d9000 r--p 00000000 103:03 10625550                  /usr/lib/x86_64-linux-gnu/libz.so.1.2.11
7f1afa5d9000-7f1afa5ea000 r-xp 00002000 103:03 10625550                  /usr/lib/x86_64-linux-gnu/libz.so.1.2.11
7f1afa5ea000-7f1afa5f0000 r--p 00013000 103:03 10625550                  /usr/lib/x86_64-linux-gnu/libz.so.1.2.11
7f1afa5f0000-7f1afa5f1000 ---p 00019000 103:03 10625550                  /usr/lib/x86_64-linux-gnu/libz.so.1.2.11
7f1afa5f1000-7f1afa5f2000 r--p 00019000 103:03 10625550                  /usr/lib/x86_64-linux-gnu/libz.so.1.2.11
7f1afa5f2000-7f1afa5f3000 rw-p 0001a000 103:03 10625550                  /usr/lib/x86_64-linux-gnu/libz.so.1.2.11
7f1afa5f7000-7f1afa5f8000 ---p 00000000 00:00 0 
7f1afa5f8000-7f1afa5f9000 r--p 00000000 00:00 0 
7f1afa5f9000-7f1afa606000 r-xp 00000000 103:03 1967713                   /opt/jdk-13.0.1/lib/libverify.so
7f1afa606000-7f1afa608000 r--p 0000c000 103:03 1967713                   /opt/jdk-13.0.1/lib/libverify.so
7f1afa608000-7f1afa609000 rw-p 0000e000 103:03 1967713                   /opt/jdk-13.0.1/lib/libverify.so
7f1afa609000-7f1afa60b000 rw-p 00000000 00:00 0 
7f1afa60b000-7f1afa60d000 r--p 00000000 103:03 10623688                  /usr/lib/x86_64-linux-gnu/ld-linux-x86-64.so.2
7f1afa60d000-7f1afa637000 r-xp 00002000 103:03 10623688                  /usr/lib/x86_64-linux-gnu/ld-linux-x86-64.so.2
7f1afa637000-7f1afa642000 r--p 0002c000 103:03 10623688                  /usr/lib/x86_64-linux-gnu/ld-linux-x86-64.so.2
7f1afa642000-7f1afa643000 ---p 00000000 00:00 0 
7f1afa643000-7f1afa645000 r--p 00037000 103:03 10623688                  /usr/lib/x86_64-linux-gnu/ld-linux-x86-64.so.2
7f1afa645000-7f1afa647000 rw-p 00039000 103:03 10623688                  /usr/lib/x86_64-linux-gnu/ld-linux-x86-64.so.2
7ffdeb17f000-7ffdeb1a0000 rw-p 00000000 00:00 0                          [stack]
7ffdeb1e8000-7ffdeb1ec000 r--p 00000000 00:00 0                          [vvar]
7ffdeb1ec000-7ffdeb1ee000 r-xp 00000000 00:00 0                          [vdso]
ffffffffff600000-ffffffffff601000 --xp 00000000 00:00 0                  [vsyscall]


VM Arguments:
jvm_args: -XX:+ExitOnOutOfMemoryError -XX:+HeapDumpOnOutOfMemoryError -XX:HeapDumpPath=/home/gabriel/.config/Code/User/globalStorage/redhat.vscode-xml -Xmx64M 
java_command: org.eclipse.lemminx.XMLServerLauncher
java_class_path (initial): /home/gabriel/.vscode/extensions/redhat.vscode-xml-0.26.1-linux-x64/server/org.eclipse.lemminx-0.26.1-uber.jar
Launcher Type: SUN_STANDARD

[Global flags]
     intx CICompilerCount                          = 4                                         {product} {ergonomic}
     uint ConcGCThreads                            = 2                                         {product} {ergonomic}
     bool ExitOnOutOfMemoryError                   = true                                      {product} {command line}
     uint G1ConcRefinementThreads                  = 8                                         {product} {ergonomic}
   size_t G1HeapRegionSize                         = 1048576                                   {product} {ergonomic}
    uintx GCDrainStackTargetSize                   = 64                                        {product} {ergonomic}
     bool HeapDumpOnOutOfMemoryError               = true                                   {manageable} {command line}
    ccstr HeapDumpPath                             = /home/gabriel/.config/Code/User/globalStorage/redhat.vscode-xml         {manageable} {command line}
   size_t InitialHeapSize                          = 67108864                                  {product} {ergonomic}
   size_t MarkStackSize                            = 4194304                                   {product} {ergonomic}
   size_t MaxHeapSize                              = 67108864                                  {product} {command line}
   size_t MaxNewSize                               = 39845888                                  {product} {ergonomic}
   size_t MinHeapDeltaBytes                        = 1048576                                   {product} {ergonomic}
   size_t MinHeapSize                              = 8388608                                   {product} {ergonomic}
    uintx NonNMethodCodeHeapSize                   = 5836300                                {pd product} {ergonomic}
    uintx NonProfiledCodeHeapSize                  = 122910970                              {pd product} {ergonomic}
    uintx ProfiledCodeHeapSize                     = 122910970                              {pd product} {ergonomic}
    uintx ReservedCodeCacheSize                    = 251658240                              {pd product} {ergonomic}
     bool SegmentedCodeCache                       = true                                      {product} {ergonomic}
   size_t SoftMaxHeapSize                          = 67108864                               {manageable} {ergonomic}
     bool UseCompressedClassPointers               = true                                 {lp64_product} {ergonomic}
     bool UseCompressedOops                        = true                                 {lp64_product} {ergonomic}
     bool UseG1GC                                  = true                                      {product} {ergonomic}

Logging:
Log output configuration:
 #0: stdout all=warning uptime,level,tags
 #1: stderr all=off uptime,level,tags

Environment Variables:
JAVA_HOME=/opt/jdk-13.0.1
PATH=/opt/apache-maven-3.6.3/bin:/opt/jdk-13.0.1/bin:/home/gabriel/.nvm/versions/node/v18.10.0/bin:/usr/lib/jvm/java-1.11.0-openjdk-amd64/bin:/opt/apache-maven-3.6.3/bin:/opt/jdk-13.0.1/bin:/usr/lib/jvm/java-1.11.0-openjdk-amd64/bin:/usr/local/sbin:/usr/local/bin:/usr/sbin:/usr/bin:/sbin:/bin:/usr/games:/usr/local/games:/snap/bin
SHELL=/bin/bash
DISPLAY=:0

Signal Handlers:
SIGSEGV: [libjvm.so+0xdd2e90], sa_mask[0]=11111111011111111101111111111110, sa_flags=SA_RESTART|SA_SIGINFO
SIGBUS: [libjvm.so+0xdd2e90], sa_mask[0]=11111111011111111101111111111110, sa_flags=SA_RESTART|SA_SIGINFO
SIGFPE: [libjvm.so+0xdd2e90], sa_mask[0]=11111111011111111101111111111110, sa_flags=SA_RESTART|SA_SIGINFO
SIGPIPE: [libjvm.so+0xbb2440], sa_mask[0]=11111111011111111101111111111110, sa_flags=SA_RESTART|SA_SIGINFO
SIGXFSZ: [libjvm.so+0xbb2440], sa_mask[0]=11111111011111111101111111111110, sa_flags=SA_RESTART|SA_SIGINFO
SIGILL: [libjvm.so+0xdd2e90], sa_mask[0]=11111111011111111101111111111110, sa_flags=SA_RESTART|SA_SIGINFO
SIGUSR2: [libjvm.so+0xbb22d0], sa_mask[0]=00000000000000000000000000000000, sa_flags=SA_RESTART|SA_SIGINFO
SIGHUP: [libjvm.so+0xbb2a40], sa_mask[0]=11111111011111111101111111111110, sa_flags=SA_RESTART|SA_SIGINFO
SIGINT: [libjvm.so+0xbb2a40], sa_mask[0]=11111111011111111101111111111110, sa_flags=SA_RESTART|SA_SIGINFO
SIGTERM: [libjvm.so+0xbb2a40], sa_mask[0]=11111111011111111101111111111110, sa_flags=SA_RESTART|SA_SIGINFO
SIGQUIT: [libjvm.so+0xbb2a40], sa_mask[0]=11111111011111111101111111111110, sa_flags=SA_RESTART|SA_SIGINFO


---------------  S Y S T E M  ---------------

OS:DISTRIB_ID=LinuxMint
DISTRIB_RELEASE=21.1
DISTRIB_CODENAME=vera
DISTRIB_DESCRIPTION="Linux Mint 21.1 Vera"
uname:Linux 5.15.0-56-generic #62-Ubuntu SMP Tue Nov 22 19:54:14 UTC 2022 x86_64
libc:glibc 2.35 NPTL 2.35 
rlimit: STACK 8192k, CORE 0k, NPROC 94811, NOFILE 1048576, AS infinity, DATA infinity, FSIZE infinity
load average:0,90 1,69 2,00

/proc/meminfo:
MemTotal:       24397024 kB
MemFree:         9767020 kB
MemAvailable:   15477556 kB
Buffers:          780180 kB
Cached:          5788756 kB
SwapCached:            0 kB
Active:          2462676 kB
Inactive:       10392580 kB
Active(anon):       4416 kB
Inactive(anon):  7230736 kB
Active(file):    2458260 kB
Inactive(file):  3161844 kB
Unevictable:      703456 kB
Mlocked:              80 kB
SwapTotal:       2097148 kB
SwapFree:        2097148 kB
Dirty:               964 kB
Writeback:            76 kB
AnonPages:       6989852 kB
Mapped:           951624 kB
Shmem:            948532 kB
KReclaimable:     496784 kB
Slab:             679420 kB
SReclaimable:     496784 kB
SUnreclaim:       182636 kB
KernelStack:       27480 kB
PageTables:       104392 kB
NFS_Unstable:          0 kB
Bounce:                0 kB
WritebackTmp:          0 kB
CommitLimit:    14295660 kB
Committed_AS:   21844328 kB
VmallocTotal:   34359738367 kB
VmallocUsed:      101540 kB
VmallocChunk:          0 kB
Percpu:             7328 kB
HardwareCorrupted:     0 kB
AnonHugePages:         0 kB
ShmemHugePages:        0 kB
ShmemPmdMapped:        0 kB
FileHugePages:         0 kB
FilePmdMapped:         0 kB
HugePages_Total:       0
HugePages_Free:        0
HugePages_Rsvd:        0
HugePages_Surp:        0
Hugepagesize:       2048 kB
Hugetlb:               0 kB
DirectMap4k:      554688 kB
DirectMap2M:    16001024 kB
DirectMap1G:     8388608 kB


/proc/sys/kernel/threads-max (system-wide limit on the number of threads):
189623


/proc/sys/vm/max_map_count (maximum number of memory map areas a process may have):
65530


/proc/sys/kernel/pid_max (system-wide limit on number of process identifiers):
4194304



Steal ticks since vm start: 0
Steal ticks percentage since vm start:  0,000

CPU:total 8 (initial active 8) (4 cores per cpu, 2 threads per core) family 6 model 140 stepping 1, cmov, cx8, fxsr, mmx, sse, sse2, sse3, ssse3, sse4.1, sse4.2, popcnt, avx, avx2, aes, clmul, erms, 3dnowpref, lzcnt, ht, tsc, tscinvbit, bmi1, bmi2, adx, evex, sha, fma
CPU Model and flags from /proc/cpuinfo:
model name	: 11th Gen Intel(R) Core(TM) i5-11300H @ 3.10GHz
flags		: fpu vme de pse tsc msr pae mce cx8 apic sep mtrr pge mca cmov pat pse36 clflush dts acpi mmx fxsr sse sse2 ss ht tm pbe syscall nx pdpe1gb rdtscp lm constant_tsc art arch_perfmon pebs bts rep_good nopl xtopology nonstop_tsc cpuid aperfmperf tsc_known_freq pni pclmulqdq dtes64 monitor ds_cpl vmx est tm2 ssse3 sdbg fma cx16 xtpr pdcm pcid sse4_1 sse4_2 x2apic movbe popcnt tsc_deadline_timer aes xsave avx f16c rdrand lahf_lm abm 3dnowprefetch cpuid_fault epb cat_l2 invpcid_single cdp_l2 ssbd ibrs ibpb stibp ibrs_enhanced tpr_shadow vnmi flexpriority ept vpid ept_ad fsgsbase tsc_adjust bmi1 avx2 smep bmi2 erms invpcid rdt_a avx512f avx512dq rdseed adx smap avx512ifma clflushopt clwb intel_pt avx512cd sha_ni avx512bw avx512vl xsaveopt xsavec xgetbv1 xsaves split_lock_detect dtherm ida arat pln pts hwp hwp_notify hwp_act_window hwp_epp hwp_pkg_req avx512vbmi umip pku ospke avx512_vbmi2 gfni vaes vpclmulqdq avx512_vnni avx512_bitalg avx512_vpopcntdq rdpid movdiri movdir64b fsrm avx512_vp2intersect md_clear flush_l1d arch_capabilities

Memory: 4k page, physical 24397024k(9767020k free), swap 2097148k(2097148k free)

vm_info: OpenJDK 64-Bit Server VM (13.0.1+9) for linux-amd64 JRE (13.0.1+9), built on Oct  6 2019 11:40:23 by "mach5one" with gcc 8.2.0

END.
