#
# A fatal error has been detected by the Java Runtime Environment:
#
#  SIGSEGV (0xb) at pc=0x00007ff6d641d06c, pid=94853, tid=94854
#
# JRE version: OpenJDK Runtime Environment (13.0.1+9) (build 13.0.1+9)
# Java VM: OpenJDK 64-Bit Server VM (13.0.1+9, mixed mode, sharing, tiered, compressed oops, g1 gc, linux-amd64)
# Problematic frame:
# V  [libjvm.so+0xd0906c]  Symbol::as_C_string() const+0xc
#
# Core dump will be written. Default location: Core dumps may be processed with "/lib/systemd/systemd-coredump %P %u %g %s %t 9223372036854775808 %h" (or dumping to /home/gabriel/Documents/github/PortifólioFullStack/Portifolio_Angular/core.94853)
#
# If you would like to submit a bug report, please visit:
#   http://bugreport.java.com/bugreport/crash.jsp
#

---------------  S U M M A R Y ------------

Command Line: -XX:+ExitOnOutOfMemoryError -XX:+HeapDumpOnOutOfMemoryError -XX:HeapDumpPath=/home/gabriel/.config/Code/User/globalStorage/redhat.vscode-xml -Xmx64M org.eclipse.lemminx.XMLServerLauncher

Host: 11th Gen Intel(R) Core(TM) i5-11300H @ 3.10GHz, 8 cores, 23G, Linux Mint 21.1 Vera
Time: Sun Oct  1 11:52:50 2023 -04 elapsed time: 0 seconds (0d 0h 0m 0s)

---------------  T H R E A D  ---------------

Current thread (0x00007ff6d0017000):  JavaThread "main" [_thread_in_vm, id=94854, stack(0x00007ff6d552d000,0x00007ff6d562d000)]

Stack: [0x00007ff6d552d000,0x00007ff6d562d000],  sp=0x00007ff6d562a620,  free space=1013k
Native frames: (J=compiled Java code, A=aot compiled Java code, j=interpreted, Vv=VM code, C=native code)
V  [libjvm.so+0xd0906c]  Symbol::as_C_string() const+0xc
V  [libjvm.so+0xb4611a]  Method::print_external_name(outputStream*, Klass*, Symbol*, Symbol*)+0x2a
V  [libjvm.so+0xa3e8b3]  LinkResolver::resolve_method(LinkInfo const&, Bytecodes::Code, Thread*)+0x2e3
V  [libjvm.so+0xa40419]  LinkResolver::linktime_resolve_static_method(LinkInfo const&, Thread*)+0x49
V  [libjvm.so+0xa405bf]  LinkResolver::resolve_static_call(CallInfo&, LinkInfo const&, bool, Thread*)+0x2f
V  [libjvm.so+0xa433e3]  LinkResolver::resolve_invoke(CallInfo&, Handle, constantPoolHandle const&, int, Bytecodes::Code, Thread*)+0x283
V  [libjvm.so+0x82e3e6]  InterpreterRuntime::resolve_invoke(JavaThread*, Bytecodes::Code)+0x2d6
V  [libjvm.so+0x82e965]  InterpreterRuntime::resolve_from_cache(JavaThread*, Bytecodes::Code)+0x115
j  jdk.internal.misc.Unsafe.getShortUnaligned(Ljava/lang/Object;J)S+29 java.base@13.0.1
j  jdk.internal.misc.Unsafe.getShortUnaligned(Ljava/lang/Object;JZ)S+5 java.base@13.0.1
j  java.nio.HeapByteBuffer.getShort()S+21 java.base@13.0.1
j  sun.reflect.annotation.AnnotationParser.parseConst(ILjava/nio/ByteBuffer;Ljdk/internal/reflect/ConstantPool;)Ljava/lang/Object;+1 java.base@13.0.1
j  sun.reflect.annotation.AnnotationParser.parseMemberValue(Ljava/lang/Class;Ljava/nio/ByteBuffer;Ljdk/internal/reflect/ConstantPool;Ljava/lang/Class;)Ljava/lang/Object;+95 java.base@13.0.1
j  java.lang.reflect.Method.getDefaultValue()Ljava/lang/Object;+41 java.base@13.0.1
j  sun.reflect.annotation.AnnotationType.<init>(Ljava/lang/Class;)V+217 java.base@13.0.1
j  sun.reflect.annotation.AnnotationType.getInstance(Ljava/lang/Class;)Lsun/reflect/annotation/AnnotationType;+21 java.base@13.0.1
j  sun.reflect.annotation.AnnotationParser.parseAnnotation2(Ljava/nio/ByteBuffer;Ljdk/internal/reflect/ConstantPool;Ljava/lang/Class;Z[Ljava/lang/Class;)Ljava/lang/annotation/Annotation;+116 java.base@13.0.1
j  sun.reflect.annotation.AnnotationParser.parseAnnotations2([BLjdk/internal/reflect/ConstantPool;Ljava/lang/Class;[Ljava/lang/Class;)Ljava/util/Map;+41 java.base@13.0.1
j  sun.reflect.annotation.AnnotationParser.parseAnnotations([BLjdk/internal/reflect/ConstantPool;Ljava/lang/Class;)Ljava/util/Map;+12 java.base@13.0.1
j  java.lang.reflect.Executable.declaredAnnotations()Ljava/util/Map;+62 java.base@13.0.1
j  java.lang.reflect.Executable.declaredAnnotations()Ljava/util/Map;+35 java.base@13.0.1
j  java.lang.reflect.Executable.getAnnotation(Ljava/lang/Class;)Ljava/lang/annotation/Annotation;+7 java.base@13.0.1
j  java.lang.reflect.Method.getAnnotation(Ljava/lang/Class;)Ljava/lang/annotation/Annotation;+2 java.base@13.0.1
j  org.eclipse.lsp4j.jsonrpc.services.AnnotationUtil.createMethodInfo(Ljava/lang/reflect/Method;Ljava/lang/String;)Lorg/eclipse/lsp4j/jsonrpc/services/AnnotationUtil$MethodInfo;+10
j  org.eclipse.lsp4j.jsonrpc.services.AnnotationUtil.findRpcMethods(Ljava/lang/Class;Ljava/util/Set;Ljava/util/function/Consumer;)V+98
j  org.eclipse.lsp4j.jsonrpc.services.AnnotationUtil.findRpcMethods(Ljava/lang/Class;Ljava/util/Set;Ljava/util/function/Consumer;)V+53
j  org.eclipse.lsp4j.jsonrpc.services.ServiceEndpoints.getSupportedMethods(Ljava/lang/Class;Ljava/util/Set;)Ljava/util/Map;+16
j  org.eclipse.lsp4j.jsonrpc.services.ServiceEndpoints.getSupportedMethods(Ljava/lang/Class;)Ljava/util/Map;+10
j  org.eclipse.lsp4j.jsonrpc.Launcher$Builder.getSupportedMethods()Ljava/util/Map;+39
j  org.eclipse.lsp4j.jsonrpc.Launcher$Builder.createJsonHandler()Lorg/eclipse/lsp4j/jsonrpc/json/MessageJsonHandler;+1
j  org.eclipse.lsp4j.jsonrpc.Launcher$Builder.create()Lorg/eclipse/lsp4j/jsonrpc/Launcher;+69
j  org.eclipse.lemminx.XMLServerLauncher.createServerLauncher(Lorg/eclipse/lsp4j/services/LanguageServer;Ljava/io/InputStream;Ljava/io/OutputStream;Ljava/util/concurrent/ExecutorService;Ljava/util/function/Function;)Lorg/eclipse/lsp4j/jsonrpc/Launcher;+33
j  org.eclipse.lemminx.XMLServerLauncher.launch(Ljava/io/InputStream;Ljava/io/OutputStream;)Ljava/util/concurrent/Future;+46
j  org.eclipse.lemminx.XMLServerLauncher.main([Ljava/lang/String;)V+187
v  ~StubRoutines::call_stub
V  [libjvm.so+0x834959]  JavaCalls::call_helper(JavaValue*, methodHandle const&, JavaCallArguments*, Thread*)+0x319
V  [libjvm.so+0x8ab57e]  jni_invoke_static(JNIEnv_*, JavaValue*, _jobject*, JNICallType, _jmethodID*, JNI_ArgumentPusher*, Thread*) [clone .isra.83] [clone .constprop.254]+0x2ee
V  [libjvm.so+0x8ad721]  jni_CallStaticVoidMethod+0x151
C  [libjli.so+0x45f7]  JavaMain+0xcd7
C  [libjli.so+0x8669]  ThreadJavaMain+0x9

Java frames: (J=compiled Java code, j=interpreted, Vv=VM code)
j  jdk.internal.misc.Unsafe.getShortUnaligned(Ljava/lang/Object;J)S+29 java.base@13.0.1
j  jdk.internal.misc.Unsafe.getShortUnaligned(Ljava/lang/Object;JZ)S+5 java.base@13.0.1
j  java.nio.HeapByteBuffer.getShort()S+21 java.base@13.0.1
j  sun.reflect.annotation.AnnotationParser.parseConst(ILjava/nio/ByteBuffer;Ljdk/internal/reflect/ConstantPool;)Ljava/lang/Object;+1 java.base@13.0.1
j  sun.reflect.annotation.AnnotationParser.parseMemberValue(Ljava/lang/Class;Ljava/nio/ByteBuffer;Ljdk/internal/reflect/ConstantPool;Ljava/lang/Class;)Ljava/lang/Object;+95 java.base@13.0.1
j  java.lang.reflect.Method.getDefaultValue()Ljava/lang/Object;+41 java.base@13.0.1
j  sun.reflect.annotation.AnnotationType.<init>(Ljava/lang/Class;)V+217 java.base@13.0.1
j  sun.reflect.annotation.AnnotationType.getInstance(Ljava/lang/Class;)Lsun/reflect/annotation/AnnotationType;+21 java.base@13.0.1
j  sun.reflect.annotation.AnnotationParser.parseAnnotation2(Ljava/nio/ByteBuffer;Ljdk/internal/reflect/ConstantPool;Ljava/lang/Class;Z[Ljava/lang/Class;)Ljava/lang/annotation/Annotation;+116 java.base@13.0.1
j  sun.reflect.annotation.AnnotationParser.parseAnnotations2([BLjdk/internal/reflect/ConstantPool;Ljava/lang/Class;[Ljava/lang/Class;)Ljava/util/Map;+41 java.base@13.0.1
j  sun.reflect.annotation.AnnotationParser.parseAnnotations([BLjdk/internal/reflect/ConstantPool;Ljava/lang/Class;)Ljava/util/Map;+12 java.base@13.0.1
j  java.lang.reflect.Executable.declaredAnnotations()Ljava/util/Map;+62 java.base@13.0.1
j  java.lang.reflect.Executable.declaredAnnotations()Ljava/util/Map;+35 java.base@13.0.1
j  java.lang.reflect.Executable.getAnnotation(Ljava/lang/Class;)Ljava/lang/annotation/Annotation;+7 java.base@13.0.1
j  java.lang.reflect.Method.getAnnotation(Ljava/lang/Class;)Ljava/lang/annotation/Annotation;+2 java.base@13.0.1
j  org.eclipse.lsp4j.jsonrpc.services.AnnotationUtil.createMethodInfo(Ljava/lang/reflect/Method;Ljava/lang/String;)Lorg/eclipse/lsp4j/jsonrpc/services/AnnotationUtil$MethodInfo;+10
j  org.eclipse.lsp4j.jsonrpc.services.AnnotationUtil.findRpcMethods(Ljava/lang/Class;Ljava/util/Set;Ljava/util/function/Consumer;)V+98
j  org.eclipse.lsp4j.jsonrpc.services.AnnotationUtil.findRpcMethods(Ljava/lang/Class;Ljava/util/Set;Ljava/util/function/Consumer;)V+53
j  org.eclipse.lsp4j.jsonrpc.services.ServiceEndpoints.getSupportedMethods(Ljava/lang/Class;Ljava/util/Set;)Ljava/util/Map;+16
j  org.eclipse.lsp4j.jsonrpc.services.ServiceEndpoints.getSupportedMethods(Ljava/lang/Class;)Ljava/util/Map;+10
j  org.eclipse.lsp4j.jsonrpc.Launcher$Builder.getSupportedMethods()Ljava/util/Map;+39
j  org.eclipse.lsp4j.jsonrpc.Launcher$Builder.createJsonHandler()Lorg/eclipse/lsp4j/jsonrpc/json/MessageJsonHandler;+1
j  org.eclipse.lsp4j.jsonrpc.Launcher$Builder.create()Lorg/eclipse/lsp4j/jsonrpc/Launcher;+69
j  org.eclipse.lemminx.XMLServerLauncher.createServerLauncher(Lorg/eclipse/lsp4j/services/LanguageServer;Ljava/io/InputStream;Ljava/io/OutputStream;Ljava/util/concurrent/ExecutorService;Ljava/util/function/Function;)Lorg/eclipse/lsp4j/jsonrpc/Launcher;+33
j  org.eclipse.lemminx.XMLServerLauncher.launch(Ljava/io/InputStream;Ljava/io/OutputStream;)Ljava/util/concurrent/Future;+46
j  org.eclipse.lemminx.XMLServerLauncher.main([Ljava/lang/String;)V+187
v  ~StubRoutines::call_stub

siginfo: si_signo: 11 (SIGSEGV), si_code: 1 (SEGV_MAPERR), si_addr: 0x0000080800515c60

Register to memory mapping:

RAX=0x0 is NULL
RBX=0x00007ff6d562a6c0 is pointing into the stack for thread: 0x00007ff6d0017000
RCX=0x0000000800515c70 is pointing into metadata
RDX=0x0000000000000006 is an unknown value
RSP=0x00007ff6d562a620 is pointing into the stack for thread: 0x00007ff6d0017000
RBP=0x00007ff6d562a630 is pointing into the stack for thread: 0x00007ff6d0017000
RSI=0x0 is NULL
RDI=0x0000080800515c60 is an unknown value
R8 =0x00000000000007d0 is an unknown value
R9 =0x0 is NULL
R10=0x00007ff6d00178e0 points into unknown readable memory: 02 00 00 00 f6 7f 00 00
R11=0x00007ff6d562a6b0 is pointing into the stack for thread: 0x00007ff6d0017000
R12=0x0000080800515c60 is an unknown value
R13=0x0000080800515c60 is an unknown value
R14=0x000000080033b990 is a pointer to class: 
jdk.internal.misc.Unsafe {0x000000080033b990}
R15=0x00007ff6d562a9e0 is pointing into the stack for thread: 0x00007ff6d0017000


Registers:
RAX=0x0000000000000000, RBX=0x00007ff6d562a6c0, RCX=0x0000000800515c70, RDX=0x0000000000000006
RSP=0x00007ff6d562a620, RBP=0x00007ff6d562a630, RSI=0x0000000000000000, RDI=0x0000080800515c60
R8 =0x00000000000007d0, R9 =0x0000000000000000, R10=0x00007ff6d00178e0, R11=0x00007ff6d562a6b0
R12=0x0000080800515c60, R13=0x0000080800515c60, R14=0x000000080033b990, R15=0x00007ff6d562a9e0
RIP=0x00007ff6d641d06c, EFLAGS=0x0000000000010246, CSGSFS=0x002b000000000033, ERR=0x0000000000000004
  TRAPNO=0x000000000000000e

Top of Stack: (sp=0x00007ff6d562a620)
0x00007ff6d562a620:   00007ff6d562a6c0 0000000800515c70
0x00007ff6d562a630:   00007ff6d562a660 00007ff6d625a11a
0x00007ff6d562a640:   00007ff6d0017000 00007ff6d562a860
0x00007ff6d562a650:   000000080033b990 00007ff6d562a6c0 

Instructions: (pc=0x00007ff6d641d06c)
0x00007ff6d641cf6c:   00 00 00 48 63 f6 44 0f b6 44 37 06 44 88 04 30
0x00007ff6d641cf7c:   8d 72 07 39 f1 0f 8e 9c 00 00 00 48 63 f6 44 0f
0x00007ff6d641cf8c:   b6 44 37 06 44 88 04 30 8d 72 08 39 f1 0f 8e 84
0x00007ff6d641cf9c:   00 00 00 48 63 f6 44 0f b6 44 37 06 44 88 04 30
0x00007ff6d641cfac:   8d 72 09 39 f1 7e 70 48 63 f6 44 0f b6 44 37 06
0x00007ff6d641cfbc:   44 88 04 30 8d 72 0a 39 f1 7e 5c 48 63 f6 44 0f
0x00007ff6d641cfcc:   b6 44 37 06 44 88 04 30 8d 72 0b 39 f1 7e 48 48
0x00007ff6d641cfdc:   63 f6 44 0f b6 44 37 06 44 88 04 30 8d 72 0c 39
0x00007ff6d641cfec:   f1 7e 34 48 63 f6 44 0f b6 44 37 06 44 88 04 30
0x00007ff6d641cffc:   8d 72 0d 39 f1 7e 20 48 63 f6 83 c2 0e 44 0f b6
0x00007ff6d641d00c:   44 37 06 44 88 04 30 39 d1 7e 0c 48 63 d2 0f b6
0x00007ff6d641d01c:   74 17 06 40 88 34 10 48 63 c9 c6 04 08 00 c3 0f
0x00007ff6d641d02c:   1f 44 00 00 c3 0f 1f 80 00 00 00 00 89 d6 31 d2
0x00007ff6d641d03c:   eb 05 66 90 4c 89 c2 44 0f b6 44 17 06 44 88 04
0x00007ff6d641d04c:   10 4c 8d 42 01 48 39 f2 75 ea 48 63 c9 c6 04 08
0x00007ff6d641d05c:   00 c3 66 90 55 31 f6 48 89 e5 41 54 49 89 fc 53
0x00007ff6d641d06c:   8b 17 89 d3 c1 eb 10 8d 7b 01 48 63 ff e8 62 01
0x00007ff6d641d07c:   f6 ff 41 8b 14 24 c1 ea 10 39 da 48 0f 4f d3 85
0x00007ff6d641d08c:   d2 0f 84 a2 01 00 00 49 8d 74 24 06 48 8d 78 10
0x00007ff6d641d09c:   48 39 f7 49 8d 74 24 16 8d 4a ff 40 0f 96 c7 48
0x00007ff6d641d0ac:   39 f0 40 0f 93 c6 40 08 f7 0f 84 85 01 00 00 83
0x00007ff6d641d0bc:   f9 0e 0f 86 7c 01 00 00 89 d6 31 c9 c1 ee 04 48
0x00007ff6d641d0cc:   c1 e6 04 90 f3 41 0f 6f 44 0c 06 0f 11 04 08 48
0x00007ff6d641d0dc:   83 c1 10 48 39 f1 75 ec 89 d1 83 e1 f0 39 ca 0f
0x00007ff6d641d0ec:   84 44 01 00 00 89 ce 41 0f b6 7c 34 06 40 88 3c
0x00007ff6d641d0fc:   30 8d 71 01 39 f2 0f 8e 2d 01 00 00 48 63 f6 41
0x00007ff6d641d10c:   0f b6 7c 34 06 40 88 3c 30 8d 71 02 39 f2 0f 8e
0x00007ff6d641d11c:   15 01 00 00 48 63 f6 41 0f b6 7c 34 06 40 88 3c
0x00007ff6d641d12c:   30 8d 71 03 39 f2 0f 8e fd 00 00 00 48 63 f6 41
0x00007ff6d641d13c:   0f b6 7c 34 06 40 88 3c 30 8d 71 04 39 f2 0f 8e
0x00007ff6d641d14c:   e5 00 00 00 48 63 f6 41 0f b6 7c 34 06 40 88 3c
0x00007ff6d641d15c:   30 8d 71 05 39 f2 0f 8e cd 00 00 00 48 63 f6 41 


Stack slot to memory mapping:
stack at sp + 0 slots: 0x00007ff6d562a6c0 is pointing into the stack for thread: 0x00007ff6d0017000
stack at sp + 1 slots: 0x0000000800515c70 is pointing into metadata
stack at sp + 2 slots: 0x00007ff6d562a660 is pointing into the stack for thread: 0x00007ff6d0017000
stack at sp + 3 slots: 0x00007ff6d625a11a: <offset 0x0000000000b4611a> in /opt/jdk-13.0.1/lib/server/libjvm.so at 0x00007ff6d5714000
stack at sp + 4 slots: 0x00007ff6d0017000 is a thread
stack at sp + 5 slots: 0x00007ff6d562a860 is pointing into the stack for thread: 0x00007ff6d0017000
stack at sp + 6 slots: 0x000000080033b990 is a pointer to class: 
jdk.internal.misc.Unsafe {0x000000080033b990}
stack at sp + 7 slots: 0x00007ff6d562a6c0 is pointing into the stack for thread: 0x00007ff6d0017000


---------------  P R O C E S S  ---------------

Threads class SMR info:
_java_thread_list=0x00007ff6d01b54b0, length=10, elements={
0x00007ff6d0017000, 0x00007ff6d00cd800, 0x00007ff6d00cf800, 0x00007ff6d00d5800,
0x00007ff6d00d7800, 0x00007ff6d00d9800, 0x00007ff6d00db800, 0x00007ff6d0113800,
0x00007ff6d0118800, 0x00007ff6d01b9000
}

Java Threads: ( => current thread )
=>0x00007ff6d0017000 JavaThread "main" [_thread_in_vm, id=94854, stack(0x00007ff6d552d000,0x00007ff6d562d000)]
  0x00007ff6d00cd800 JavaThread "Reference Handler" daemon [_thread_blocked, id=94861, stack(0x00007ff6b824c000,0x00007ff6b834c000)]
  0x00007ff6d00cf800 JavaThread "Finalizer" daemon [_thread_blocked, id=94862, stack(0x00007ff6b814c000,0x00007ff6b824c000)]
  0x00007ff6d00d5800 JavaThread "Signal Dispatcher" daemon [_thread_blocked, id=94863, stack(0x00007ff6b804c000,0x00007ff6b814c000)]
  0x00007ff6d00d7800 JavaThread "C2 CompilerThread0" daemon [_thread_blocked, id=94864, stack(0x00007ff6a918c000,0x00007ff6a928c000)]
  0x00007ff6d00d9800 JavaThread "C1 CompilerThread0" daemon [_thread_blocked, id=94865, stack(0x00007ff6a908c000,0x00007ff6a918c000)]
  0x00007ff6d00db800 JavaThread "Sweeper thread" daemon [_thread_blocked, id=94866, stack(0x00007ff6a8f8c000,0x00007ff6a908c000)]
  0x00007ff6d0113800 JavaThread "Service Thread" daemon [_thread_blocked, id=94867, stack(0x00007ff6a8e8c000,0x00007ff6a8f8c000)]
  0x00007ff6d0118800 JavaThread "Common-Cleaner" daemon [_thread_blocked, id=94869, stack(0x00007ff6a8c8a000,0x00007ff6a8d8a000)]
  0x00007ff6d01b9000 JavaThread "pool-4-thread-1" [_thread_blocked, id=94871, stack(0x00007ff6a8b8a000,0x00007ff6a8c8a000)]

Other Threads:
  0x00007ff6d00ca800 VMThread "VM Thread" [stack: 0x00007ff6b834e000,0x00007ff6b844e000] [id=94860]
  0x00007ff6d0116000 WatcherThread [stack: 0x00007ff6a8d8c000,0x00007ff6a8e8c000] [id=94868]
  0x00007ff6d0049000 GCTaskThread "GC Thread#0" [stack: 0x00007ff6d477f000,0x00007ff6d487f000] [id=94855]
  0x00007ff6d004b800 ConcurrentGCThread "G1 Main Marker" [stack: 0x00007ff6d467d000,0x00007ff6d477d000] [id=94856]
  0x00007ff6d004d800 ConcurrentGCThread "G1 Conc#0" [stack: 0x00007ff6d457b000,0x00007ff6d467b000] [id=94857]
  0x00007ff6d00a2000 ConcurrentGCThread "G1 Refine#0" [stack: 0x00007ff6b866f000,0x00007ff6b876f000] [id=94858]
  0x00007ff6d00a4000 ConcurrentGCThread "G1 Young RemSet Sampling" [stack: 0x00007ff6b856d000,0x00007ff6b866d000] [id=94859]

Threads with active compile tasks:

VM state:not at safepoint (normal execution)

VM Mutex/Monitor currently owned by a thread: None

Heap address: 0x00000000fc000000, size: 64 MB, Compressed Oops mode: 32-bit
Narrow klass base: 0x0000000800000000, Narrow klass shift: 3
Compressed class space size: 1073741824 Address: 0x0000000800aeb000

Heap:
 garbage-first heap   total 65536K, used 5896K [0x00000000fc000000, 0x0000000100000000)
  region size 1024K, 5 young (5120K), 0 survivors (0K)
 Metaspace       used 1838K, capacity 5445K, committed 5760K, reserved 1056768K
  class space    used 220K, capacity 537K, committed 640K, reserved 1048576K
Heap Regions: E=young(eden), S=young(survivor), O=old, HS=humongous(starts), HC=humongous(continues), CS=collection set, F=free, A=archive, TAMS=top-at-mark-start (previous, next)
|   0|0x00000000fc000000, 0x00000000fc100000, 0x00000000fc100000|100%|HS|  |TAMS 0x00000000fc000000, 0x00000000fc000000| Complete 
|   1|0x00000000fc100000, 0x00000000fc100000, 0x00000000fc200000|  0%| F|  |TAMS 0x00000000fc100000, 0x00000000fc100000| Untracked 
|   2|0x00000000fc200000, 0x00000000fc200000, 0x00000000fc300000|  0%| F|  |TAMS 0x00000000fc200000, 0x00000000fc200000| Untracked 
|   3|0x00000000fc300000, 0x00000000fc300000, 0x00000000fc400000|  0%| F|  |TAMS 0x00000000fc300000, 0x00000000fc300000| Untracked 
|   4|0x00000000fc400000, 0x00000000fc400000, 0x00000000fc500000|  0%| F|  |TAMS 0x00000000fc400000, 0x00000000fc400000| Untracked 
|   5|0x00000000fc500000, 0x00000000fc500000, 0x00000000fc600000|  0%| F|  |TAMS 0x00000000fc500000, 0x00000000fc500000| Untracked 
|   6|0x00000000fc600000, 0x00000000fc600000, 0x00000000fc700000|  0%| F|  |TAMS 0x00000000fc600000, 0x00000000fc600000| Untracked 
|   7|0x00000000fc700000, 0x00000000fc700000, 0x00000000fc800000|  0%| F|  |TAMS 0x00000000fc700000, 0x00000000fc700000| Untracked 
|   8|0x00000000fc800000, 0x00000000fc800000, 0x00000000fc900000|  0%| F|  |TAMS 0x00000000fc800000, 0x00000000fc800000| Untracked 
|   9|0x00000000fc900000, 0x00000000fc900000, 0x00000000fca00000|  0%| F|  |TAMS 0x00000000fc900000, 0x00000000fc900000| Untracked 
|  10|0x00000000fca00000, 0x00000000fca00000, 0x00000000fcb00000|  0%| F|  |TAMS 0x00000000fca00000, 0x00000000fca00000| Untracked 
|  11|0x00000000fcb00000, 0x00000000fcb00000, 0x00000000fcc00000|  0%| F|  |TAMS 0x00000000fcb00000, 0x00000000fcb00000| Untracked 
|  12|0x00000000fcc00000, 0x00000000fcc00000, 0x00000000fcd00000|  0%| F|  |TAMS 0x00000000fcc00000, 0x00000000fcc00000| Untracked 
|  13|0x00000000fcd00000, 0x00000000fcd00000, 0x00000000fce00000|  0%| F|  |TAMS 0x00000000fcd00000, 0x00000000fcd00000| Untracked 
|  14|0x00000000fce00000, 0x00000000fce00000, 0x00000000fcf00000|  0%| F|  |TAMS 0x00000000fce00000, 0x00000000fce00000| Untracked 
|  15|0x00000000fcf00000, 0x00000000fcf00000, 0x00000000fd000000|  0%| F|  |TAMS 0x00000000fcf00000, 0x00000000fcf00000| Untracked 
|  16|0x00000000fd000000, 0x00000000fd000000, 0x00000000fd100000|  0%| F|  |TAMS 0x00000000fd000000, 0x00000000fd000000| Untracked 
|  17|0x00000000fd100000, 0x00000000fd100000, 0x00000000fd200000|  0%| F|  |TAMS 0x00000000fd100000, 0x00000000fd100000| Untracked 
|  18|0x00000000fd200000, 0x00000000fd200000, 0x00000000fd300000|  0%| F|  |TAMS 0x00000000fd200000, 0x00000000fd200000| Untracked 
|  19|0x00000000fd300000, 0x00000000fd300000, 0x00000000fd400000|  0%| F|  |TAMS 0x00000000fd300000, 0x00000000fd300000| Untracked 
|  20|0x00000000fd400000, 0x00000000fd400000, 0x00000000fd500000|  0%| F|  |TAMS 0x00000000fd400000, 0x00000000fd400000| Untracked 
|  21|0x00000000fd500000, 0x00000000fd500000, 0x00000000fd600000|  0%| F|  |TAMS 0x00000000fd500000, 0x00000000fd500000| Untracked 
|  22|0x00000000fd600000, 0x00000000fd600000, 0x00000000fd700000|  0%| F|  |TAMS 0x00000000fd600000, 0x00000000fd600000| Untracked 
|  23|0x00000000fd700000, 0x00000000fd700000, 0x00000000fd800000|  0%| F|  |TAMS 0x00000000fd700000, 0x00000000fd700000| Untracked 
|  24|0x00000000fd800000, 0x00000000fd800000, 0x00000000fd900000|  0%| F|  |TAMS 0x00000000fd800000, 0x00000000fd800000| Untracked 
|  25|0x00000000fd900000, 0x00000000fd900000, 0x00000000fda00000|  0%| F|  |TAMS 0x00000000fd900000, 0x00000000fd900000| Untracked 
|  26|0x00000000fda00000, 0x00000000fda00000, 0x00000000fdb00000|  0%| F|  |TAMS 0x00000000fda00000, 0x00000000fda00000| Untracked 
|  27|0x00000000fdb00000, 0x00000000fdb00000, 0x00000000fdc00000|  0%| F|  |TAMS 0x00000000fdb00000, 0x00000000fdb00000| Untracked 
|  28|0x00000000fdc00000, 0x00000000fdc00000, 0x00000000fdd00000|  0%| F|  |TAMS 0x00000000fdc00000, 0x00000000fdc00000| Untracked 
|  29|0x00000000fdd00000, 0x00000000fdd00000, 0x00000000fde00000|  0%| F|  |TAMS 0x00000000fdd00000, 0x00000000fdd00000| Untracked 
|  30|0x00000000fde00000, 0x00000000fde00000, 0x00000000fdf00000|  0%| F|  |TAMS 0x00000000fde00000, 0x00000000fde00000| Untracked 
|  31|0x00000000fdf00000, 0x00000000fdf00000, 0x00000000fe000000|  0%| F|  |TAMS 0x00000000fdf00000, 0x00000000fdf00000| Untracked 
|  32|0x00000000fe000000, 0x00000000fe000000, 0x00000000fe100000|  0%| F|  |TAMS 0x00000000fe000000, 0x00000000fe000000| Untracked 
|  33|0x00000000fe100000, 0x00000000fe100000, 0x00000000fe200000|  0%| F|  |TAMS 0x00000000fe100000, 0x00000000fe100000| Untracked 
|  34|0x00000000fe200000, 0x00000000fe200000, 0x00000000fe300000|  0%| F|  |TAMS 0x00000000fe200000, 0x00000000fe200000| Untracked 
|  35|0x00000000fe300000, 0x00000000fe300000, 0x00000000fe400000|  0%| F|  |TAMS 0x00000000fe300000, 0x00000000fe300000| Untracked 
|  36|0x00000000fe400000, 0x00000000fe400000, 0x00000000fe500000|  0%| F|  |TAMS 0x00000000fe400000, 0x00000000fe400000| Untracked 
|  37|0x00000000fe500000, 0x00000000fe500000, 0x00000000fe600000|  0%| F|  |TAMS 0x00000000fe500000, 0x00000000fe500000| Untracked 
|  38|0x00000000fe600000, 0x00000000fe600000, 0x00000000fe700000|  0%| F|  |TAMS 0x00000000fe600000, 0x00000000fe600000| Untracked 
|  39|0x00000000fe700000, 0x00000000fe700000, 0x00000000fe800000|  0%| F|  |TAMS 0x00000000fe700000, 0x00000000fe700000| Untracked 
|  40|0x00000000fe800000, 0x00000000fe800000, 0x00000000fe900000|  0%| F|  |TAMS 0x00000000fe800000, 0x00000000fe800000| Untracked 
|  41|0x00000000fe900000, 0x00000000fe900000, 0x00000000fea00000|  0%| F|  |TAMS 0x00000000fe900000, 0x00000000fe900000| Untracked 
|  42|0x00000000fea00000, 0x00000000fea00000, 0x00000000feb00000|  0%| F|  |TAMS 0x00000000fea00000, 0x00000000fea00000| Untracked 
|  43|0x00000000feb00000, 0x00000000feb00000, 0x00000000fec00000|  0%| F|  |TAMS 0x00000000feb00000, 0x00000000feb00000| Untracked 
|  44|0x00000000fec00000, 0x00000000fec00000, 0x00000000fed00000|  0%| F|  |TAMS 0x00000000fec00000, 0x00000000fec00000| Untracked 
|  45|0x00000000fed00000, 0x00000000fed00000, 0x00000000fee00000|  0%| F|  |TAMS 0x00000000fed00000, 0x00000000fed00000| Untracked 
|  46|0x00000000fee00000, 0x00000000fee00000, 0x00000000fef00000|  0%| F|  |TAMS 0x00000000fee00000, 0x00000000fee00000| Untracked 
|  47|0x00000000fef00000, 0x00000000fef00000, 0x00000000ff000000|  0%| F|  |TAMS 0x00000000fef00000, 0x00000000fef00000| Untracked 
|  48|0x00000000ff000000, 0x00000000ff000000, 0x00000000ff100000|  0%| F|  |TAMS 0x00000000ff000000, 0x00000000ff000000| Untracked 
|  49|0x00000000ff100000, 0x00000000ff100000, 0x00000000ff200000|  0%| F|  |TAMS 0x00000000ff100000, 0x00000000ff100000| Untracked 
|  50|0x00000000ff200000, 0x00000000ff200000, 0x00000000ff300000|  0%| F|  |TAMS 0x00000000ff200000, 0x00000000ff200000| Untracked 
|  51|0x00000000ff300000, 0x00000000ff300000, 0x00000000ff400000|  0%| F|  |TAMS 0x00000000ff300000, 0x00000000ff300000| Untracked 
|  52|0x00000000ff400000, 0x00000000ff400000, 0x00000000ff500000|  0%| F|  |TAMS 0x00000000ff400000, 0x00000000ff400000| Untracked 
|  53|0x00000000ff500000, 0x00000000ff500000, 0x00000000ff600000|  0%| F|  |TAMS 0x00000000ff500000, 0x00000000ff500000| Untracked 
|  54|0x00000000ff600000, 0x00000000ff600000, 0x00000000ff700000|  0%| F|  |TAMS 0x00000000ff600000, 0x00000000ff600000| Untracked 
|  55|0x00000000ff700000, 0x00000000ff700000, 0x00000000ff800000|  0%| F|  |TAMS 0x00000000ff700000, 0x00000000ff700000| Untracked 
|  56|0x00000000ff800000, 0x00000000ff800000, 0x00000000ff900000|  0%| F|  |TAMS 0x00000000ff800000, 0x00000000ff800000| Untracked 
|  57|0x00000000ff900000, 0x00000000ff97e758, 0x00000000ffa00000| 49%| E|  |TAMS 0x00000000ff900000, 0x00000000ff900000| Complete 
|  58|0x00000000ffa00000, 0x00000000ffb00000, 0x00000000ffb00000|100%| E|CS|TAMS 0x00000000ffa00000, 0x00000000ffa00000| Complete 
|  59|0x00000000ffb00000, 0x00000000ffc00000, 0x00000000ffc00000|100%| E|CS|TAMS 0x00000000ffb00000, 0x00000000ffb00000| Complete 
|  60|0x00000000ffc00000, 0x00000000ffd00000, 0x00000000ffd00000|100%| E|CS|TAMS 0x00000000ffc00000, 0x00000000ffc00000| Complete 
|  61|0x00000000ffd00000, 0x00000000ffe00000, 0x00000000ffe00000|100%| E|CS|TAMS 0x00000000ffd00000, 0x00000000ffd00000| Complete 
|  62|0x00000000ffe00000, 0x00000000ffe48000, 0x00000000fff00000| 28%|OA|  |TAMS 0x00000000ffe00000, 0x00000000ffe00000| Untracked 
|  63|0x00000000fff00000, 0x00000000fff7a000, 0x0000000100000000| 47%|CA|  |TAMS 0x00000000fff00000, 0x00000000fff00000| Untracked 

Card table byte_map: [0x00007ff6d4aa4000,0x00007ff6d4ac4000] _byte_map_base: 0x00007ff6d42c4000

Marking Bits (Prev, Next): (CMBitMap*) 0x00007ff6d004a578, (CMBitMap*) 0x00007ff6d004a5b8
 Prev Bits: [0x00007ff6d4984000, 0x00007ff6d4a84000)
 Next Bits: [0x00007ff6d4884000, 0x00007ff6d4984000)

Polling page: 0x00007ff6d6bdc000

Metaspace:

Usage:
  Non-class:      4,79 MB capacity,     1,58 MB ( 33%) used,     3,21 MB ( 67%) free+waste,     2,81 KB ( <1%) overhead. 
      Class:    537,00 KB capacity,   220,28 KB ( 41%) used,   315,09 KB ( 59%) free+waste,     1,62 KB ( <1%) overhead. 
       Both:      5,32 MB capacity,     1,80 MB ( 34%) used,     3,52 MB ( 66%) free+waste,     4,44 KB ( <1%) overhead. 

Virtual space:
  Non-class space:        8,00 MB reserved,       5,00 MB ( 62%) committed 
      Class space:        1,00 GB reserved,     640,00 KB ( <1%) committed 
             Both:        1,01 GB reserved,       5,62 MB ( <1%) committed 

Chunk freelists:
   Non-Class:  20,00 KB
       Class:  27,00 KB
        Both:  47,00 KB

MaxMetaspaceSize: unlimited
CompressedClassSpaceSize: 1,00 GB

CodeHeap 'non-profiled nmethods': size=120032Kb used=96Kb max_used=96Kb free=119935Kb
 bounds [0x00007ff6c053a000, 0x00007ff6c07aa000, 0x00007ff6c7a72000]
CodeHeap 'profiled nmethods': size=120028Kb used=395Kb max_used=395Kb free=119632Kb
 bounds [0x00007ff6b9003000, 0x00007ff6b9273000, 0x00007ff6c053a000]
CodeHeap 'non-nmethods': size=5700Kb used=1136Kb max_used=1148Kb free=4563Kb
 bounds [0x00007ff6b8a72000, 0x00007ff6b8ce2000, 0x00007ff6b9003000]
 total_blobs=750 nmethods=299 adapters=277
 compilation: enabled
              stopped_count=0, restarted_count=0
 full_count=0

Compilation events (20 events):
Event: 0,077 Thread 0x00007ff6d00d9800  287       3       java.lang.invoke.DirectMethodHandle::internalMemberName (8 bytes)
Event: 0,077 Thread 0x00007ff6d00d9800 nmethod 287 0x00007ff6b905e890 code [0x00007ff6b905ea40, 0x00007ff6b905ec90]
Event: 0,079 Thread 0x00007ff6d00d9800  288       3       java.lang.reflect.Modifier::isStatic (13 bytes)
Event: 0,079 Thread 0x00007ff6d00d9800 nmethod 288 0x00007ff6b905ed90 code [0x00007ff6b905ef20, 0x00007ff6b905f0b0]
Event: 0,079 Thread 0x00007ff6d00d9800  289       3       java.lang.AbstractStringBuilder::append (77 bytes)
Event: 0,080 Thread 0x00007ff6d00d9800 nmethod 289 0x00007ff6b905f110 code [0x00007ff6b905f320, 0x00007ff6b905fa28]
Event: 0,080 Thread 0x00007ff6d00d9800  291       3       sun.invoke.util.VerifyAccess::isTypeVisible (118 bytes)
Event: 0,080 Thread 0x00007ff6d00d7800  293       4       java.util.concurrent.ConcurrentHashMap::tabAt (22 bytes)
Event: 0,080 Thread 0x00007ff6d00d7800 nmethod 293 0x00007ff6c0551990 code [0x00007ff6c0551b00, 0x00007ff6c0551b58]
Event: 0,080 Thread 0x00007ff6d00d9800 nmethod 291 0x00007ff6b905fc90 code [0x00007ff6b90600a0, 0x00007ff6b9062078]
Event: 0,081 Thread 0x00007ff6d00d9800  295       3       java.lang.Object::equals (11 bytes)
Event: 0,081 Thread 0x00007ff6d00d9800 nmethod 295 0x00007ff6b9062a10 code [0x00007ff6b9062ba0, 0x00007ff6b9062d70]
Event: 0,081 Thread 0x00007ff6d00d9800  296       1       sun.invoke.util.Wrapper::basicTypeChar (5 bytes)
Event: 0,081 Thread 0x00007ff6d00d9800 nmethod 296 0x00007ff6c0551f90 code [0x00007ff6c0552120, 0x00007ff6c0552250]
Event: 0,081 Thread 0x00007ff6d00d9800  297       3       java.util.zip.ZipFile$Source::getEntryPos (208 bytes)
Event: 0,082 Thread 0x00007ff6d00d9800 nmethod 297 0x00007ff6b9062e10 code [0x00007ff6b9063080, 0x00007ff6b9063ec8]
Event: 0,082 Thread 0x00007ff6d00d9800  299       3       java.lang.StringLatin1::indexOf (121 bytes)
Event: 0,082 Thread 0x00007ff6d00d9800 nmethod 299 0x00007ff6b9064510 code [0x00007ff6b90646e0, 0x00007ff6b9064c10]
Event: 0,082 Thread 0x00007ff6d00d9800  298       3       sun.net.www.ParseUtil::firstEncodeIndex (86 bytes)
Event: 0,082 Thread 0x00007ff6d00d9800 nmethod 298 0x00007ff6b9064e90 code [0x00007ff6b90650e0, 0x00007ff6b9065ae8]

GC Heap History (0 events):
No events

Deoptimization events (0 events):
No events

Classes unloaded (0 events):
No events

Classes redefined (0 events):
No events

Internal exceptions (0 events):
No events

Events (20 events):
Event: 0,084 loading class sun/reflect/generics/scope/ClassScope
Event: 0,084 loading class sun/reflect/generics/scope/Scope
Event: 0,084 loading class sun/reflect/generics/scope/Scope done
Event: 0,084 loading class sun/reflect/generics/scope/AbstractScope
Event: 0,084 loading class sun/reflect/generics/scope/AbstractScope done
Event: 0,084 loading class sun/reflect/generics/scope/ClassScope done
Event: 0,084 loading class sun/reflect/generics/factory/CoreReflectionFactory
Event: 0,084 loading class sun/reflect/generics/factory/GenericsFactory
Event: 0,084 loading class sun/reflect/generics/factory/GenericsFactory done
Event: 0,084 loading class sun/reflect/generics/factory/CoreReflectionFactory done
Event: 0,084 loading class sun/reflect/generics/visitor/Reifier
Event: 0,084 loading class sun/reflect/generics/visitor/TypeTreeVisitor
Event: 0,084 loading class sun/reflect/generics/visitor/TypeTreeVisitor done
Event: 0,084 loading class sun/reflect/generics/visitor/Reifier done
Event: 0,084 loading class java/lang/reflect/GenericArrayType
Event: 0,084 loading class java/lang/reflect/GenericArrayType done
Event: 0,084 loading class sun/reflect/annotation/AnnotationType
Event: 0,084 loading class sun/reflect/annotation/AnnotationType done
Event: 0,084 loading class sun/reflect/annotation/AnnotationType$1
Event: 0,084 loading class sun/reflect/annotation/AnnotationType$1 done


Dynamic libraries:
00400000-00401000 r-xp 00000000 103:03 132169                            /opt/jdk-13.0.1/bin/java
00401000-00402000 r--p 00000000 103:03 132169                            /opt/jdk-13.0.1/bin/java
00402000-00403000 rw-p 00001000 103:03 132169                            /opt/jdk-13.0.1/bin/java
01343000-01364000 rw-p 00000000 00:00 0                                  [heap]
fc000000-ffe00000 rw-p 00000000 00:00 0 
ffe00000-ffe48000 rw-p 00b66000 103:03 1967724                           /opt/jdk-13.0.1/lib/server/classes.jsa
ffe48000-fff00000 rw-p 00000000 00:00 0 
fff00000-fff7a000 rw-p 00aec000 103:03 1967724                           /opt/jdk-13.0.1/lib/server/classes.jsa
fff7a000-100000000 rw-p 00000000 00:00 0 
800000000-800003000 rwxp 00001000 103:03 1967724                         /opt/jdk-13.0.1/lib/server/classes.jsa
800003000-8003d7000 rw-p 00004000 103:03 1967724                         /opt/jdk-13.0.1/lib/server/classes.jsa
8003d7000-800aea000 r--p 003d8000 103:03 1967724                         /opt/jdk-13.0.1/lib/server/classes.jsa
800aea000-800aeb000 rw-p 00aeb000 103:03 1967724                         /opt/jdk-13.0.1/lib/server/classes.jsa
800aeb000-800b8b000 rw-p 00000000 00:00 0 
800b8b000-840aeb000 ---p 00000000 00:00 0 
7ff674000000-7ff674021000 rw-p 00000000 00:00 0 
7ff674021000-7ff678000000 ---p 00000000 00:00 0 
7ff678000000-7ff678021000 rw-p 00000000 00:00 0 
7ff678021000-7ff67c000000 ---p 00000000 00:00 0 
7ff67c000000-7ff67c021000 rw-p 00000000 00:00 0 
7ff67c021000-7ff680000000 ---p 00000000 00:00 0 
7ff680000000-7ff680021000 rw-p 00000000 00:00 0 
7ff680021000-7ff684000000 ---p 00000000 00:00 0 
7ff684000000-7ff684085000 rw-p 00000000 00:00 0 
7ff684085000-7ff688000000 ---p 00000000 00:00 0 
7ff688000000-7ff688021000 rw-p 00000000 00:00 0 
7ff688021000-7ff68c000000 ---p 00000000 00:00 0 
7ff68c000000-7ff68c021000 rw-p 00000000 00:00 0 
7ff68c021000-7ff690000000 ---p 00000000 00:00 0 
7ff690000000-7ff6900e7000 rw-p 00000000 00:00 0 
7ff6900e7000-7ff694000000 ---p 00000000 00:00 0 
7ff694000000-7ff694021000 rw-p 00000000 00:00 0 
7ff694021000-7ff698000000 ---p 00000000 00:00 0 
7ff698000000-7ff698021000 rw-p 00000000 00:00 0 
7ff698021000-7ff69c000000 ---p 00000000 00:00 0 
7ff69c000000-7ff69c021000 rw-p 00000000 00:00 0 
7ff69c021000-7ff6a0000000 ---p 00000000 00:00 0 
7ff6a0000000-7ff6a0021000 rw-p 00000000 00:00 0 
7ff6a0021000-7ff6a4000000 ---p 00000000 00:00 0 
7ff6a4000000-7ff6a4021000 rw-p 00000000 00:00 0 
7ff6a4021000-7ff6a8000000 ---p 00000000 00:00 0 
7ff6a87c0000-7ff6a8b8a000 rw-p 00000000 00:00 0 
7ff6a8b8a000-7ff6a8b8e000 ---p 00000000 00:00 0 
7ff6a8b8e000-7ff6a8c8a000 rw-p 00000000 00:00 0 
7ff6a8c8a000-7ff6a8c8e000 ---p 00000000 00:00 0 
7ff6a8c8e000-7ff6a8d8a000 rw-p 00000000 00:00 0 
7ff6a8d8a000-7ff6a8d8b000 ---p 00000000 00:00 0 
7ff6a8d8b000-7ff6a8e8c000 rw-p 00000000 00:00 0 
7ff6a8e8c000-7ff6a8e90000 ---p 00000000 00:00 0 
7ff6a8e90000-7ff6a8f8c000 rw-p 00000000 00:00 0 
7ff6a8f8c000-7ff6a8f90000 ---p 00000000 00:00 0 
7ff6a8f90000-7ff6a908c000 rw-p 00000000 00:00 0 
7ff6a908c000-7ff6a9090000 ---p 00000000 00:00 0 
7ff6a9090000-7ff6a918c000 rw-p 00000000 00:00 0 
7ff6a918c000-7ff6a9190000 ---p 00000000 00:00 0 
7ff6a9190000-7ff6a928c000 rw-p 00000000 00:00 0 
7ff6a928c000-7ff6a9800000 r--p 00000000 103:03 10623250                  /usr/lib/locale/locale-archive
7ff6a9800000-7ff6a9d00000 rw-p 00000000 00:00 0 
7ff6a9d00000-7ff6aa000000 ---p 00000000 00:00 0 
7ff6aa000000-7ff6ac000000 rw-p 00000000 00:00 0 
7ff6ac000000-7ff6ac021000 rw-p 00000000 00:00 0 
7ff6ac021000-7ff6b0000000 ---p 00000000 00:00 0 
7ff6b0000000-7ff6b0021000 rw-p 00000000 00:00 0 
7ff6b0021000-7ff6b4000000 ---p 00000000 00:00 0 
7ff6b4000000-7ff6b4021000 rw-p 00000000 00:00 0 
7ff6b4021000-7ff6b8000000 ---p 00000000 00:00 0 
7ff6b801b000-7ff6b804c000 rw-p 00000000 00:00 0 
7ff6b804c000-7ff6b8050000 ---p 00000000 00:00 0 
7ff6b8050000-7ff6b814c000 rw-p 00000000 00:00 0 
7ff6b814c000-7ff6b8150000 ---p 00000000 00:00 0 
7ff6b8150000-7ff6b824c000 rw-p 00000000 00:00 0 
7ff6b824c000-7ff6b8250000 ---p 00000000 00:00 0 
7ff6b8250000-7ff6b834c000 rw-p 00000000 00:00 0 
7ff6b834c000-7ff6b834d000 ---p 00000000 00:00 0 
7ff6b834d000-7ff6b856b000 rw-p 00000000 00:00 0 
7ff6b856b000-7ff6b856c000 ---p 00000000 00:00 0 
7ff6b856c000-7ff6b866d000 rw-p 00000000 00:00 0 
7ff6b866d000-7ff6b866e000 ---p 00000000 00:00 0 
7ff6b866e000-7ff6b8a72000 rw-p 00000000 00:00 0 
7ff6b8a72000-7ff6b8ce2000 rwxp 00000000 00:00 0 
7ff6b8ce2000-7ff6b9003000 ---p 00000000 00:00 0 
7ff6b9003000-7ff6b9273000 rwxp 00000000 00:00 0 
7ff6b9273000-7ff6c053a000 ---p 00000000 00:00 0 
7ff6c053a000-7ff6c07aa000 rwxp 00000000 00:00 0 
7ff6c07aa000-7ff6c7a72000 ---p 00000000 00:00 0 
7ff6c7a72000-7ff6d0000000 r--s 00000000 103:03 1967715                   /opt/jdk-13.0.1/lib/modules
7ff6d0000000-7ff6d01d6000 rw-p 00000000 00:00 0 
7ff6d01d6000-7ff6d4000000 ---p 00000000 00:00 0 
7ff6d4008000-7ff6d401d000 r-xp 00000000 103:03 1967704                   /opt/jdk-13.0.1/lib/libnet.so
7ff6d401d000-7ff6d401e000 r--p 00014000 103:03 1967704                   /opt/jdk-13.0.1/lib/libnet.so
7ff6d401e000-7ff6d401f000 rw-p 00015000 103:03 1967704                   /opt/jdk-13.0.1/lib/libnet.so
7ff6d401f000-7ff6d4030000 r-xp 00000000 103:03 1967705                   /opt/jdk-13.0.1/lib/libnio.so
7ff6d4030000-7ff6d4031000 r--p 00010000 103:03 1967705                   /opt/jdk-13.0.1/lib/libnio.so
7ff6d4031000-7ff6d4032000 rw-p 00011000 103:03 1967705                   /opt/jdk-13.0.1/lib/libnio.so
7ff6d4032000-7ff6d4579000 rw-p 00000000 00:00 0 
7ff6d4579000-7ff6d457a000 ---p 00000000 00:00 0 
7ff6d457a000-7ff6d467b000 rw-p 00000000 00:00 0 
7ff6d467b000-7ff6d467c000 ---p 00000000 00:00 0 
7ff6d467c000-7ff6d477d000 rw-p 00000000 00:00 0 
7ff6d477d000-7ff6d477e000 ---p 00000000 00:00 0 
7ff6d477e000-7ff6d4aa4000 rw-p 00000000 00:00 0 
7ff6d4aa4000-7ff6d52f1000 rw-p 00000000 00:00 0 
7ff6d52f1000-7ff6d53d7000 ---p 00000000 00:00 0 
7ff6d53d7000-7ff6d53dc000 rw-p 00000000 00:00 0 
7ff6d53dc000-7ff6d54c2000 ---p 00000000 00:00 0 
7ff6d54c2000-7ff6d54c7000 rw-p 00000000 00:00 0 
7ff6d54c7000-7ff6d54ce000 ---p 00000000 00:00 0 
7ff6d54ce000-7ff6d54e9000 r-xp 00000000 103:03 1967695                   /opt/jdk-13.0.1/lib/libjimage.so
7ff6d54e9000-7ff6d54ea000 ---p 0001b000 103:03 1967695                   /opt/jdk-13.0.1/lib/libjimage.so
7ff6d54ea000-7ff6d54ec000 r--p 0001b000 103:03 1967695                   /opt/jdk-13.0.1/lib/libjimage.so
7ff6d54ec000-7ff6d54ed000 rw-p 0001d000 103:03 1967695                   /opt/jdk-13.0.1/lib/libjimage.so
7ff6d54ed000-7ff6d54f4000 r-xp 00000000 103:03 1967714                   /opt/jdk-13.0.1/lib/libzip.so
7ff6d54f4000-7ff6d54f5000 r--p 00006000 103:03 1967714                   /opt/jdk-13.0.1/lib/libzip.so
7ff6d54f5000-7ff6d54f6000 rw-p 00007000 103:03 1967714                   /opt/jdk-13.0.1/lib/libzip.so
7ff6d54f6000-7ff6d54fe000 rw-s 00000000 103:03 23855630                  /tmp/hsperfdata_gabriel/94853
7ff6d54fe000-7ff6d5525000 r-xp 00000000 103:03 1967691                   /opt/jdk-13.0.1/lib/libjava.so
7ff6d5525000-7ff6d5526000 r--p 00026000 103:03 1967691                   /opt/jdk-13.0.1/lib/libjava.so
7ff6d5526000-7ff6d5528000 rw-p 00027000 103:03 1967691                   /opt/jdk-13.0.1/lib/libjava.so
7ff6d5528000-7ff6d5529000 r--p 00000000 103:03 10625141                  /usr/lib/x86_64-linux-gnu/librt.so.1
7ff6d5529000-7ff6d552a000 r-xp 00001000 103:03 10625141                  /usr/lib/x86_64-linux-gnu/librt.so.1
7ff6d552a000-7ff6d552b000 r--p 00002000 103:03 10625141                  /usr/lib/x86_64-linux-gnu/librt.so.1
7ff6d552b000-7ff6d552c000 r--p 00002000 103:03 10625141                  /usr/lib/x86_64-linux-gnu/librt.so.1
7ff6d552c000-7ff6d552d000 rw-p 00003000 103:03 10625141                  /usr/lib/x86_64-linux-gnu/librt.so.1
7ff6d552d000-7ff6d5531000 ---p 00000000 00:00 0 
7ff6d5531000-7ff6d562d000 rw-p 00000000 00:00 0 
7ff6d562d000-7ff6d563b000 r--p 00000000 103:03 10624776                  /usr/lib/x86_64-linux-gnu/libm.so.6
7ff6d563b000-7ff6d56b7000 r-xp 0000e000 103:03 10624776                  /usr/lib/x86_64-linux-gnu/libm.so.6
7ff6d56b7000-7ff6d5712000 r--p 0008a000 103:03 10624776                  /usr/lib/x86_64-linux-gnu/libm.so.6
7ff6d5712000-7ff6d5713000 r--p 000e4000 103:03 10624776                  /usr/lib/x86_64-linux-gnu/libm.so.6
7ff6d5713000-7ff6d5714000 rw-p 000e5000 103:03 10624776                  /usr/lib/x86_64-linux-gnu/libm.so.6
7ff6d5714000-7ff6d67f1000 r-xp 00000000 103:03 1967726                   /opt/jdk-13.0.1/lib/server/libjvm.so
7ff6d67f1000-7ff6d68b5000 r--p 010dc000 103:03 1967726                   /opt/jdk-13.0.1/lib/server/libjvm.so
7ff6d68b5000-7ff6d68ef000 rw-p 011a0000 103:03 1967726                   /opt/jdk-13.0.1/lib/server/libjvm.so
7ff6d68ef000-7ff6d6979000 rw-p 00000000 00:00 0 
7ff6d6979000-7ff6d69a1000 r--p 00000000 103:03 10624079                  /usr/lib/x86_64-linux-gnu/libc.so.6
7ff6d69a1000-7ff6d6b36000 r-xp 00028000 103:03 10624079                  /usr/lib/x86_64-linux-gnu/libc.so.6
7ff6d6b36000-7ff6d6b8e000 r--p 001bd000 103:03 10624079                  /usr/lib/x86_64-linux-gnu/libc.so.6
7ff6d6b8e000-7ff6d6b92000 r--p 00214000 103:03 10624079                  /usr/lib/x86_64-linux-gnu/libc.so.6
7ff6d6b92000-7ff6d6b94000 rw-p 00218000 103:03 10624079                  /usr/lib/x86_64-linux-gnu/libc.so.6
7ff6d6b94000-7ff6d6ba1000 rw-p 00000000 00:00 0 
7ff6d6ba1000-7ff6d6ba2000 r--p 00000000 103:03 10624243                  /usr/lib/x86_64-linux-gnu/libdl.so.2
7ff6d6ba2000-7ff6d6ba3000 r-xp 00001000 103:03 10624243                  /usr/lib/x86_64-linux-gnu/libdl.so.2
7ff6d6ba3000-7ff6d6ba4000 r--p 00002000 103:03 10624243                  /usr/lib/x86_64-linux-gnu/libdl.so.2
7ff6d6ba4000-7ff6d6ba5000 r--p 00002000 103:03 10624243                  /usr/lib/x86_64-linux-gnu/libdl.so.2
7ff6d6ba5000-7ff6d6ba6000 rw-p 00003000 103:03 10624243                  /usr/lib/x86_64-linux-gnu/libdl.so.2
7ff6d6ba6000-7ff6d6ba7000 r--p 00000000 103:03 10625085                  /usr/lib/x86_64-linux-gnu/libpthread.so.0
7ff6d6ba7000-7ff6d6ba8000 r-xp 00001000 103:03 10625085                  /usr/lib/x86_64-linux-gnu/libpthread.so.0
7ff6d6ba8000-7ff6d6ba9000 r--p 00002000 103:03 10625085                  /usr/lib/x86_64-linux-gnu/libpthread.so.0
7ff6d6ba9000-7ff6d6baa000 r--p 00002000 103:03 10625085                  /usr/lib/x86_64-linux-gnu/libpthread.so.0
7ff6d6baa000-7ff6d6bab000 rw-p 00003000 103:03 10625085                  /usr/lib/x86_64-linux-gnu/libpthread.so.0
7ff6d6bab000-7ff6d6bba000 r-xp 00000000 103:03 1967696                   /opt/jdk-13.0.1/lib/libjli.so
7ff6d6bba000-7ff6d6bbb000 r--p 0000e000 103:03 1967696                   /opt/jdk-13.0.1/lib/libjli.so
7ff6d6bbb000-7ff6d6bbc000 rw-p 0000f000 103:03 1967696                   /opt/jdk-13.0.1/lib/libjli.so
7ff6d6bbc000-7ff6d6bbe000 r--p 00000000 103:03 10625550                  /usr/lib/x86_64-linux-gnu/libz.so.1.2.11
7ff6d6bbe000-7ff6d6bcf000 r-xp 00002000 103:03 10625550                  /usr/lib/x86_64-linux-gnu/libz.so.1.2.11
7ff6d6bcf000-7ff6d6bd5000 r--p 00013000 103:03 10625550                  /usr/lib/x86_64-linux-gnu/libz.so.1.2.11
7ff6d6bd5000-7ff6d6bd6000 ---p 00019000 103:03 10625550                  /usr/lib/x86_64-linux-gnu/libz.so.1.2.11
7ff6d6bd6000-7ff6d6bd7000 r--p 00019000 103:03 10625550                  /usr/lib/x86_64-linux-gnu/libz.so.1.2.11
7ff6d6bd7000-7ff6d6bd8000 rw-p 0001a000 103:03 10625550                  /usr/lib/x86_64-linux-gnu/libz.so.1.2.11
7ff6d6bdc000-7ff6d6bdd000 ---p 00000000 00:00 0 
7ff6d6bdd000-7ff6d6bde000 r--p 00000000 00:00 0 
7ff6d6bde000-7ff6d6beb000 r-xp 00000000 103:03 1967713                   /opt/jdk-13.0.1/lib/libverify.so
7ff6d6beb000-7ff6d6bed000 r--p 0000c000 103:03 1967713                   /opt/jdk-13.0.1/lib/libverify.so
7ff6d6bed000-7ff6d6bee000 rw-p 0000e000 103:03 1967713                   /opt/jdk-13.0.1/lib/libverify.so
7ff6d6bee000-7ff6d6bf0000 rw-p 00000000 00:00 0 
7ff6d6bf0000-7ff6d6bf2000 r--p 00000000 103:03 10623688                  /usr/lib/x86_64-linux-gnu/ld-linux-x86-64.so.2
7ff6d6bf2000-7ff6d6c1c000 r-xp 00002000 103:03 10623688                  /usr/lib/x86_64-linux-gnu/ld-linux-x86-64.so.2
7ff6d6c1c000-7ff6d6c27000 r--p 0002c000 103:03 10623688                  /usr/lib/x86_64-linux-gnu/ld-linux-x86-64.so.2
7ff6d6c27000-7ff6d6c28000 ---p 00000000 00:00 0 
7ff6d6c28000-7ff6d6c2a000 r--p 00037000 103:03 10623688                  /usr/lib/x86_64-linux-gnu/ld-linux-x86-64.so.2
7ff6d6c2a000-7ff6d6c2c000 rw-p 00039000 103:03 10623688                  /usr/lib/x86_64-linux-gnu/ld-linux-x86-64.so.2
7ffd8634e000-7ffd8636f000 rw-p 00000000 00:00 0                          [stack]
7ffd863c1000-7ffd863c5000 r--p 00000000 00:00 0                          [vvar]
7ffd863c5000-7ffd863c7000 r-xp 00000000 00:00 0                          [vdso]
ffffffffff600000-ffffffffff601000 --xp 00000000 00:00 0                  [vsyscall]


VM Arguments:
jvm_args: -XX:+ExitOnOutOfMemoryError -XX:+HeapDumpOnOutOfMemoryError -XX:HeapDumpPath=/home/gabriel/.config/Code/User/globalStorage/redhat.vscode-xml -Xmx64M 
java_command: org.eclipse.lemminx.XMLServerLauncher
java_class_path (initial): /home/gabriel/.vscode/extensions/redhat.vscode-xml-0.26.1-linux-x64/server/org.eclipse.lemminx-0.26.1-uber.jar
Launcher Type: SUN_STANDARD

[Global flags]
     intx CICompilerCount                          = 4                                         {product} {ergonomic}
     uint ConcGCThreads                            = 2                                         {product} {ergonomic}
     bool ExitOnOutOfMemoryError                   = true                                      {product} {command line}
     uint G1ConcRefinementThreads                  = 8                                         {product} {ergonomic}
   size_t G1HeapRegionSize                         = 1048576                                   {product} {ergonomic}
    uintx GCDrainStackTargetSize                   = 64                                        {product} {ergonomic}
     bool HeapDumpOnOutOfMemoryError               = true                                   {manageable} {command line}
    ccstr HeapDumpPath                             = /home/gabriel/.config/Code/User/globalStorage/redhat.vscode-xml         {manageable} {command line}
   size_t InitialHeapSize                          = 67108864                                  {product} {ergonomic}
   size_t MarkStackSize                            = 4194304                                   {product} {ergonomic}
   size_t MaxHeapSize                              = 67108864                                  {product} {command line}
   size_t MaxNewSize                               = 39845888                                  {product} {ergonomic}
   size_t MinHeapDeltaBytes                        = 1048576                                   {product} {ergonomic}
   size_t MinHeapSize                              = 8388608                                   {product} {ergonomic}
    uintx NonNMethodCodeHeapSize                   = 5836300                                {pd product} {ergonomic}
    uintx NonProfiledCodeHeapSize                  = 122910970                              {pd product} {ergonomic}
    uintx ProfiledCodeHeapSize                     = 122910970                              {pd product} {ergonomic}
    uintx ReservedCodeCacheSize                    = 251658240                              {pd product} {ergonomic}
     bool SegmentedCodeCache                       = true                                      {product} {ergonomic}
   size_t SoftMaxHeapSize                          = 67108864                               {manageable} {ergonomic}
     bool UseCompressedClassPointers               = true                                 {lp64_product} {ergonomic}
     bool UseCompressedOops                        = true                                 {lp64_product} {ergonomic}
     bool UseG1GC                                  = true                                      {product} {ergonomic}

Logging:
Log output configuration:
 #0: stdout all=warning uptime,level,tags
 #1: stderr all=off uptime,level,tags

Environment Variables:
JAVA_HOME=/opt/jdk-13.0.1
PATH=/opt/apache-maven-3.6.3/bin:/opt/jdk-13.0.1/bin:/home/gabriel/.nvm/versions/node/v18.10.0/bin:/usr/lib/jvm/java-1.11.0-openjdk-amd64/bin:/opt/apache-maven-3.6.3/bin:/opt/jdk-13.0.1/bin:/usr/lib/jvm/java-1.11.0-openjdk-amd64/bin:/usr/local/sbin:/usr/local/bin:/usr/sbin:/usr/bin:/sbin:/bin:/usr/games:/usr/local/games:/snap/bin
SHELL=/bin/bash
DISPLAY=:0

Signal Handlers:
SIGSEGV: [libjvm.so+0xdd2e90], sa_mask[0]=11111111011111111101111111111110, sa_flags=SA_RESTART|SA_SIGINFO
SIGBUS: [libjvm.so+0xdd2e90], sa_mask[0]=11111111011111111101111111111110, sa_flags=SA_RESTART|SA_SIGINFO
SIGFPE: [libjvm.so+0xdd2e90], sa_mask[0]=11111111011111111101111111111110, sa_flags=SA_RESTART|SA_SIGINFO
SIGPIPE: [libjvm.so+0xbb2440], sa_mask[0]=11111111011111111101111111111110, sa_flags=SA_RESTART|SA_SIGINFO
SIGXFSZ: [libjvm.so+0xbb2440], sa_mask[0]=11111111011111111101111111111110, sa_flags=SA_RESTART|SA_SIGINFO
SIGILL: [libjvm.so+0xdd2e90], sa_mask[0]=11111111011111111101111111111110, sa_flags=SA_RESTART|SA_SIGINFO
SIGUSR2: [libjvm.so+0xbb22d0], sa_mask[0]=00000000000000000000000000000000, sa_flags=SA_RESTART|SA_SIGINFO
SIGHUP: [libjvm.so+0xbb2a40], sa_mask[0]=11111111011111111101111111111110, sa_flags=SA_RESTART|SA_SIGINFO
SIGINT: [libjvm.so+0xbb2a40], sa_mask[0]=11111111011111111101111111111110, sa_flags=SA_RESTART|SA_SIGINFO
SIGTERM: [libjvm.so+0xbb2a40], sa_mask[0]=11111111011111111101111111111110, sa_flags=SA_RESTART|SA_SIGINFO
SIGQUIT: [libjvm.so+0xbb2a40], sa_mask[0]=11111111011111111101111111111110, sa_flags=SA_RESTART|SA_SIGINFO


---------------  S Y S T E M  ---------------

OS:DISTRIB_ID=LinuxMint
DISTRIB_RELEASE=21.1
DISTRIB_CODENAME=vera
DISTRIB_DESCRIPTION="Linux Mint 21.1 Vera"
uname:Linux 5.15.0-56-generic #62-Ubuntu SMP Tue Nov 22 19:54:14 UTC 2022 x86_64
libc:glibc 2.35 NPTL 2.35 
rlimit: STACK 8192k, CORE 0k, NPROC 94811, NOFILE 1048576, AS infinity, DATA infinity, FSIZE infinity
load average:4,15 2,19 2,06

/proc/meminfo:
MemTotal:       24397024 kB
MemFree:         8564884 kB
MemAvailable:   15048212 kB
Buffers:          786100 kB
Cached:          6645900 kB
SwapCached:            0 kB
Active:          2650748 kB
Inactive:       11301052 kB
Active(anon):       4424 kB
Inactive(anon):  7579312 kB
Active(file):    2646324 kB
Inactive(file):  3721740 kB
Unevictable:      775624 kB
Mlocked:              80 kB
SwapTotal:       2097148 kB
SwapFree:        2097148 kB
Dirty:              1308 kB
Writeback:             0 kB
AnonPages:       7295020 kB
Mapped:           996676 kB
Shmem:           1063936 kB
KReclaimable:     521616 kB
Slab:             709740 kB
SReclaimable:     521616 kB
SUnreclaim:       188124 kB
KernelStack:       28504 kB
PageTables:       107292 kB
NFS_Unstable:          0 kB
Bounce:                0 kB
WritebackTmp:          0 kB
CommitLimit:    14295660 kB
Committed_AS:   22956668 kB
VmallocTotal:   34359738367 kB
VmallocUsed:      102932 kB
VmallocChunk:          0 kB
Percpu:             7712 kB
HardwareCorrupted:     0 kB
AnonHugePages:         0 kB
ShmemHugePages:        0 kB
ShmemPmdMapped:        0 kB
FileHugePages:         0 kB
FilePmdMapped:         0 kB
HugePages_Total:       0
HugePages_Free:        0
HugePages_Rsvd:        0
HugePages_Surp:        0
Hugepagesize:       2048 kB
Hugetlb:               0 kB
DirectMap4k:      573120 kB
DirectMap2M:    15982592 kB
DirectMap1G:     8388608 kB


/proc/sys/kernel/threads-max (system-wide limit on the number of threads):
189623


/proc/sys/vm/max_map_count (maximum number of memory map areas a process may have):
65530


/proc/sys/kernel/pid_max (system-wide limit on number of process identifiers):
4194304



Steal ticks since vm start: 0
Steal ticks percentage since vm start:  0,000

CPU:total 8 (initial active 8) (4 cores per cpu, 2 threads per core) family 6 model 140 stepping 1, cmov, cx8, fxsr, mmx, sse, sse2, sse3, ssse3, sse4.1, sse4.2, popcnt, avx, avx2, aes, clmul, erms, 3dnowpref, lzcnt, ht, tsc, tscinvbit, bmi1, bmi2, adx, evex, sha, fma
CPU Model and flags from /proc/cpuinfo:
model name	: 11th Gen Intel(R) Core(TM) i5-11300H @ 3.10GHz
flags		: fpu vme de pse tsc msr pae mce cx8 apic sep mtrr pge mca cmov pat pse36 clflush dts acpi mmx fxsr sse sse2 ss ht tm pbe syscall nx pdpe1gb rdtscp lm constant_tsc art arch_perfmon pebs bts rep_good nopl xtopology nonstop_tsc cpuid aperfmperf tsc_known_freq pni pclmulqdq dtes64 monitor ds_cpl vmx est tm2 ssse3 sdbg fma cx16 xtpr pdcm pcid sse4_1 sse4_2 x2apic movbe popcnt tsc_deadline_timer aes xsave avx f16c rdrand lahf_lm abm 3dnowprefetch cpuid_fault epb cat_l2 invpcid_single cdp_l2 ssbd ibrs ibpb stibp ibrs_enhanced tpr_shadow vnmi flexpriority ept vpid ept_ad fsgsbase tsc_adjust bmi1 avx2 smep bmi2 erms invpcid rdt_a avx512f avx512dq rdseed adx smap avx512ifma clflushopt clwb intel_pt avx512cd sha_ni avx512bw avx512vl xsaveopt xsavec xgetbv1 xsaves split_lock_detect dtherm ida arat pln pts hwp hwp_notify hwp_act_window hwp_epp hwp_pkg_req avx512vbmi umip pku ospke avx512_vbmi2 gfni vaes vpclmulqdq avx512_vnni avx512_bitalg avx512_vpopcntdq rdpid movdiri movdir64b fsrm avx512_vp2intersect md_clear flush_l1d arch_capabilities

Memory: 4k page, physical 24397024k(8564632k free), swap 2097148k(2097148k free)

vm_info: OpenJDK 64-Bit Server VM (13.0.1+9) for linux-amd64 JRE (13.0.1+9), built on Oct  6 2019 11:40:23 by "mach5one" with gcc 8.2.0

END.
